#
# There is insufficient memory for the Java Runtime Environment to continue.
# Native memory allocation (mmap) failed to map 146800640 bytes for committing reserved memory.
# Possible reasons:
#   The system is out of physical RAM or swap space
#   In 32 bit mode, the process size limit was hit
# Possible solutions:
#   Reduce memory load on the system
#   Increase physical memory or swap space
#   Check if swap backing store is full
#   Use 64 bit Java on a 64 bit OS
#   Decrease Java heap size (-Xmx/-Xms)
#   Decrease number of Java threads
#   Decrease Java thread stack sizes (-Xss)
#   Set larger code cache with -XX:ReservedCodeCacheSize=
# This output file may be truncated or incomplete.
#
#  Out of Memory Error (os_linux.cpp:2627), pid=11056, tid=0x00007ffa4b9f9700
#
# JRE version: Java(TM) SE Runtime Environment (8.0_101-b13) (build 1.8.0_101-b13)
# Java VM: Java HotSpot(TM) 64-Bit Server VM (25.101-b13 mixed mode linux-amd64 compressed oops)
# Failed to write core dump. Core dumps have been disabled. To enable core dumping, try "ulimit -c unlimited" before starting Java again
#

---------------  T H R E A D  ---------------

Current thread (0x00007ffa64078000):  VMThread [stack: 0x00007ffa4b8f9000,0x00007ffa4b9fa000] [id=11065]

Stack: [0x00007ffa4b8f9000,0x00007ffa4b9fa000],  sp=0x00007ffa4b9f8120,  free space=1020k
Native frames: (J=compiled Java code, j=interpreted, Vv=VM code, C=native code)
V  [libjvm.so+0xac3f0a]  VMError::report_and_die()+0x2ba
V  [libjvm.so+0x4fbf9b]  report_vm_out_of_memory(char const*, int, unsigned long, VMErrorType, char const*)+0x8b
V  [libjvm.so+0x9222d3]  os::Linux::commit_memory_impl(char*, unsigned long, bool)+0x103
V  [libjvm.so+0x922829]  os::pd_commit_memory(char*, unsigned long, unsigned long, bool)+0x29
V  [libjvm.so+0x91cb2a]  os::commit_memory(char*, unsigned long, unsigned long, bool)+0x2a
V  [libjvm.so+0x991053]  PSVirtualSpace::expand_by(unsigned long)+0x53
V  [libjvm.so+0x992458]  PSYoungGen::resize_generation(unsigned long, unsigned long)+0xf8
V  [libjvm.so+0x9915b2]  PSYoungGen::resize(unsigned long, unsigned long)+0x22
V  [libjvm.so+0x98e88b]  PSScavenge::invoke_no_policy()+0xf3b
V  [libjvm.so+0x98f011]  PSScavenge::invoke()+0x41
V  [libjvm.so+0x945fc0]  ParallelScavengeHeap::failed_mem_allocate(unsigned long)+0x70
V  [libjvm.so+0xac5927]  VM_ParallelGCFailedAllocation::doit()+0x97
V  [libjvm.so+0xacd405]  VM_Operation::evaluate()+0x55
V  [libjvm.so+0xacb7da]  VMThread::evaluate_operation(VM_Operation*)+0xba
V  [libjvm.so+0xacbb5e]  VMThread::loop()+0x1ce
V  [libjvm.so+0xacbfd0]  VMThread::run()+0x70
V  [libjvm.so+0x924698]  java_start(Thread*)+0x108

VM_Operation (0x00007ffa4a52d8a0): ParallelGCFailedAllocation, mode: safepoint, requested by thread 0x00007ffa6413f800


---------------  P R O C E S S  ---------------

Java Threads: ( => current thread )
  0x00007ffa64142800 JavaThread "pool-1-thread-4" [_thread_blocked, id=11078, stack(0x00007ffa4a22d000,0x00007ffa4a32e000)]
  0x00007ffa64141000 JavaThread "pool-1-thread-3" [_thread_blocked, id=11077, stack(0x00007ffa4a32e000,0x00007ffa4a42f000)]
  0x00007ffa6413f800 JavaThread "pool-1-thread-2" [_thread_blocked, id=11076, stack(0x00007ffa4a42f000,0x00007ffa4a530000)]
  0x00007ffa6413e800 JavaThread "pool-2-thread-1" [_thread_blocked, id=11075, stack(0x00007ffa4a530000,0x00007ffa4a631000)]
  0x00007ffa6413c800 JavaThread "pool-1-thread-1" [_thread_blocked, id=11074, stack(0x00007ffa4a631000,0x00007ffa4a732000)]
  0x00007ffa640c0000 JavaThread "Service Thread" daemon [_thread_blocked, id=11072, stack(0x00007ffa4a833000,0x00007ffa4a934000)]
  0x00007ffa640bd000 JavaThread "C1 CompilerThread2" daemon [_thread_blocked, id=11071, stack(0x00007ffa4a934000,0x00007ffa4aa35000)]
  0x00007ffa640bb800 JavaThread "C2 CompilerThread1" daemon [_thread_blocked, id=11070, stack(0x00007ffa4aa35000,0x00007ffa4ab36000)]
  0x00007ffa640b8800 JavaThread "C2 CompilerThread0" daemon [_thread_in_native, id=11069, stack(0x00007ffa4ab36000,0x00007ffa4ac37000)]
  0x00007ffa640b7000 JavaThread "Signal Dispatcher" daemon [_thread_blocked, id=11068, stack(0x00007ffa4ac37000,0x00007ffa4ad38000)]
  0x00007ffa64084000 JavaThread "Finalizer" daemon [_thread_blocked, id=11067, stack(0x00007ffa4b6f7000,0x00007ffa4b7f8000)]
  0x00007ffa6407f800 JavaThread "Reference Handler" daemon [_thread_blocked, id=11066, stack(0x00007ffa4b7f8000,0x00007ffa4b8f9000)]
  0x00007ffa6400a000 JavaThread "main" [_thread_blocked, id=11058, stack(0x00007ffa6a01c000,0x00007ffa6a11d000)]

Other Threads:
=>0x00007ffa64078000 VMThread [stack: 0x00007ffa4b8f9000,0x00007ffa4b9fa000] [id=11065]
  0x00007ffa640c3000 WatcherThread [stack: 0x00007ffa4a732000,0x00007ffa4a833000] [id=11073]

VM state:at safepoint (normal execution)

VM Mutex/Monitor currently owned by a thread:  ([mutex/lock_event])
[0x00007ffa64006550] Threads_lock - owner thread: 0x00007ffa64078000
[0x00007ffa64006a50] Heap_lock - owner thread: 0x00007ffa6413f800

Heap:
 PSYoungGen      total 140800K, used 17390K [0x00000000eab00000, 0x00000000f4900000, 0x0000000100000000)
  eden space 123392K, 0% used [0x00000000eab00000,0x00000000eab00000,0x00000000f2380000)
  from space 17408K, 99% used [0x00000000f2380000,0x00000000f347b830,0x00000000f3480000)
  to   space 13824K, 0% used [0x00000000f3480000,0x00000000f3480000,0x00000000f4200000)
 ParOldGen       total 42496K, used 40284K [0x00000000c0000000, 0x00000000c2980000, 0x00000000eab00000)
  object space 42496K, 94% used [0x00000000c0000000,0x00000000c2757040,0x00000000c2980000)
 Metaspace       used 6336K, capacity 7192K, committed 7424K, reserved 1056768K
  class space    used 611K, capacity 656K, committed 768K, reserved 1048576K

Card table byte_map: [0x00007ffa53ba9000,0x00007ffa53daa000] byte_map_base: 0x00007ffa535a9000

Marking Bits: (ParMarkBitMap*) 0x00007ffa694e8120
 Begin Bits: [0x00007ffa5164f000, 0x00007ffa5264f000)
 End Bits:   [0x00007ffa5264f000, 0x00007ffa5364f000)

Polling page: 0x00007ffa6a137000

CodeCache: size=245760Kb used=6501Kb max_used=6501Kb free=239258Kb
 bounds [0x00007ffa5416a000, 0x00007ffa547ca000, 0x00007ffa6316a000]
 total_blobs=2058 nmethods=1791 adapters=181
 compilation: enabled

Compilation events (10 events):
Event: 10.582 Thread 0x00007ffa640bd000 2036       2       java.util.concurrent.ArrayBlockingQueue::enqueue (53 bytes)
Event: 10.582 Thread 0x00007ffa640bd000 nmethod 2036 0x00007ffa547c4890 code [0x00007ffa547c4a20, 0x00007ffa547c4d68]
Event: 10.582 Thread 0x00007ffa640bd000 2037       2       com.android.dx.cf.code.Ropper::labelToBlock (52 bytes)
Event: 10.584 Thread 0x00007ffa640bd000 nmethod 2037 0x00007ffa547c4fd0 code [0x00007ffa547c51c0, 0x00007ffa547c5758]
Event: 10.593 Thread 0x00007ffa640bd000 2038       2       com.android.dx.ssa.InterferenceRegisterMapper::areAnyPinned (81 bytes)
Event: 10.595 Thread 0x00007ffa640bd000 nmethod 2038 0x00007ffa547c5c10 code [0x00007ffa547c5dc0, 0x00007ffa547c6118]
Event: 10.595 Thread 0x00007ffa640bd000 2039       2       java.lang.Integer::bitCount (49 bytes)
Event: 10.595 Thread 0x00007ffa640bd000 nmethod 2039 0x00007ffa547c6490 code [0x00007ffa547c65e0, 0x00007ffa547c6750]
Event: 10.631 Thread 0x00007ffa640bd000 2040   !   2       com.android.dx.cf.code.ExecutionStack::change (116 bytes)
Event: 10.633 Thread 0x00007ffa640bd000 nmethod 2040 0x00007ffa547c67d0 code [0x00007ffa547c6a60, 0x00007ffa547c74d8]

GC Heap History (10 events):
Event: 3.240 GC heap after
Heap after GC invocations=2 (full 0):
 PSYoungGen      total 34304K, used 2544K [0x00000000eab00000, 0x00000000ecf00000, 0x0000000100000000)
  eden space 31744K, 0% used [0x00000000eab00000,0x00000000eab00000,0x00000000eca00000)
  from space 2560K, 99% used [0x00000000ecc80000,0x00000000ecefc028,0x00000000ecf00000)
  to   space 2560K, 0% used [0x00000000eca00000,0x00000000eca00000,0x00000000ecc80000)
 ParOldGen       total 42496K, used 1994K [0x00000000c0000000, 0x00000000c2980000, 0x00000000eab00000)
  object space 42496K, 4% used [0x00000000c0000000,0x00000000c01f2ab0,0x00000000c2980000)
 Metaspace       used 5782K, capacity 6768K, committed 7040K, reserved 1056768K
  class space    used 590K, capacity 616K, committed 640K, reserved 1048576K
}
Event: 4.296 GC heap before
{Heap before GC invocations=3 (full 0):
 PSYoungGen      total 34304K, used 34288K [0x00000000eab00000, 0x00000000ecf00000, 0x0000000100000000)
  eden space 31744K, 100% used [0x00000000eab00000,0x00000000eca00000,0x00000000eca00000)
  from space 2560K, 99% used [0x00000000ecc80000,0x00000000ecefc028,0x00000000ecf00000)
  to   space 2560K, 0% used [0x00000000eca00000,0x00000000eca00000,0x00000000ecc80000)
 ParOldGen       total 42496K, used 1994K [0x00000000c0000000, 0x00000000c2980000, 0x00000000eab00000)
  object space 42496K, 4% used [0x00000000c0000000,0x00000000c01f2ab0,0x00000000c2980000)
 Metaspace       used 5916K, capacity 6896K, committed 7040K, reserved 1056768K
  class space    used 590K, capacity 616K, committed 640K, reserved 1048576K
Event: 4.363 GC heap after
Heap after GC invocations=3 (full 0):
 PSYoungGen      total 34304K, used 2544K [0x00000000eab00000, 0x00000000eee00000, 0x0000000100000000)
  eden space 31744K, 0% used [0x00000000eab00000,0x00000000eab00000,0x00000000eca00000)
  from space 2560K, 99% used [0x00000000eca00000,0x00000000ecc7c020,0x00000000ecc80000)
  to   space 2560K, 0% used [0x00000000eeb80000,0x00000000eeb80000,0x00000000eee00000)
 ParOldGen       total 42496K, used 7207K [0x00000000c0000000, 0x00000000c2980000, 0x00000000eab00000)
  object space 42496K, 16% used [0x00000000c0000000,0x00000000c0709dc0,0x00000000c2980000)
 Metaspace       used 5916K, capacity 6896K, committed 7040K, reserved 1056768K
  class space    used 590K, capacity 616K, committed 640K, reserved 1048576K
}
Event: 5.059 GC heap before
{Heap before GC invocations=4 (full 0):
 PSYoungGen      total 34304K, used 34288K [0x00000000eab00000, 0x00000000eee00000, 0x0000000100000000)
  eden space 31744K, 100% used [0x00000000eab00000,0x00000000eca00000,0x00000000eca00000)
  from space 2560K, 99% used [0x00000000eca00000,0x00000000ecc7c020,0x00000000ecc80000)
  to   space 2560K, 0% used [0x00000000eeb80000,0x00000000eeb80000,0x00000000eee00000)
 ParOldGen       total 42496K, used 7207K [0x00000000c0000000, 0x00000000c2980000, 0x00000000eab00000)
  object space 42496K, 16% used [0x00000000c0000000,0x00000000c0709dc0,0x00000000c2980000)
 Metaspace       used 5949K, capacity 6896K, committed 7040K, reserved 1056768K
  class space    used 590K, capacity 616K, committed 640K, reserved 1048576K
Event: 5.102 GC heap after
Heap after GC invocations=4 (full 0):
 PSYoungGen      total 66048K, used 2528K [0x00000000eab00000, 0x00000000eee00000, 0x0000000100000000)
  eden space 63488K, 0% used [0x00000000eab00000,0x00000000eab00000,0x00000000ee900000)
  from space 2560K, 98% used [0x00000000eeb80000,0x00000000eedf8030,0x00000000eee00000)
  to   space 2560K, 0% used [0x00000000ee900000,0x00000000ee900000,0x00000000eeb80000)
 ParOldGen       total 42496K, used 12032K [0x00000000c0000000, 0x00000000c2980000, 0x00000000eab00000)
  object space 42496K, 28% used [0x00000000c0000000,0x00000000c0bc0278,0x00000000c2980000)
 Metaspace       used 5949K, capacity 6896K, committed 7040K, reserved 1056768K
  class space    used 590K, capacity 616K, committed 640K, reserved 1048576K
}
Event: 6.810 GC heap before
{Heap before GC invocations=5 (full 0):
 PSYoungGen      total 66048K, used 66016K [0x00000000eab00000, 0x00000000eee00000, 0x0000000100000000)
  eden space 63488K, 100% used [0x00000000eab00000,0x00000000ee900000,0x00000000ee900000)
  from space 2560K, 98% used [0x00000000eeb80000,0x00000000eedf8030,0x00000000eee00000)
  to   space 2560K, 0% used [0x00000000ee900000,0x00000000ee900000,0x00000000eeb80000)
 ParOldGen       total 42496K, used 12032K [0x00000000c0000000, 0x00000000c2980000, 0x00000000eab00000)
  object space 42496K, 28% used [0x00000000c0000000,0x00000000c0bc0278,0x00000000c2980000)
 Metaspace       used 6038K, capacity 7024K, committed 7296K, reserved 1056768K
  class space    used 591K, capacity 616K, committed 640K, reserved 1048576K
Event: 6.921 GC heap after
Heap after GC invocations=5 (full 0):
 PSYoungGen      total 66048K, used 2550K [0x00000000eab00000, 0x00000000f4200000, 0x0000000100000000)
  eden space 63488K, 0% used [0x00000000eab00000,0x00000000eab00000,0x00000000ee900000)
  from space 2560K, 99% used [0x00000000ee900000,0x00000000eeb7d898,0x00000000eeb80000)
  to   space 13824K, 0% used [0x00000000f3480000,0x00000000f3480000,0x00000000f4200000)
 ParOldGen       total 42496K, used 22319K [0x00000000c0000000, 0x00000000c2980000, 0x00000000eab00000)
  object space 42496K, 52% used [0x00000000c0000000,0x00000000c15cbe60,0x00000000c2980000)
 Metaspace       used 6038K, capacity 7024K, committed 7296K, reserved 1056768K
  class space    used 591K, capacity 616K, committed 640K, reserved 1048576K
}
Event: 7.861 GC heap before
{Heap before GC invocations=6 (full 0):
 PSYoungGen      total 66048K, used 66038K [0x00000000eab00000, 0x00000000f4200000, 0x0000000100000000)
  eden space 63488K, 100% used [0x00000000eab00000,0x00000000ee900000,0x00000000ee900000)
  from space 2560K, 99% used [0x00000000ee900000,0x00000000eeb7d898,0x00000000eeb80000)
  to   space 13824K, 0% used [0x00000000f3480000,0x00000000f3480000,0x00000000f4200000)
 ParOldGen       total 42496K, used 22319K [0x00000000c0000000, 0x00000000c2980000, 0x00000000eab00000)
  object space 42496K, 52% used [0x00000000c0000000,0x00000000c15cbe60,0x00000000c2980000)
 Metaspace       used 6218K, capacity 7128K, committed 7424K, reserved 1056768K
  class space    used 611K, capacity 656K, committed 768K, reserved 1048576K
Event: 8.023 GC heap after
Heap after GC invocations=6 (full 0):
 PSYoungGen      total 137216K, used 13796K [0x00000000eab00000, 0x00000000f4900000, 0x0000000100000000)
  eden space 123392K, 0% used [0x00000000eab00000,0x00000000eab00000,0x00000000f2380000)
  from space 13824K, 99% used [0x00000000f3480000,0x00000000f41f91f0,0x00000000f4200000)
  to   space 17408K, 0% used [0x00000000f2380000,0x00000000f2380000,0x00000000f3480000)
 ParOldGen       total 42496K, used 23473K [0x00000000c0000000, 0x00000000c2980000, 0x00000000eab00000)
  object space 42496K, 55% used [0x00000000c0000000,0x00000000c16ec408,0x00000000c2980000)
 Metaspace       used 6218K, capacity 7128K, committed 7424K, reserved 1056768K
  class space    used 611K, capacity 656K, committed 768K, reserved 1048576K
}
Event: 10.642 GC heap before
{Heap before GC invocations=7 (full 0):
 PSYoungGen      total 137216K, used 137188K [0x00000000eab00000, 0x00000000f4900000, 0x0000000100000000)
  eden space 123392K, 100% used [0x00000000eab00000,0x00000000f2380000,0x00000000f2380000)
  from space 13824K, 99% used [0x00000000f3480000,0x00000000f41f91f0,0x00000000f4200000)
  to   space 17408K, 0% used [0x00000000f2380000,0x00000000f2380000,0x00000000f3480000)
 ParOldGen       total 42496K, used 23473K [0x00000000c0000000, 0x00000000c2980000, 0x00000000eab00000)
  object space 42496K, 55% used [0x00000000c0000000,0x00000000c16ec408,0x00000000c2980000)
 Metaspace       used 6336K, capacity 7192K, committed 7424K, reserved 1056768K
  class space    used 611K, capacity 656K, committed 768K, reserved 1048576K

Deoptimization events (10 events):
Event: 3.597 Thread 0x00007ffa6400a000 Uncommon trap: reason=unstable_if action=reinterpret pc=0x00007ffa5434f808 method=java.util.HashMap.getNode(ILjava/lang/Object;)Ljava/util/HashMap$Node; @ 84
Event: 3.941 Thread 0x00007ffa6400a000 Uncommon trap: reason=unstable_if action=reinterpret pc=0x00007ffa544a7a3c method=com.android.dx.ssa.SsaMethod.updateOneDefinition(Lcom/android/dx/ssa/SsaInsn;Lcom/android/dx/rop/code/RegisterSpec;)V @ 4
Event: 4.614 Thread 0x00007ffa6400a000 Uncommon trap: reason=unstable_if action=reinterpret pc=0x00007ffa54379098 method=java.lang.String.<init>([CII)V @ 18
Event: 4.640 Thread 0x00007ffa6400a000 Uncommon trap: reason=unstable_if action=reinterpret pc=0x00007ffa5434345c method=java.lang.String.<init>([CII)V @ 18
Event: 5.158 Thread 0x00007ffa6413c800 Uncommon trap: reason=unstable_if action=reinterpret pc=0x00007ffa544976d0 method=com.android.dx.ssa.SsaMethod.deleteInsns(Ljava/util/Set;)V @ 130
Event: 6.600 Thread 0x00007ffa6413c800 Uncommon trap: reason=bimorphic action=maybe_recompile pc=0x00007ffa5464f194 method=com.android.dx.cf.code.BytecodeArray.parseInstruction(ILcom/android/dx/cf/code/BytecodeArray$Visitor;)I @ 2135
Event: 6.600 Thread 0x00007ffa6413c800 Uncommon trap: reason=bimorphic action=maybe_recompile pc=0x00007ffa5464f194 method=com.android.dx.cf.code.BytecodeArray.parseInstruction(ILcom/android/dx/cf/code/BytecodeArray$Visitor;)I @ 2135
Event: 6.600 Thread 0x00007ffa6413c800 Uncommon trap: reason=bimorphic action=maybe_recompile pc=0x00007ffa5464f194 method=com.android.dx.cf.code.BytecodeArray.parseInstruction(ILcom/android/dx/cf/code/BytecodeArray$Visitor;)I @ 2135
Event: 6.601 Thread 0x00007ffa6413c800 Uncommon trap: reason=bimorphic action=maybe_recompile pc=0x00007ffa5464f194 method=com.android.dx.cf.code.BytecodeArray.parseInstruction(ILcom/android/dx/cf/code/BytecodeArray$Visitor;)I @ 2135
Event: 7.585 Thread 0x00007ffa6413c800 Uncommon trap: reason=unstable_if action=reinterpret pc=0x00007ffa543ea79c method=java.util.HashMap.putVal(ILjava/lang/Object;Ljava/lang/Object;ZZ)Ljava/lang/Object; @ 162

Internal exceptions (6 events):
Event: 0.364 Thread 0x00007ffa6400a000 Exception <a 'java/lang/NoSuchMethodError': Method sun.misc.Unsafe.defineClass(Ljava/lang/String;[BII)Ljava/lang/Class; name or signature does not match> (0x00000000eab07cc0) thrown at [/HUDSON3/workspace/8-2-build-linux-amd64/jdk8u101/7261/hotspot/src/sh
Event: 0.364 Thread 0x00007ffa6400a000 Exception <a 'java/lang/NoSuchMethodError': Method sun.misc.Unsafe.prefetchRead(Ljava/lang/Object;J)V name or signature does not match> (0x00000000eab07fa8) thrown at [/HUDSON3/workspace/8-2-build-linux-amd64/jdk8u101/7261/hotspot/src/share/vm/prims/jni.c
Event: 3.125 Thread 0x00007ffa6400a000 Implicit null exception at 0x00007ffa543a3122 to 0x00007ffa543a3213
Event: 7.610 Thread 0x00007ffa6413c800 Exception <a 'java/lang/ArrayIndexOutOfBoundsException': 18> (0x00000000edc2c048) thrown at [/HUDSON3/workspace/8-2-build-linux-amd64/jdk8u101/7261/hotspot/src/share/vm/interpreter/interpreterRuntime.cpp, line 366]
Event: 7.611 Thread 0x00007ffa6413c800 Exception <a 'java/lang/ArrayIndexOutOfBoundsException': 145> (0x00000000edc2dbc8) thrown at [/HUDSON3/workspace/8-2-build-linux-amd64/jdk8u101/7261/hotspot/src/share/vm/interpreter/interpreterRuntime.cpp, line 366]
Event: 7.617 Thread 0x00007ffa6413c800 Exception <a 'java/lang/ArrayIndexOutOfBoundsException': 40> (0x00000000edc2eeb0) thrown at [/HUDSON3/workspace/8-2-build-linux-amd64/jdk8u101/7261/hotspot/src/share/vm/interpreter/interpreterRuntime.cpp, line 366]

Events (10 events):
Event: 9.845 Thread 0x00007ffa6413f800 DEOPT UNPACKING pc=0x00007ffa541b1633 sp=0x00007ffa4a52d840 mode 0
Event: 9.948 Thread 0x00007ffa6400a000 DEOPT PACKING pc=0x00007ffa54543aeb sp=0x00007ffa6a11a530
Event: 9.948 Thread 0x00007ffa6400a000 DEOPT UNPACKING pc=0x00007ffa541b1633 sp=0x00007ffa6a11a288 mode 0
Event: 9.957 Thread 0x00007ffa6413c800 DEOPT PACKING pc=0x00007ffa545c7065 sp=0x00007ffa4a72fb40
Event: 9.957 Thread 0x00007ffa6413c800 DEOPT UNPACKING pc=0x00007ffa541b1633 sp=0x00007ffa4a72f940 mode 0
Event: 10.188 Thread 0x00007ffa6413c800 DEOPT PACKING pc=0x00007ffa5452f92c sp=0x00007ffa4a72fdd0
Event: 10.188 Thread 0x00007ffa6413c800 DEOPT UNPACKING pc=0x00007ffa541b1633 sp=0x00007ffa4a72fad0 mode 0
Event: 10.343 Thread 0x00007ffa6413f800 DEOPT PACKING pc=0x00007ffa5452ea26 sp=0x00007ffa4a52dae0
Event: 10.343 Thread 0x00007ffa6413f800 DEOPT UNPACKING pc=0x00007ffa541b1633 sp=0x00007ffa4a52d880 mode 0
Event: 10.638 Executing VM operation: ParallelGCFailedAllocation


Dynamic libraries:
00400000-00401000 r-xp 00000000 08:01 4989074                            /usr/lib/jvm/java-8-oracle/bin/java
00600000-00601000 rw-p 00000000 08:01 4989074                            /usr/lib/jvm/java-8-oracle/bin/java
01f66000-01f87000 rw-p 00000000 00:00 0                                  [heap]
c0000000-c2980000 rw-p 00000000 00:00 0 
c2980000-eab00000 ---p 00000000 00:00 0 
eab00000-f4900000 rw-p 00000000 00:00 0 
fd500000-100000000 ---p 00000000 00:00 0 
100000000-1000c0000 rw-p 00000000 00:00 0 
1000c0000-140000000 ---p 00000000 00:00 0 
7ffa04000000-7ffa04021000 rw-p 00000000 00:00 0 
7ffa04021000-7ffa08000000 ---p 00000000 00:00 0 
7ffa08000000-7ffa08029000 rw-p 00000000 00:00 0 
7ffa08029000-7ffa0c000000 ---p 00000000 00:00 0 
7ffa0c000000-7ffa0c021000 rw-p 00000000 00:00 0 
7ffa0c021000-7ffa10000000 ---p 00000000 00:00 0 
7ffa10000000-7ffa10021000 rw-p 00000000 00:00 0 
7ffa10021000-7ffa14000000 ---p 00000000 00:00 0 
7ffa14000000-7ffa14021000 rw-p 00000000 00:00 0 
7ffa14021000-7ffa18000000 ---p 00000000 00:00 0 
7ffa18000000-7ffa18027000 rw-p 00000000 00:00 0 
7ffa18027000-7ffa1c000000 ---p 00000000 00:00 0 
7ffa1c000000-7ffa1ca07000 rw-p 00000000 00:00 0 
7ffa1ca07000-7ffa20000000 ---p 00000000 00:00 0 
7ffa20000000-7ffa20021000 rw-p 00000000 00:00 0 
7ffa20021000-7ffa24000000 ---p 00000000 00:00 0 
7ffa24000000-7ffa24c08000 rw-p 00000000 00:00 0 
7ffa24c08000-7ffa28000000 ---p 00000000 00:00 0 
7ffa28000000-7ffa28731000 rw-p 00000000 00:00 0 
7ffa28731000-7ffa2c000000 ---p 00000000 00:00 0 
7ffa2c000000-7ffa2c021000 rw-p 00000000 00:00 0 
7ffa2c021000-7ffa30000000 ---p 00000000 00:00 0 
7ffa30000000-7ffa30021000 rw-p 00000000 00:00 0 
7ffa30021000-7ffa34000000 ---p 00000000 00:00 0 
7ffa34000000-7ffa3428e000 rw-p 00000000 00:00 0 
7ffa3428e000-7ffa38000000 ---p 00000000 00:00 0 
7ffa38000000-7ffa38021000 rw-p 00000000 00:00 0 
7ffa38021000-7ffa3c000000 ---p 00000000 00:00 0 
7ffa3c000000-7ffa3c021000 rw-p 00000000 00:00 0 
7ffa3c021000-7ffa40000000 ---p 00000000 00:00 0 
7ffa40000000-7ffa40021000 rw-p 00000000 00:00 0 
7ffa40021000-7ffa44000000 ---p 00000000 00:00 0 
7ffa44000000-7ffa44021000 rw-p 00000000 00:00 0 
7ffa44021000-7ffa48000000 ---p 00000000 00:00 0 
7ffa4a22d000-7ffa4a230000 ---p 00000000 00:00 0 
7ffa4a230000-7ffa4a32e000 rw-p 00000000 00:00 0 
7ffa4a32e000-7ffa4a331000 ---p 00000000 00:00 0 
7ffa4a331000-7ffa4a42f000 rw-p 00000000 00:00 0 
7ffa4a42f000-7ffa4a432000 ---p 00000000 00:00 0 
7ffa4a432000-7ffa4a530000 rw-p 00000000 00:00 0 
7ffa4a530000-7ffa4a533000 ---p 00000000 00:00 0 
7ffa4a533000-7ffa4a631000 rw-p 00000000 00:00 0 
7ffa4a631000-7ffa4a634000 ---p 00000000 00:00 0 
7ffa4a634000-7ffa4a732000 rw-p 00000000 00:00 0 
7ffa4a732000-7ffa4a733000 ---p 00000000 00:00 0 
7ffa4a733000-7ffa4a833000 rw-p 00000000 00:00 0 
7ffa4a833000-7ffa4a836000 ---p 00000000 00:00 0 
7ffa4a836000-7ffa4a934000 rw-p 00000000 00:00 0 
7ffa4a934000-7ffa4a937000 ---p 00000000 00:00 0 
7ffa4a937000-7ffa4aa35000 rw-p 00000000 00:00 0 
7ffa4aa35000-7ffa4aa38000 ---p 00000000 00:00 0 
7ffa4aa38000-7ffa4ab36000 rw-p 00000000 00:00 0 
7ffa4ab36000-7ffa4ab39000 ---p 00000000 00:00 0 
7ffa4ab39000-7ffa4ac37000 rw-p 00000000 00:00 0 
7ffa4ac37000-7ffa4ac3a000 ---p 00000000 00:00 0 
7ffa4ac3a000-7ffa4ad38000 rw-p 00000000 00:00 0 
7ffa4ad38000-7ffa4b6f7000 r--p 00000000 08:01 4856948                    /usr/lib/locale/locale-archive
7ffa4b6f7000-7ffa4b6fa000 ---p 00000000 00:00 0 
7ffa4b6fa000-7ffa4b7f8000 rw-p 00000000 00:00 0 
7ffa4b7f8000-7ffa4b7fb000 ---p 00000000 00:00 0 
7ffa4b7fb000-7ffa4b8f9000 rw-p 00000000 00:00 0 
7ffa4b8f9000-7ffa4b8fa000 ---p 00000000 00:00 0 
7ffa4b8fa000-7ffa4c000000 rw-p 00000000 00:00 0 
7ffa4c000000-7ffa4c021000 rw-p 00000000 00:00 0 
7ffa4c021000-7ffa50000000 ---p 00000000 00:00 0 
7ffa50037000-7ffa50045000 r--s 0007c000 08:01 1179932                    /home/foremost/Android Projects/RestaurantMate/app/build/intermediates/exploded-aar/com.google.android.gms/play-services-basement/9.4.0/jars/classes.jar
7ffa50045000-7ffa50a00000 rw-p 00000000 00:00 0 
7ffa50a00000-7ffa50bd9000 r--s 03d29000 08:01 4989141                    /usr/lib/jvm/java-8-oracle/jre/lib/rt.jar
7ffa50bd9000-7ffa512cf000 rw-p 00000000 00:00 0 
7ffa512cf000-7ffa5144f000 ---p 00000000 00:00 0 
7ffa5144f000-7ffa5364f000 rw-p 00000000 00:00 0 
7ffa5364f000-7ffa53650000 ---p 00000000 00:00 0 
7ffa53650000-7ffa53750000 rw-p 00000000 00:00 0 
7ffa53750000-7ffa53751000 ---p 00000000 00:00 0 
7ffa53751000-7ffa53851000 rw-p 00000000 00:00 0 
7ffa53851000-7ffa53852000 ---p 00000000 00:00 0 
7ffa53852000-7ffa53952000 rw-p 00000000 00:00 0 
7ffa53952000-7ffa53953000 ---p 00000000 00:00 0 
7ffa53953000-7ffa53a68000 rw-p 00000000 00:00 0 
7ffa53a68000-7ffa53ba9000 ---p 00000000 00:00 0 
7ffa53ba9000-7ffa53bbe000 rw-p 00000000 00:00 0 
7ffa53bbe000-7ffa53cfe000 ---p 00000000 00:00 0 
7ffa53cfe000-7ffa53d4e000 rw-p 00000000 00:00 0 
7ffa53d4e000-7ffa53da9000 ---p 00000000 00:00 0 
7ffa53da9000-7ffa53dc4000 rw-p 00000000 00:00 0 
7ffa53dc4000-7ffa5416a000 ---p 00000000 00:00 0 
7ffa5416a000-7ffa547ca000 rwxp 00000000 00:00 0 
7ffa547ca000-7ffa6316a000 ---p 00000000 00:00 0 
7ffa6316a000-7ffa63184000 r-xp 00000000 08:01 5114038                    /usr/lib/jvm/java-8-oracle/jre/lib/amd64/libzip.so
7ffa63184000-7ffa63384000 ---p 0001a000 08:01 5114038                    /usr/lib/jvm/java-8-oracle/jre/lib/amd64/libzip.so
7ffa63384000-7ffa63385000 rw-p 0001a000 08:01 5114038                    /usr/lib/jvm/java-8-oracle/jre/lib/amd64/libzip.so
7ffa63385000-7ffa63390000 r-xp 00000000 08:01 4592218                    /lib/x86_64-linux-gnu/libnss_files-2.23.so
7ffa63390000-7ffa6358f000 ---p 0000b000 08:01 4592218                    /lib/x86_64-linux-gnu/libnss_files-2.23.so
7ffa6358f000-7ffa63590000 r--p 0000a000 08:01 4592218                    /lib/x86_64-linux-gnu/libnss_files-2.23.so
7ffa63590000-7ffa63591000 rw-p 0000b000 08:01 4592218                    /lib/x86_64-linux-gnu/libnss_files-2.23.so
7ffa63591000-7ffa63597000 rw-p 00000000 00:00 0 
7ffa63597000-7ffa635a2000 r-xp 00000000 08:01 4592228                    /lib/x86_64-linux-gnu/libnss_nis-2.23.so
7ffa635a2000-7ffa637a1000 ---p 0000b000 08:01 4592228                    /lib/x86_64-linux-gnu/libnss_nis-2.23.so
7ffa637a1000-7ffa637a2000 r--p 0000a000 08:01 4592228                    /lib/x86_64-linux-gnu/libnss_nis-2.23.so
7ffa637a2000-7ffa637a3000 rw-p 0000b000 08:01 4592228                    /lib/x86_64-linux-gnu/libnss_nis-2.23.so
7ffa637a3000-7ffa637b9000 r-xp 00000000 08:01 4592212                    /lib/x86_64-linux-gnu/libnsl-2.23.so
7ffa637b9000-7ffa639b8000 ---p 00016000 08:01 4592212                    /lib/x86_64-linux-gnu/libnsl-2.23.so
7ffa639b8000-7ffa639b9000 r--p 00015000 08:01 4592212                    /lib/x86_64-linux-gnu/libnsl-2.23.so
7ffa639b9000-7ffa639ba000 rw-p 00016000 08:01 4592212                    /lib/x86_64-linux-gnu/libnsl-2.23.so
7ffa639ba000-7ffa639bc000 rw-p 00000000 00:00 0 
7ffa639bc000-7ffa639c4000 r-xp 00000000 08:01 4592214                    /lib/x86_64-linux-gnu/libnss_compat-2.23.so
7ffa639c4000-7ffa63bc3000 ---p 00008000 08:01 4592214                    /lib/x86_64-linux-gnu/libnss_compat-2.23.so
7ffa63bc3000-7ffa63bc4000 r--p 00007000 08:01 4592214                    /lib/x86_64-linux-gnu/libnss_compat-2.23.so
7ffa63bc4000-7ffa63bc5000 rw-p 00008000 08:01 4592214                    /lib/x86_64-linux-gnu/libnss_compat-2.23.so
7ffa63bc5000-7ffa63bef000 r-xp 00000000 08:01 5114067                    /usr/lib/jvm/java-8-oracle/jre/lib/amd64/libjava.so
7ffa63bef000-7ffa63def000 ---p 0002a000 08:01 5114067                    /usr/lib/jvm/java-8-oracle/jre/lib/amd64/libjava.so
7ffa63def000-7ffa63df1000 rw-p 0002a000 08:01 5114067                    /usr/lib/jvm/java-8-oracle/jre/lib/amd64/libjava.so
7ffa63df1000-7ffa63dfe000 r-xp 00000000 08:01 5114018                    /usr/lib/jvm/java-8-oracle/jre/lib/amd64/libverify.so
7ffa63dfe000-7ffa63ffe000 ---p 0000d000 08:01 5114018                    /usr/lib/jvm/java-8-oracle/jre/lib/amd64/libverify.so
7ffa63ffe000-7ffa64000000 rw-p 0000d000 08:01 5114018                    /usr/lib/jvm/java-8-oracle/jre/lib/amd64/libverify.so
7ffa64000000-7ffa64396000 rw-p 00000000 00:00 0 
7ffa64396000-7ffa68000000 ---p 00000000 00:00 0 
7ffa68008000-7ffa68016000 r--s 000e0000 08:01 393397                     /home/foremost/Android/Sdk/build-tools/24.0.1/lib/dx.jar
7ffa68016000-7ffa6801d000 r-xp 00000000 08:01 4592273                    /lib/x86_64-linux-gnu/librt-2.23.so
7ffa6801d000-7ffa6821c000 ---p 00007000 08:01 4592273                    /lib/x86_64-linux-gnu/librt-2.23.so
7ffa6821c000-7ffa6821d000 r--p 00006000 08:01 4592273                    /lib/x86_64-linux-gnu/librt-2.23.so
7ffa6821d000-7ffa6821e000 rw-p 00007000 08:01 4592273                    /lib/x86_64-linux-gnu/librt-2.23.so
7ffa6821e000-7ffa68326000 r-xp 00000000 08:01 4592189                    /lib/x86_64-linux-gnu/libm-2.23.so
7ffa68326000-7ffa68525000 ---p 00108000 08:01 4592189                    /lib/x86_64-linux-gnu/libm-2.23.so
7ffa68525000-7ffa68526000 r--p 00107000 08:01 4592189                    /lib/x86_64-linux-gnu/libm-2.23.so
7ffa68526000-7ffa68527000 rw-p 00108000 08:01 4592189                    /lib/x86_64-linux-gnu/libm-2.23.so
7ffa68527000-7ffa691f2000 r-xp 00000000 08:01 5114071                    /usr/lib/jvm/java-8-oracle/jre/lib/amd64/server/libjvm.so
7ffa691f2000-7ffa693f1000 ---p 00ccb000 08:01 5114071                    /usr/lib/jvm/java-8-oracle/jre/lib/amd64/server/libjvm.so
7ffa693f1000-7ffa694ca000 rw-p 00cca000 08:01 5114071                    /usr/lib/jvm/java-8-oracle/jre/lib/amd64/server/libjvm.so
7ffa694ca000-7ffa69515000 rw-p 00000000 00:00 0 
7ffa69515000-7ffa696d5000 r-xp 00000000 08:01 4592119                    /lib/x86_64-linux-gnu/libc-2.23.so
7ffa696d5000-7ffa698d4000 ---p 001c0000 08:01 4592119                    /lib/x86_64-linux-gnu/libc-2.23.so
7ffa698d4000-7ffa698d8000 r--p 001bf000 08:01 4592119                    /lib/x86_64-linux-gnu/libc-2.23.so
7ffa698d8000-7ffa698da000 rw-p 001c3000 08:01 4592119                    /lib/x86_64-linux-gnu/libc-2.23.so
7ffa698da000-7ffa698de000 rw-p 00000000 00:00 0 
7ffa698de000-7ffa698e1000 r-xp 00000000 08:01 4592143                    /lib/x86_64-linux-gnu/libdl-2.23.so
7ffa698e1000-7ffa69ae0000 ---p 00003000 08:01 4592143                    /lib/x86_64-linux-gnu/libdl-2.23.so
7ffa69ae0000-7ffa69ae1000 r--p 00002000 08:01 4592143                    /lib/x86_64-linux-gnu/libdl-2.23.so
7ffa69ae1000-7ffa69ae2000 rw-p 00003000 08:01 4592143                    /lib/x86_64-linux-gnu/libdl-2.23.so
7ffa69ae2000-7ffa69af7000 r-xp 00000000 08:01 4988293                    /usr/lib/jvm/java-8-oracle/lib/amd64/jli/libjli.so
7ffa69af7000-7ffa69cf7000 ---p 00015000 08:01 4988293                    /usr/lib/jvm/java-8-oracle/lib/amd64/jli/libjli.so
7ffa69cf7000-7ffa69cf8000 rw-p 00015000 08:01 4988293                    /usr/lib/jvm/java-8-oracle/lib/amd64/jli/libjli.so
7ffa69cf8000-7ffa69d10000 r-xp 00000000 08:01 4592265                    /lib/x86_64-linux-gnu/libpthread-2.23.so
7ffa69d10000-7ffa69f0f000 ---p 00018000 08:01 4592265                    /lib/x86_64-linux-gnu/libpthread-2.23.so
7ffa69f0f000-7ffa69f10000 r--p 00017000 08:01 4592265                    /lib/x86_64-linux-gnu/libpthread-2.23.so
7ffa69f10000-7ffa69f11000 rw-p 00018000 08:01 4592265                    /lib/x86_64-linux-gnu/libpthread-2.23.so
7ffa69f11000-7ffa69f15000 rw-p 00000000 00:00 0 
7ffa69f15000-7ffa69f3b000 r-xp 00000000 08:01 4592091                    /lib/x86_64-linux-gnu/ld-2.23.so
7ffa69f43000-7ffa6a01c000 rw-p 00000000 00:00 0 
7ffa6a01c000-7ffa6a01f000 ---p 00000000 00:00 0 
7ffa6a01f000-7ffa6a121000 rw-p 00000000 00:00 0 
7ffa6a12e000-7ffa6a136000 rw-s 00000000 08:01 6692083                    /tmp/hsperfdata_foremost/11056
7ffa6a136000-7ffa6a137000 rw-p 00000000 00:00 0 
7ffa6a137000-7ffa6a138000 ---p 00000000 00:00 0 
7ffa6a138000-7ffa6a13a000 rw-p 00000000 00:00 0 
7ffa6a13a000-7ffa6a13b000 r--p 00025000 08:01 4592091                    /lib/x86_64-linux-gnu/ld-2.23.so
7ffa6a13b000-7ffa6a13c000 rw-p 00026000 08:01 4592091                    /lib/x86_64-linux-gnu/ld-2.23.so
7ffa6a13c000-7ffa6a13d000 rw-p 00000000 00:00 0 
7ffc383a3000-7ffc383c4000 rw-p 00000000 00:00 0                          [stack]
7ffc383d9000-7ffc383db000 r--p 00000000 00:00 0                          [vvar]
7ffc383db000-7ffc383dd000 r-xp 00000000 00:00 0                          [vdso]
ffffffffff600000-ffffffffff601000 r-xp 00000000 00:00 0                  [vsyscall]

VM Arguments:
jvm_args: -Djava.awt.headless=true -Xmx1024M -Dfile.encoding=UTF-8 -Duser.country=US -Duser.language=en -Duser.variant 
java_command: com.android.dx.command.Main --dex --force-jumbo --num-threads=4 --output /home/foremost/Android Projects/RestaurantMate/app/build/intermediates/pre-dexed/debug/com.google.android.gms-play-services-basement-9.4.0_ac14420eb3cfdcce25506c83d64fd8ec6e6cf8ab.jar /home/foremost/Android Projects/RestaurantMate/app/build/intermediates/exploded-aar/com.google.android.gms/play-services-basement/9.4.0/jars/classes.jar
java_class_path (initial): /home/foremost/Android/Sdk/build-tools/24.0.1/lib/dx.jar
Launcher Type: SUN_STANDARD

Environment Variables:
JAVA_HOME=/usr/lib/jvm/java-8-oracle
PATH=/home/foremost/bin:/home/foremost/.local/bin:/usr/local/sbin:/usr/local/bin:/usr/sbin:/usr/bin:/sbin:/bin:/usr/games:/usr/local/games:/snap/bin:/usr/lib/jvm/java-8-oracle/bin:/usr/lib/jvm/java-8-oracle/db/bin:/usr/lib/jvm/java-8-oracle/jre/bin
SHELL=/bin/bash
DISPLAY=:0

Signal Handlers:
SIGSEGV: [libjvm.so+0xac4790], sa_mask[0]=11111111011111111101111111111110, sa_flags=SA_RESTART|SA_SIGINFO
SIGBUS: [libjvm.so+0xac4790], sa_mask[0]=11111111011111111101111111111110, sa_flags=SA_RESTART|SA_SIGINFO
SIGFPE: [libjvm.so+0x91f140], sa_mask[0]=11111111011111111101111111111110, sa_flags=SA_RESTART|SA_SIGINFO
SIGPIPE: [libjvm.so+0x91f140], sa_mask[0]=11111111011111111101111111111110, sa_flags=SA_RESTART|SA_SIGINFO
SIGXFSZ: [libjvm.so+0x91f140], sa_mask[0]=11111111011111111101111111111110, sa_flags=SA_RESTART|SA_SIGINFO
SIGILL: [libjvm.so+0x91f140], sa_mask[0]=11111111011111111101111111111110, sa_flags=SA_RESTART|SA_SIGINFO
SIGUSR1: SIG_DFL, sa_mask[0]=00000000000000000000000000000000, sa_flags=none
SIGUSR2: [libjvm.so+0x920770], sa_mask[0]=00100000000000000000000000000000, sa_flags=SA_RESTART|SA_SIGINFO
SIGHUP: [libjvm.so+0x921b70], sa_mask[0]=11111111011111111101111111111110, sa_flags=SA_RESTART|SA_SIGINFO
SIGINT: [libjvm.so+0x921b70], sa_mask[0]=11111111011111111101111111111110, sa_flags=SA_RESTART|SA_SIGINFO
SIGTERM: [libjvm.so+0x921b70], sa_mask[0]=11111111011111111101111111111110, sa_flags=SA_RESTART|SA_SIGINFO
SIGQUIT: [libjvm.so+0x921b70], sa_mask[0]=11111111011111111101111111111110, sa_flags=SA_RESTART|SA_SIGINFO


---------------  S Y S T E M  ---------------

OS:DISTRIB_ID=Ubuntu
DISTRIB_RELEASE=16.04
DISTRIB_CODENAME=xenial
DISTRIB_DESCRIPTION="Ubuntu 16.04.1 LTS"

uname:Linux 4.4.0-36-generic #55-Ubuntu SMP Thu Aug 11 18:01:55 UTC 2016 x86_64
libc:glibc 2.23 NPTL 2.23 
rlimit: STACK 8192k, CORE 0k, NPROC 15307, NOFILE 65536, AS infinity
load average:10.21 6.90 3.51

/proc/meminfo:
MemTotal:        3957244 kB
MemFree:           92424 kB
MemAvailable:       6360 kB
Buffers:             660 kB
Cached:           330388 kB
SwapCached:        24316 kB
Active:          2872080 kB
Inactive:         799016 kB
Active(anon):    2854116 kB
Inactive(anon):   786084 kB
Active(file):      17964 kB
Inactive(file):    12932 kB
Unevictable:          32 kB
Mlocked:              32 kB
SwapTotal:       4105212 kB
SwapFree:              0 kB
Dirty:               176 kB
Writeback:             0 kB
AnonPages:       3317500 kB
Mapped:            39092 kB
Shmem:            299516 kB
Slab:              80296 kB
SReclaimable:      39336 kB
SUnreclaim:        40960 kB
KernelStack:       12800 kB
PageTables:        52136 kB
NFS_Unstable:          0 kB
Bounce:                0 kB
WritebackTmp:          0 kB
CommitLimit:     6083832 kB
Committed_AS:   13281388 kB
VmallocTotal:   34359738367 kB
VmallocUsed:           0 kB
VmallocChunk:          0 kB
HardwareCorrupted:     0 kB
AnonHugePages:   1095680 kB
CmaTotal:              0 kB
CmaFree:               0 kB
HugePages_Total:       0
HugePages_Free:        0
HugePages_Rsvd:        0
HugePages_Surp:        0
Hugepagesize:       2048 kB
DirectMap4k:      163776 kB
DirectMap2M:     3942400 kB


CPU:total 4 (2 cores per cpu, 2 threads per core) family 6 model 42 stepping 7, cmov, cx8, fxsr, mmx, sse, sse2, sse3, ssse3, sse4.1, sse4.2, popcnt, avx, aes, clmul, ht, tsc, tscinvbit

/proc/cpuinfo:
processor	: 0
vendor_id	: GenuineIntel
cpu family	: 6
model		: 42
model name	: Intel(R) Core(TM) i5-2467M CPU @ 1.60GHz
stepping	: 7
microcode	: 0x17
cpu MHz		: 1700.000
cache size	: 3072 KB
physical id	: 0
siblings	: 4
core id		: 0
cpu cores	: 2
apicid		: 0
initial apicid	: 0
fpu		: yes
fpu_exception	: yes
cpuid level	: 13
wp		: yes
flags		: fpu vme de pse tsc msr pae mce cx8 apic sep mtrr pge mca cmov pat pse36 clflush dts acpi mmx fxsr sse sse2 ss ht tm pbe syscall nx rdtscp lm constant_tsc arch_perfmon pebs bts nopl xtopology nonstop_tsc aperfmperf eagerfpu pni pclmulqdq dtes64 monitor ds_cpl vmx est tm2 ssse3 cx16 xtpr pdcm pcid sse4_1 sse4_2 x2apic popcnt tsc_deadline_timer aes xsave avx lahf_lm epb tpr_shadow vnmi flexpriority ept vpid xsaveopt dtherm ida arat pln pts
bugs		:
bogomips	: 3192.49
clflush size	: 64
cache_alignment	: 64
address sizes	: 36 bits physical, 48 bits virtual
power management:

processor	: 1
vendor_id	: GenuineIntel
cpu family	: 6
model		: 42
model name	: Intel(R) Core(TM) i5-2467M CPU @ 1.60GHz
stepping	: 7
microcode	: 0x17
cpu MHz		: 1700.000
cache size	: 3072 KB
physical id	: 0
siblings	: 4
core id		: 0
cpu cores	: 2
apicid		: 1
initial apicid	: 1
fpu		: yes
fpu_exception	: yes
cpuid level	: 13
wp		: yes
flags		: fpu vme de pse tsc msr pae mce cx8 apic sep mtrr pge mca cmov pat pse36 clflush dts acpi mmx fxsr sse sse2 ss ht tm pbe syscall nx rdtscp lm constant_tsc arch_perfmon pebs bts nopl xtopology nonstop_tsc aperfmperf eagerfpu pni pclmulqdq dtes64 monitor ds_cpl vmx est tm2 ssse3 cx16 xtpr pdcm pcid sse4_1 sse4_2 x2apic popcnt tsc_deadline_timer aes xsave avx lahf_lm epb tpr_shadow vnmi flexpriority ept vpid xsaveopt dtherm ida arat pln pts
bugs		:
bogomips	: 3192.49
clflush size	: 64
cache_alignment	: 64
address sizes	: 36 bits physical, 48 bits virtual
power management:

processor	: 2
vendor_id	: GenuineIntel
cpu family	: 6
model		: 42
model name	: Intel(R) Core(TM) i5-2467M CPU @ 1.60GHz
stepping	: 7
microcode	: 0x17
cpu MHz		: 1700.000
cache size	: 3072 KB
physical id	: 0
siblings	: 4
core id		: 1
cpu cores	: 2
apicid		: 2
initial apicid	: 2
fpu		: yes
fpu_exception	: yes
cpuid level	: 13
wp		: yes
flags		: fpu vme de pse tsc msr pae mce cx8 apic sep mtrr pge mca cmov pat pse36 clflush dts acpi mmx fxsr sse sse2 ss ht tm pbe syscall nx rdtscp lm constant_tsc arch_perfmon pebs bts nopl xtopology nonstop_tsc aperfmperf eagerfpu pni pclmulqdq dtes64 monitor ds_cpl vmx est tm2 ssse3 cx16 xtpr pdcm pcid sse4_1 sse4_2 x2apic popcnt tsc_deadline_timer aes xsave avx lahf_lm epb tpr_shadow vnmi flexpriority ept vpid xsaveopt dtherm ida arat pln pts
bugs		:
bogomips	: 3192.49
clflush size	: 64
cache_alignment	: 64
address sizes	: 36 bits physical, 48 bits virtual
power management:

processor	: 3
vendor_id	: GenuineIntel
cpu family	: 6
model		: 42
model name	: Intel(R) Core(TM) i5-2467M CPU @ 1.60GHz
stepping	: 7
microcode	: 0x17
cpu MHz		: 1700.000
cache size	: 3072 KB
physical id	: 0
siblings	: 4
core id		: 1
cpu cores	: 2
apicid		: 3
initial apicid	: 3
fpu		: yes
fpu_exception	: yes
cpuid level	: 13
wp		: yes
flags		: fpu vme de pse tsc msr pae mce cx8 apic sep mtrr pge mca cmov pat pse36 clflush dts acpi mmx fxsr sse sse2 ss ht tm pbe syscall nx rdtscp lm constant_tsc arch_perfmon pebs bts nopl xtopology nonstop_tsc aperfmperf eagerfpu pni pclmulqdq dtes64 monitor ds_cpl vmx est tm2 ssse3 cx16 xtpr pdcm pcid sse4_1 sse4_2 x2apic popcnt tsc_deadline_timer aes xsave avx lahf_lm epb tpr_shadow vnmi flexpriority ept vpid xsaveopt dtherm ida arat pln pts
bugs		:
bogomips	: 3192.49
clflush size	: 64
cache_alignment	: 64
address sizes	: 36 bits physical, 48 bits virtual
power management:



Memory: 4k page, physical 3957244k(92868k free), swap 4105212k(0k free)

vm_info: Java HotSpot(TM) 64-Bit Server VM (25.101-b13) for linux-amd64 JRE (1.8.0_101-b13), built on Jun 22 2016 02:59:44 by "java_re" with gcc 4.3.0 20080428 (Red Hat 4.3.0-8)

time: Sun Sep 18 02:26:34 2016
elapsed time: 11 seconds (0d 0h 0m 11s)

