#
# There is insufficient memory for the Java Runtime Environment to continue.
# Native memory allocation (mmap) failed to map 49283072 bytes for committing reserved memory.
# Possible reasons:
#   The system is out of physical RAM or swap space
#   In 32 bit mode, the process size limit was hit
# Possible solutions:
#   Reduce memory load on the system
#   Increase physical memory or swap space
#   Check if swap backing store is full
#   Use 64 bit Java on a 64 bit OS
#   Decrease Java heap size (-Xmx/-Xms)
#   Decrease number of Java threads
#   Decrease Java thread stack sizes (-Xss)
#   Set larger code cache with -XX:ReservedCodeCacheSize=
# This output file may be truncated or incomplete.
#
#  Out of Memory Error (os_linux.cpp:2627), pid=18047, tid=0x00007fcf80e19700
#
# JRE version: OpenJDK Runtime Environment (8.0_76-b03) (build 1.8.0_76-release-b03)
# Java VM: OpenJDK 64-Bit Server VM (25.76-b03 mixed mode linux-amd64 compressed oops)
# Failed to write core dump. Core dumps have been disabled. To enable core dumping, try "ulimit -c unlimited" before starting Java again
#

---------------  T H R E A D  ---------------

Current thread (0x00007fcf94077800):  VMThread [stack: 0x00007fcf80d19000,0x00007fcf80e1a000] [id=18079]

Stack: [0x00007fcf80d19000,0x00007fcf80e1a000],  sp=0x00007fcf80e184c0,  free space=1021k
Native frames: (J=compiled Java code, j=interpreted, Vv=VM code, C=native code)
V  [libjvm.so+0x9d9fcd]  VMError::report_and_die()+0x15d
V  [libjvm.so+0x4b4d4a]  report_vm_out_of_memory(char const*, int, unsigned long, VMErrorType, char const*)+0x8a
V  [libjvm.so+0x845190]  os::pd_commit_memory(char*, unsigned long, unsigned long, bool)+0xf0
V  [libjvm.so+0x83fcbf]  os::commit_memory(char*, unsigned long, unsigned long, bool)+0x1f
V  [libjvm.so+0x8b4d9b]  PSVirtualSpace::expand_by(unsigned long)+0x5b
V  [libjvm.so+0x8b5a10]  PSYoungGen::resize_generation(unsigned long, unsigned long)+0xb0
V  [libjvm.so+0x8b5d2b]  PSYoungGen::resize(unsigned long, unsigned long)+0x1b
V  [libjvm.so+0x8b241c]  PSScavenge::invoke_no_policy()+0xdac
V  [libjvm.so+0x8b2bf8]  PSScavenge::invoke()+0x38
V  [libjvm.so+0x8681f3]  ParallelScavengeHeap::failed_mem_allocate(unsigned long)+0x63
V  [libjvm.so+0x9dba94]  VM_ParallelGCFailedAllocation::doit()+0x84
V  [libjvm.so+0x9dfe47]  VM_Operation::evaluate()+0x47
V  [libjvm.so+0x9de908]  VMThread::evaluate_operation(VM_Operation*)+0x2c8
V  [libjvm.so+0x9ded89]  VMThread::loop()+0x219
V  [libjvm.so+0x9df1d2]  VMThread::run()+0x72
V  [libjvm.so+0x8425b2]  java_start(Thread*)+0xf2

VM_Operation (0x00007fcf636f4d00): ParallelGCFailedAllocation, mode: safepoint, requested by thread 0x00007fcf9414a800


---------------  P R O C E S S  ---------------

Java Threads: ( => current thread )
  0x00007fcf9414a800 JavaThread "pool-2-thread-4" [_thread_blocked, id=18132, stack(0x00007fcf635f6000,0x00007fcf636f7000)]
  0x00007fcf94149000 JavaThread "pool-2-thread-3" [_thread_blocked, id=18131, stack(0x00007fcf636f7000,0x00007fcf637f8000)]
  0x00007fcf94145000 JavaThread "pool-2-thread-2" [_thread_blocked, id=18129, stack(0x00007fcf637f8000,0x00007fcf638f9000)]
  0x00007fcf94143000 JavaThread "pool-3-thread-1" [_thread_blocked, id=18124, stack(0x00007fcf638f9000,0x00007fcf639fa000)]
  0x00007fcf9413f000 JavaThread "pool-2-thread-1" [_thread_blocked, id=18122, stack(0x00007fcf639fa000,0x00007fcf63afb000)]
  0x00007fcf940d2000 JavaThread "Service Thread" daemon [_thread_blocked, id=18106, stack(0x00007fcf63bfc000,0x00007fcf63cfd000)]
  0x00007fcf940bd000 JavaThread "C1 CompilerThread2" daemon [_thread_blocked, id=18101, stack(0x00007fcf63cfd000,0x00007fcf63dfe000)]
  0x00007fcf940bb000 JavaThread "C2 CompilerThread1" daemon [_thread_blocked, id=18100, stack(0x00007fcf63dfe000,0x00007fcf63eff000)]
  0x00007fcf940b8800 JavaThread "C2 CompilerThread0" daemon [_thread_blocked, id=18096, stack(0x00007fcf63eff000,0x00007fcf64000000)]
  0x00007fcf940b7000 JavaThread "Signal Dispatcher" daemon [_thread_blocked, id=18090, stack(0x00007fcf80057000,0x00007fcf80158000)]
  0x00007fcf94083800 JavaThread "Finalizer" daemon [_thread_blocked, id=18087, stack(0x00007fcf80b17000,0x00007fcf80c18000)]
  0x00007fcf9407f000 JavaThread "Reference Handler" daemon [_thread_blocked, id=18083, stack(0x00007fcf80c18000,0x00007fcf80d19000)]
  0x00007fcf9400a000 JavaThread "main" [_thread_blocked, id=18057, stack(0x00007fcf9b2ef000,0x00007fcf9b3f0000)]

Other Threads:
=>0x00007fcf94077800 VMThread [stack: 0x00007fcf80d19000,0x00007fcf80e1a000] [id=18079]
  0x00007fcf940d4800 WatcherThread [stack: 0x00007fcf63afb000,0x00007fcf63bfc000] [id=18110]

VM state:at safepoint (normal execution)

VM Mutex/Monitor currently owned by a thread:  ([mutex/lock_event])
[0x00007fcf94006640] Threads_lock - owner thread: 0x00007fcf94077800
[0x00007fcf94006b40] Heap_lock - owner thread: 0x00007fcf9414a800

Heap:
 PSYoungGen      total 71168K, used 17918K [0x00000000eab00000, 0x00000000f0680000, 0x0000000100000000)
  eden space 53248K, 0% used [0x00000000eab00000,0x00000000eab00000,0x00000000edf00000)
  from space 17920K, 99% used [0x00000000ee380000,0x00000000ef4ff838,0x00000000ef500000)
  to   space 12800K, 0% used [0x00000000efa00000,0x00000000efa00000,0x00000000f0680000)
 ParOldGen       total 67072K, used 41182K [0x00000000c0000000, 0x00000000c4180000, 0x00000000eab00000)
  object space 67072K, 61% used [0x00000000c0000000,0x00000000c28379f8,0x00000000c4180000)
 Metaspace       used 5748K, capacity 6960K, committed 7040K, reserved 1056768K
  class space    used 556K, capacity 616K, committed 640K, reserved 1048576K

Card table byte_map: [0x00007fcf84dff000,0x00007fcf85000000] byte_map_base: 0x00007fcf847ff000

Marking Bits: (ParMarkBitMap*) 0x00007fcf9a7b91a0
 Begin Bits: [0x00007fcf829fb000, 0x00007fcf839fb000)
 End Bits:   [0x00007fcf839fb000, 0x00007fcf849fb000)

Polling page: 0x00007fcf9b409000

CodeCache: size=245760Kb used=5210Kb max_used=5210Kb free=240549Kb
 bounds [0x00007fcf85000000, 0x00007fcf85520000, 0x00007fcf94000000]
 total_blobs=1531 nmethods=1270 adapters=175
 compilation: enabled

Compilation events (10 events):
Event: 8.557 Thread 0x00007fcf940bd000 nmethod 1565 0x00007fcf85512c10 code [0x00007fcf85512fc0, 0x00007fcf85514658]
Event: 8.557 Thread 0x00007fcf940bd000 1570       2       com.android.dx.ssa.ConstCollector::updateConstUses (248 bytes)
Event: 8.560 Thread 0x00007fcf940bd000 nmethod 1570 0x00007fcf85515a90 code [0x00007fcf85515d20, 0x00007fcf855166d8]
Event: 8.560 Thread 0x00007fcf940bd000 1566       2       com.android.dx.ssa.back.FirstFitLocalCombiningAllocator::handleNormalUnassociated (99 bytes)
Event: 8.561 Thread 0x00007fcf940bd000 nmethod 1566 0x00007fcf855172d0 code [0x00007fcf85517500, 0x00007fcf85517a98]
Event: 8.561 Thread 0x00007fcf940bd000 1567       2       com.android.dx.util.FixedSizeList::shrinkToFit (103 bytes)
Event: 8.562 Thread 0x00007fcf940bd000 nmethod 1567 0x00007fcf855181d0 code [0x00007fcf85518360, 0x00007fcf855187e8]
Event: 8.613 Thread 0x00007fcf940bd000 1572       2       java.util.TreeMap$ValueIterator::next (8 bytes)
Event: 8.636 Thread 0x00007fcf940bd000 nmethod 1572 0x00007fcf85518ad0 code [0x00007fcf85518c40, 0x00007fcf85518dc8]
Event: 8.640 Thread 0x00007fcf940bd000 1574       2       java.util.TreeMap::successor (66 bytes)

GC Heap History (10 events):
Event: 5.753 GC heap after
Heap after GC invocations=3 (full 0):
 PSYoungGen      total 18432K, used 2528K [0x00000000eab00000, 0x00000000ecf00000, 0x0000000100000000)
  eden space 15872K, 0% used [0x00000000eab00000,0x00000000eab00000,0x00000000eba80000)
  from space 2560K, 98% used [0x00000000eba80000,0x00000000ebcf8220,0x00000000ebd00000)
  to   space 2560K, 0% used [0x00000000ecc80000,0x00000000ecc80000,0x00000000ecf00000)
 ParOldGen       total 42496K, used 13085K [0x00000000c0000000, 0x00000000c2980000, 0x00000000eab00000)
  object space 42496K, 30% used [0x00000000c0000000,0x00000000c0cc7700,0x00000000c2980000)
 Metaspace       used 5612K, capacity 6896K, committed 7040K, reserved 1056768K
  class space    used 552K, capacity 616K, committed 640K, reserved 1048576K
}
Event: 5.944 GC heap before
{Heap before GC invocations=4 (full 0):
 PSYoungGen      total 18432K, used 18400K [0x00000000eab00000, 0x00000000ecf00000, 0x0000000100000000)
  eden space 15872K, 100% used [0x00000000eab00000,0x00000000eba80000,0x00000000eba80000)
  from space 2560K, 98% used [0x00000000eba80000,0x00000000ebcf8220,0x00000000ebd00000)
  to   space 2560K, 0% used [0x00000000ecc80000,0x00000000ecc80000,0x00000000ecf00000)
 ParOldGen       total 42496K, used 13085K [0x00000000c0000000, 0x00000000c2980000, 0x00000000eab00000)
  object space 42496K, 30% used [0x00000000c0000000,0x00000000c0cc7700,0x00000000c2980000)
 Metaspace       used 5635K, capacity 6896K, committed 7040K, reserved 1056768K
  class space    used 553K, capacity 616K, committed 640K, reserved 1048576K
Event: 5.982 GC heap after
Heap after GC invocations=4 (full 0):
 PSYoungGen      total 34304K, used 2528K [0x00000000eab00000, 0x00000000ecf00000, 0x0000000100000000)
  eden space 31744K, 0% used [0x00000000eab00000,0x00000000eab00000,0x00000000eca00000)
  from space 2560K, 98% used [0x00000000ecc80000,0x00000000ecef8230,0x00000000ecf00000)
  to   space 2560K, 0% used [0x00000000eca00000,0x00000000eca00000,0x00000000ecc80000)
 ParOldGen       total 42496K, used 22192K [0x00000000c0000000, 0x00000000c2980000, 0x00000000eab00000)
  object space 42496K, 52% used [0x00000000c0000000,0x00000000c15ac380,0x00000000c2980000)
 Metaspace       used 5635K, capacity 6896K, committed 7040K, reserved 1056768K
  class space    used 553K, capacity 616K, committed 640K, reserved 1048576K
}
Event: 6.285 GC heap before
{Heap before GC invocations=5 (full 0):
 PSYoungGen      total 34304K, used 34272K [0x00000000eab00000, 0x00000000ecf00000, 0x0000000100000000)
  eden space 31744K, 100% used [0x00000000eab00000,0x00000000eca00000,0x00000000eca00000)
  from space 2560K, 98% used [0x00000000ecc80000,0x00000000ecef8230,0x00000000ecf00000)
  to   space 2560K, 0% used [0x00000000eca00000,0x00000000eca00000,0x00000000ecc80000)
 ParOldGen       total 42496K, used 22192K [0x00000000c0000000, 0x00000000c2980000, 0x00000000eab00000)
  object space 42496K, 52% used [0x00000000c0000000,0x00000000c15ac380,0x00000000c2980000)
 Metaspace       used 5644K, capacity 6896K, committed 7040K, reserved 1056768K
  class space    used 553K, capacity 616K, committed 640K, reserved 1048576K
Event: 6.326 GC heap after
Heap after GC invocations=5 (full 0):
 PSYoungGen      total 34304K, used 2528K [0x00000000eab00000, 0x00000000f0b00000, 0x0000000100000000)
  eden space 31744K, 0% used [0x00000000eab00000,0x00000000eab00000,0x00000000eca00000)
  from space 2560K, 98% used [0x00000000eca00000,0x00000000ecc78230,0x00000000ecc80000)
  to   space 17408K, 0% used [0x00000000efa00000,0x00000000efa00000,0x00000000f0b00000)
 ParOldGen       total 42496K, used 34180K [0x00000000c0000000, 0x00000000c2980000, 0x00000000eab00000)
  object space 42496K, 80% used [0x00000000c0000000,0x00000000c2161000,0x00000000c2980000)
 Metaspace       used 5644K, capacity 6896K, committed 7040K, reserved 1056768K
  class space    used 553K, capacity 616K, committed 640K, reserved 1048576K
}
Event: 6.326 GC heap before
{Heap before GC invocations=6 (full 1):
 PSYoungGen      total 34304K, used 2528K [0x00000000eab00000, 0x00000000f0b00000, 0x0000000100000000)
  eden space 31744K, 0% used [0x00000000eab00000,0x00000000eab00000,0x00000000eca00000)
  from space 2560K, 98% used [0x00000000eca00000,0x00000000ecc78230,0x00000000ecc80000)
  to   space 17408K, 0% used [0x00000000efa00000,0x00000000efa00000,0x00000000f0b00000)
 ParOldGen       total 42496K, used 34180K [0x00000000c0000000, 0x00000000c2980000, 0x00000000eab00000)
  object space 42496K, 80% used [0x00000000c0000000,0x00000000c2161000,0x00000000c2980000)
 Metaspace       used 5644K, capacity 6896K, committed 7040K, reserved 1056768K
  class space    used 553K, capacity 616K, committed 640K, reserved 1048576K
Event: 6.580 GC heap after
Heap after GC invocations=6 (full 1):
 PSYoungGen      total 34304K, used 0K [0x00000000eab00000, 0x00000000f0b00000, 0x0000000100000000)
  eden space 31744K, 0% used [0x00000000eab00000,0x00000000eab00000,0x00000000eca00000)
  from space 2560K, 0% used [0x00000000eca00000,0x00000000eca00000,0x00000000ecc80000)
  to   space 17408K, 0% used [0x00000000efa00000,0x00000000efa00000,0x00000000f0b00000)
 ParOldGen       total 67072K, used 30767K [0x00000000c0000000, 0x00000000c4180000, 0x00000000eab00000)
  object space 67072K, 45% used [0x00000000c0000000,0x00000000c1e0bd08,0x00000000c4180000)
 Metaspace       used 5644K, capacity 6896K, committed 7040K, reserved 1056768K
  class space    used 553K, capacity 616K, committed 640K, reserved 1048576K
}
Event: 6.954 GC heap before
{Heap before GC invocations=7 (full 1):
 PSYoungGen      total 34304K, used 31744K [0x00000000eab00000, 0x00000000f0b00000, 0x0000000100000000)
  eden space 31744K, 100% used [0x00000000eab00000,0x00000000eca00000,0x00000000eca00000)
  from space 2560K, 0% used [0x00000000eca00000,0x00000000eca00000,0x00000000ecc80000)
  to   space 17408K, 0% used [0x00000000efa00000,0x00000000efa00000,0x00000000f0b00000)
 ParOldGen       total 67072K, used 30767K [0x00000000c0000000, 0x00000000c4180000, 0x00000000eab00000)
  object space 67072K, 45% used [0x00000000c0000000,0x00000000c1e0bd08,0x00000000c4180000)
 Metaspace       used 5662K, capacity 6896K, committed 7040K, reserved 1056768K
  class space    used 555K, capacity 616K, committed 640K, reserved 1048576K
Event: 6.996 GC heap after
Heap after GC invocations=7 (full 1):
 PSYoungGen      total 66048K, used 12560K [0x00000000eab00000, 0x00000000f0680000, 0x0000000100000000)
  eden space 53248K, 0% used [0x00000000eab00000,0x00000000eab00000,0x00000000edf00000)
  from space 12800K, 98% used [0x00000000efa00000,0x00000000f0644120,0x00000000f0680000)
  to   space 17920K, 0% used [0x00000000ee380000,0x00000000ee380000,0x00000000ef500000)
 ParOldGen       total 67072K, used 30767K [0x00000000c0000000, 0x00000000c4180000, 0x00000000eab00000)
  object space 67072K, 45% used [0x00000000c0000000,0x00000000c1e0bd08,0x00000000c4180000)
 Metaspace       used 5662K, capacity 6896K, committed 7040K, reserved 1056768K
  class space    used 555K, capacity 616K, committed 640K, reserved 1048576K
}
Event: 8.743 GC heap before
{Heap before GC invocations=8 (full 1):
 PSYoungGen      total 66048K, used 65808K [0x00000000eab00000, 0x00000000f0680000, 0x0000000100000000)
  eden space 53248K, 100% used [0x00000000eab00000,0x00000000edf00000,0x00000000edf00000)
  from space 12800K, 98% used [0x00000000efa00000,0x00000000f0644120,0x00000000f0680000)
  to   space 17920K, 0% used [0x00000000ee380000,0x00000000ee380000,0x00000000ef500000)
 ParOldGen       total 67072K, used 30767K [0x00000000c0000000, 0x00000000c4180000, 0x00000000eab00000)
  object space 67072K, 45% used [0x00000000c0000000,0x00000000c1e0bd08,0x00000000c4180000)
 Metaspace       used 5748K, capacity 6960K, committed 7040K, reserved 1056768K
  class space    used 556K, capacity 616K, committed 640K, reserved 1048576K

Deoptimization events (10 events):
Event: 3.825 Thread 0x00007fcf9413f000 Uncommon trap: reason=unstable_if action=reinterpret pc=0x00007fcf8520395c method=com.android.dx.rop.code.RegisterSpec.equals(ILcom/android/dx/rop/type/TypeBearer;Lcom/android/dx/rop/code/LocalItem;)Z @ 24
Event: 4.033 Thread 0x00007fcf9400a000 Uncommon trap: reason=unstable_if action=reinterpret pc=0x00007fcf851b0eb8 method=java.lang.String.<init>([CII)V @ 18
Event: 4.153 Thread 0x00007fcf9413f000 Uncommon trap: reason=unstable_if action=reinterpret pc=0x00007fcf85286a34 method=com.android.dx.rop.code.RegisterSpec.equals(ILcom/android/dx/rop/type/TypeBearer;Lcom/android/dx/rop/code/LocalItem;)Z @ 16
Event: 4.256 Thread 0x00007fcf9400a000 Uncommon trap: reason=unstable_if action=reinterpret pc=0x00007fcf851e7908 method=java.lang.String.<init>([CII)V @ 18
Event: 6.910 Thread 0x00007fcf94149000 Uncommon trap: reason=class_check action=maybe_recompile pc=0x00007fcf8538afc8 method=com.android.dx.ssa.NormalSsaInsn.accept(Lcom/android/dx/ssa/SsaInsn$Visitor;)V @ 9
Event: 6.910 Thread 0x00007fcf94149000 Uncommon trap: reason=class_check action=maybe_recompile pc=0x00007fcf8538afc8 method=com.android.dx.ssa.NormalSsaInsn.accept(Lcom/android/dx/ssa/SsaInsn$Visitor;)V @ 9
Event: 6.912 Thread 0x00007fcf94149000 Uncommon trap: reason=class_check action=maybe_recompile pc=0x00007fcf8538afc8 method=com.android.dx.ssa.NormalSsaInsn.accept(Lcom/android/dx/ssa/SsaInsn$Visitor;)V @ 9
Event: 6.912 Thread 0x00007fcf94149000 Uncommon trap: reason=class_check action=maybe_recompile pc=0x00007fcf8538afc8 method=com.android.dx.ssa.NormalSsaInsn.accept(Lcom/android/dx/ssa/SsaInsn$Visitor;)V @ 9
Event: 6.912 Thread 0x00007fcf94149000 Uncommon trap: reason=class_check action=maybe_recompile pc=0x00007fcf8537bcc4 method=com.android.dx.ssa.NormalSsaInsn.accept(Lcom/android/dx/ssa/SsaInsn$Visitor;)V @ 9
Event: 7.008 Thread 0x00007fcf94149000 Uncommon trap: reason=unstable_if action=reinterpret pc=0x00007fcf851ff43c method=java.util.BitSet.ensureCapacity(I)V @ 6

Internal exceptions (2 events):
Event: 0.401 Thread 0x00007fcf9400a000 Exception <a 'java/lang/NoSuchMethodError': Method sun.misc.Unsafe.defineClass(Ljava/lang/String;[BII)Ljava/lang/Class; name or signature does not match> (0x00000000eab07cc0) thrown at [/ssd/Android/AOSP-openjdk/external/jetbrains/jdk/hotspot/src/share/vm
Event: 0.401 Thread 0x00007fcf9400a000 Exception <a 'java/lang/NoSuchMethodError': Method sun.misc.Unsafe.prefetchRead(Ljava/lang/Object;J)V name or signature does not match> (0x00000000eab07fa8) thrown at [/ssd/Android/AOSP-openjdk/external/jetbrains/jdk/hotspot/src/share/vm/prims/jni.cpp, li

Events (10 events):
Event: 7.653 Thread 0x00007fcf94145000 DEOPT UNPACKING pc=0x00007fcf85047373 sp=0x00007fcf638f6f90 mode 0
Event: 7.831 Thread 0x00007fcf94149000 DEOPT PACKING pc=0x00007fcf851f5cb9 sp=0x00007fcf637f62f0
Event: 7.831 Thread 0x00007fcf94149000 DEOPT UNPACKING pc=0x00007fcf85047373 sp=0x00007fcf637f6040 mode 0
Event: 8.270 loading class java/util/HashMap$KeySet
Event: 8.280 loading class java/util/HashMap$KeySet done
Event: 8.280 loading class java/util/HashMap$KeyIterator
Event: 8.280 loading class java/util/HashMap$KeyIterator done
Event: 8.429 Thread 0x00007fcf94149000 DEOPT PACKING pc=0x00007fcf853c10d6 sp=0x00007fcf637f6280
Event: 8.429 Thread 0x00007fcf94149000 DEOPT UNPACKING pc=0x00007fcf85047373 sp=0x00007fcf637f6058 mode 0
Event: 8.651 Executing VM operation: ParallelGCFailedAllocation


Dynamic libraries:
00400000-00401000 r-xp 00000000 08:01 4458460                            /home/foremost/android-studio/jre/bin/java
00600000-00601000 r--p 00000000 08:01 4458460                            /home/foremost/android-studio/jre/bin/java
00601000-00602000 rw-p 00001000 08:01 4458460                            /home/foremost/android-studio/jre/bin/java
0191f000-01940000 rw-p 00000000 00:00 0                                  [heap]
c0000000-c4180000 rw-p 00000000 00:00 0 
c4180000-eab00000 ---p 00000000 00:00 0 
eab00000-f0680000 rw-p 00000000 00:00 0 
f3580000-100000000 ---p 00000000 00:00 0 
100000000-1000a0000 rw-p 00000000 00:00 0 
1000a0000-140000000 ---p 00000000 00:00 0 
7fcf30000000-7fcf3002b000 rw-p 00000000 00:00 0 
7fcf3002b000-7fcf34000000 ---p 00000000 00:00 0 
7fcf38000000-7fcf38022000 rw-p 00000000 00:00 0 
7fcf38022000-7fcf3c000000 ---p 00000000 00:00 0 
7fcf3c000000-7fcf3c021000 rw-p 00000000 00:00 0 
7fcf3c021000-7fcf40000000 ---p 00000000 00:00 0 
7fcf40000000-7fcf40047000 rw-p 00000000 00:00 0 
7fcf40047000-7fcf44000000 ---p 00000000 00:00 0 
7fcf44000000-7fcf44021000 rw-p 00000000 00:00 0 
7fcf44021000-7fcf48000000 ---p 00000000 00:00 0 
7fcf48000000-7fcf48021000 rw-p 00000000 00:00 0 
7fcf48021000-7fcf4c000000 ---p 00000000 00:00 0 
7fcf4c000000-7fcf4c021000 rw-p 00000000 00:00 0 
7fcf4c021000-7fcf50000000 ---p 00000000 00:00 0 
7fcf50000000-7fcf5080f000 rw-p 00000000 00:00 0 
7fcf5080f000-7fcf54000000 ---p 00000000 00:00 0 
7fcf54000000-7fcf54a50000 rw-p 00000000 00:00 0 
7fcf54a50000-7fcf58000000 ---p 00000000 00:00 0 
7fcf58000000-7fcf589e9000 rw-p 00000000 00:00 0 
7fcf589e9000-7fcf5c000000 ---p 00000000 00:00 0 
7fcf5c000000-7fcf5c021000 rw-p 00000000 00:00 0 
7fcf5c021000-7fcf60000000 ---p 00000000 00:00 0 
7fcf635f6000-7fcf635f9000 ---p 00000000 00:00 0 
7fcf635f9000-7fcf636f7000 rw-p 00000000 00:00 0 
7fcf636f7000-7fcf636fa000 ---p 00000000 00:00 0 
7fcf636fa000-7fcf637f8000 rw-p 00000000 00:00 0 
7fcf637f8000-7fcf637fb000 ---p 00000000 00:00 0 
7fcf637fb000-7fcf638f9000 rw-p 00000000 00:00 0 
7fcf638f9000-7fcf638fc000 ---p 00000000 00:00 0 
7fcf638fc000-7fcf639fa000 rw-p 00000000 00:00 0 
7fcf639fa000-7fcf639fd000 ---p 00000000 00:00 0 
7fcf639fd000-7fcf63afb000 rw-p 00000000 00:00 0 
7fcf63afb000-7fcf63afc000 ---p 00000000 00:00 0 
7fcf63afc000-7fcf63bfc000 rw-p 00000000 00:00 0 
7fcf63bfc000-7fcf63bff000 ---p 00000000 00:00 0 
7fcf63bff000-7fcf63cfd000 rw-p 00000000 00:00 0 
7fcf63cfd000-7fcf63d00000 ---p 00000000 00:00 0 
7fcf63d00000-7fcf63dfe000 rw-p 00000000 00:00 0 
7fcf63dfe000-7fcf63e01000 ---p 00000000 00:00 0 
7fcf63e01000-7fcf63eff000 rw-p 00000000 00:00 0 
7fcf63eff000-7fcf63f02000 ---p 00000000 00:00 0 
7fcf63f02000-7fcf64000000 rw-p 00000000 00:00 0 
7fcf64000000-7fcf64021000 rw-p 00000000 00:00 0 
7fcf64021000-7fcf68000000 ---p 00000000 00:00 0 
7fcf68000000-7fcf68021000 rw-p 00000000 00:00 0 
7fcf68021000-7fcf6c000000 ---p 00000000 00:00 0 
7fcf6c000000-7fcf6c021000 rw-p 00000000 00:00 0 
7fcf6c021000-7fcf70000000 ---p 00000000 00:00 0 
7fcf70000000-7fcf7027e000 rw-p 00000000 00:00 0 
7fcf7027e000-7fcf74000000 ---p 00000000 00:00 0 
7fcf74000000-7fcf74021000 rw-p 00000000 00:00 0 
7fcf74021000-7fcf78000000 ---p 00000000 00:00 0 
7fcf78000000-7fcf78021000 rw-p 00000000 00:00 0 
7fcf78021000-7fcf7c000000 ---p 00000000 00:00 0 
7fcf7c000000-7fcf7c021000 rw-p 00000000 00:00 0 
7fcf7c021000-7fcf80000000 ---p 00000000 00:00 0 
7fcf80057000-7fcf8005a000 ---p 00000000 00:00 0 
7fcf8005a000-7fcf80158000 rw-p 00000000 00:00 0 
7fcf80158000-7fcf80b17000 r--p 00000000 08:01 5381274                    /usr/lib/locale/locale-archive
7fcf80b17000-7fcf80b1a000 ---p 00000000 00:00 0 
7fcf80b1a000-7fcf80c18000 rw-p 00000000 00:00 0 
7fcf80c18000-7fcf80c1b000 ---p 00000000 00:00 0 
7fcf80c1b000-7fcf80d19000 rw-p 00000000 00:00 0 
7fcf80d19000-7fcf80d1a000 ---p 00000000 00:00 0 
7fcf80d1a000-7fcf81db8000 rw-p 00000000 00:00 0 
7fcf81db8000-7fcf81f85000 r--s 03bec000 08:01 4458517                    /home/foremost/android-studio/jre/jre/lib/rt.jar
7fcf81f85000-7fcf8263b000 rw-p 00000000 00:00 0 
7fcf8263b000-7fcf827fb000 ---p 00000000 00:00 0 
7fcf827fb000-7fcf849fb000 rw-p 00000000 00:00 0 
7fcf849fb000-7fcf849fc000 ---p 00000000 00:00 0 
7fcf849fc000-7fcf84afc000 rw-p 00000000 00:00 0 
7fcf84afc000-7fcf84afd000 ---p 00000000 00:00 0 
7fcf84afd000-7fcf84bfd000 rw-p 00000000 00:00 0 
7fcf84bfd000-7fcf84bfe000 ---p 00000000 00:00 0 
7fcf84bfe000-7fcf84cfe000 rw-p 00000000 00:00 0 
7fcf84cfe000-7fcf84cff000 ---p 00000000 00:00 0 
7fcf84cff000-7fcf84e20000 rw-p 00000000 00:00 0 
7fcf84e20000-7fcf84f54000 ---p 00000000 00:00 0 
7fcf84f54000-7fcf84f83000 rw-p 00000000 00:00 0 
7fcf84f83000-7fcf84fff000 ---p 00000000 00:00 0 
7fcf84fff000-7fcf85000000 rw-p 00000000 00:00 0 
7fcf85000000-7fcf85520000 rwxp 00000000 00:00 0 
7fcf85520000-7fcf94000000 ---p 00000000 00:00 0 
7fcf94000000-7fcf94390000 rw-p 00000000 00:00 0 
7fcf94390000-7fcf98000000 ---p 00000000 00:00 0 
7fcf98003000-7fcf98011000 r--s 000e0000 08:01 1972352                    /home/foremost/Android/Sdk/build-tools/24.0.1/lib/dx.jar
7fcf98011000-7fcf98053000 rw-p 00000000 00:00 0 
7fcf98053000-7fcf98188000 ---p 00000000 00:00 0 
7fcf98188000-7fcf9819d000 rw-p 00000000 00:00 0 
7fcf9819d000-7fcf98548000 ---p 00000000 00:00 0 
7fcf98548000-7fcf98562000 r-xp 00000000 08:01 4458544                    /home/foremost/android-studio/jre/jre/lib/amd64/libzip.so
7fcf98562000-7fcf98762000 ---p 0001a000 08:01 4458544                    /home/foremost/android-studio/jre/jre/lib/amd64/libzip.so
7fcf98762000-7fcf98763000 r--p 0001a000 08:01 4458544                    /home/foremost/android-studio/jre/jre/lib/amd64/libzip.so
7fcf98763000-7fcf98764000 rw-p 0001b000 08:01 4458544                    /home/foremost/android-studio/jre/jre/lib/amd64/libzip.so
7fcf98764000-7fcf9876f000 r-xp 00000000 08:01 1839687                    /lib/x86_64-linux-gnu/libnss_files-2.23.so
7fcf9876f000-7fcf9896e000 ---p 0000b000 08:01 1839687                    /lib/x86_64-linux-gnu/libnss_files-2.23.so
7fcf9896e000-7fcf9896f000 r--p 0000a000 08:01 1839687                    /lib/x86_64-linux-gnu/libnss_files-2.23.so
7fcf9896f000-7fcf98970000 rw-p 0000b000 08:01 1839687                    /lib/x86_64-linux-gnu/libnss_files-2.23.so
7fcf98970000-7fcf98976000 rw-p 00000000 00:00 0 
7fcf98976000-7fcf98981000 r-xp 00000000 08:01 1839697                    /lib/x86_64-linux-gnu/libnss_nis-2.23.so
7fcf98981000-7fcf98b80000 ---p 0000b000 08:01 1839697                    /lib/x86_64-linux-gnu/libnss_nis-2.23.so
7fcf98b80000-7fcf98b81000 r--p 0000a000 08:01 1839697                    /lib/x86_64-linux-gnu/libnss_nis-2.23.so
7fcf98b81000-7fcf98b82000 rw-p 0000b000 08:01 1839697                    /lib/x86_64-linux-gnu/libnss_nis-2.23.so
7fcf98b82000-7fcf98b98000 r-xp 00000000 08:01 1839681                    /lib/x86_64-linux-gnu/libnsl-2.23.so
7fcf98b98000-7fcf98d97000 ---p 00016000 08:01 1839681                    /lib/x86_64-linux-gnu/libnsl-2.23.so
7fcf98d97000-7fcf98d98000 r--p 00015000 08:01 1839681                    /lib/x86_64-linux-gnu/libnsl-2.23.so
7fcf98d98000-7fcf98d99000 rw-p 00016000 08:01 1839681                    /lib/x86_64-linux-gnu/libnsl-2.23.so
7fcf98d99000-7fcf98d9b000 rw-p 00000000 00:00 0 
7fcf98d9b000-7fcf98da3000 r-xp 00000000 08:01 1839683                    /lib/x86_64-linux-gnu/libnss_compat-2.23.so
7fcf98da3000-7fcf98fa2000 ---p 00008000 08:01 1839683                    /lib/x86_64-linux-gnu/libnss_compat-2.23.so
7fcf98fa2000-7fcf98fa3000 r--p 00007000 08:01 1839683                    /lib/x86_64-linux-gnu/libnss_compat-2.23.so
7fcf98fa3000-7fcf98fa4000 rw-p 00008000 08:01 1839683                    /lib/x86_64-linux-gnu/libnss_compat-2.23.so
7fcf98fa4000-7fcf98fd1000 r-xp 00000000 08:01 4458554                    /home/foremost/android-studio/jre/jre/lib/amd64/libjava.so
7fcf98fd1000-7fcf991d0000 ---p 0002d000 08:01 4458554                    /home/foremost/android-studio/jre/jre/lib/amd64/libjava.so
7fcf991d0000-7fcf991d1000 r--p 0002c000 08:01 4458554                    /home/foremost/android-studio/jre/jre/lib/amd64/libjava.so
7fcf991d1000-7fcf991d3000 rw-p 0002d000 08:01 4458554                    /home/foremost/android-studio/jre/jre/lib/amd64/libjava.so
7fcf991d3000-7fcf991e3000 r-xp 00000000 08:01 4458570                    /home/foremost/android-studio/jre/jre/lib/amd64/libverify.so
7fcf991e3000-7fcf993e2000 ---p 00010000 08:01 4458570                    /home/foremost/android-studio/jre/jre/lib/amd64/libverify.so
7fcf993e2000-7fcf993e4000 r--p 0000f000 08:01 4458570                    /home/foremost/android-studio/jre/jre/lib/amd64/libverify.so
7fcf993e4000-7fcf993e5000 rw-p 00011000 08:01 4458570                    /home/foremost/android-studio/jre/jre/lib/amd64/libverify.so
7fcf993e5000-7fcf993ec000 r-xp 00000000 08:01 1839742                    /lib/x86_64-linux-gnu/librt-2.23.so
7fcf993ec000-7fcf995eb000 ---p 00007000 08:01 1839742                    /lib/x86_64-linux-gnu/librt-2.23.so
7fcf995eb000-7fcf995ec000 r--p 00006000 08:01 1839742                    /lib/x86_64-linux-gnu/librt-2.23.so
7fcf995ec000-7fcf995ed000 rw-p 00007000 08:01 1839742                    /lib/x86_64-linux-gnu/librt-2.23.so
7fcf995ed000-7fcf996f5000 r-xp 00000000 08:01 1839658                    /lib/x86_64-linux-gnu/libm-2.23.so
7fcf996f5000-7fcf998f4000 ---p 00108000 08:01 1839658                    /lib/x86_64-linux-gnu/libm-2.23.so
7fcf998f4000-7fcf998f5000 r--p 00107000 08:01 1839658                    /lib/x86_64-linux-gnu/libm-2.23.so
7fcf998f5000-7fcf998f6000 rw-p 00108000 08:01 1839658                    /lib/x86_64-linux-gnu/libm-2.23.so
7fcf998f6000-7fcf9a4dc000 r-xp 00000000 08:01 4458574                    /home/foremost/android-studio/jre/jre/lib/amd64/server/libjvm.so
7fcf9a4dc000-7fcf9a6dc000 ---p 00be6000 08:01 4458574                    /home/foremost/android-studio/jre/jre/lib/amd64/server/libjvm.so
7fcf9a6dc000-7fcf9a77b000 r--p 00be6000 08:01 4458574                    /home/foremost/android-studio/jre/jre/lib/amd64/server/libjvm.so
7fcf9a77b000-7fcf9a7a4000 rw-p 00c85000 08:01 4458574                    /home/foremost/android-studio/jre/jre/lib/amd64/server/libjvm.so
7fcf9a7a4000-7fcf9a7e6000 rw-p 00000000 00:00 0 
7fcf9a7e6000-7fcf9a7fe000 r-xp 00000000 08:01 1839734                    /lib/x86_64-linux-gnu/libpthread-2.23.so
7fcf9a7fe000-7fcf9a9fd000 ---p 00018000 08:01 1839734                    /lib/x86_64-linux-gnu/libpthread-2.23.so
7fcf9a9fd000-7fcf9a9fe000 r--p 00017000 08:01 1839734                    /lib/x86_64-linux-gnu/libpthread-2.23.so
7fcf9a9fe000-7fcf9a9ff000 rw-p 00018000 08:01 1839734                    /lib/x86_64-linux-gnu/libpthread-2.23.so
7fcf9a9ff000-7fcf9aa03000 rw-p 00000000 00:00 0 
7fcf9aa03000-7fcf9aa06000 r-xp 00000000 08:01 1839612                    /lib/x86_64-linux-gnu/libdl-2.23.so
7fcf9aa06000-7fcf9ac05000 ---p 00003000 08:01 1839612                    /lib/x86_64-linux-gnu/libdl-2.23.so
7fcf9ac05000-7fcf9ac06000 r--p 00002000 08:01 1839612                    /lib/x86_64-linux-gnu/libdl-2.23.so
7fcf9ac06000-7fcf9ac07000 rw-p 00003000 08:01 1839612                    /lib/x86_64-linux-gnu/libdl-2.23.so
7fcf9ac07000-7fcf9adc7000 r-xp 00000000 08:01 1839588                    /lib/x86_64-linux-gnu/libc-2.23.so
7fcf9adc7000-7fcf9afc6000 ---p 001c0000 08:01 1839588                    /lib/x86_64-linux-gnu/libc-2.23.so
7fcf9afc6000-7fcf9afca000 r--p 001bf000 08:01 1839588                    /lib/x86_64-linux-gnu/libc-2.23.so
7fcf9afca000-7fcf9afcc000 rw-p 001c3000 08:01 1839588                    /lib/x86_64-linux-gnu/libc-2.23.so
7fcf9afcc000-7fcf9afd0000 rw-p 00000000 00:00 0 
7fcf9afd0000-7fcf9afe6000 r-xp 00000000 08:01 4458434                    /home/foremost/android-studio/jre/lib/amd64/jli/libjli.so
7fcf9afe6000-7fcf9b1e5000 ---p 00016000 08:01 4458434                    /home/foremost/android-studio/jre/lib/amd64/jli/libjli.so
7fcf9b1e5000-7fcf9b1e6000 r--p 00015000 08:01 4458434                    /home/foremost/android-studio/jre/lib/amd64/jli/libjli.so
7fcf9b1e6000-7fcf9b1e7000 rw-p 00016000 08:01 4458434                    /home/foremost/android-studio/jre/lib/amd64/jli/libjli.so
7fcf9b1e7000-7fcf9b20d000 r-xp 00000000 08:01 1839560                    /lib/x86_64-linux-gnu/ld-2.23.so
7fcf9b216000-7fcf9b2ef000 rw-p 00000000 00:00 0 
7fcf9b2ef000-7fcf9b2f2000 ---p 00000000 00:00 0 
7fcf9b2f2000-7fcf9b3f4000 rw-p 00000000 00:00 0 
7fcf9b400000-7fcf9b408000 rw-s 00000000 08:01 1972913                    /tmp/hsperfdata_foremost/18047
7fcf9b408000-7fcf9b409000 rw-p 00000000 00:00 0 
7fcf9b409000-7fcf9b40a000 ---p 00000000 00:00 0 
7fcf9b40a000-7fcf9b40c000 rw-p 00000000 00:00 0 
7fcf9b40c000-7fcf9b40d000 r--p 00025000 08:01 1839560                    /lib/x86_64-linux-gnu/ld-2.23.so
7fcf9b40d000-7fcf9b40e000 rw-p 00026000 08:01 1839560                    /lib/x86_64-linux-gnu/ld-2.23.so
7fcf9b40e000-7fcf9b40f000 rw-p 00000000 00:00 0 
7ffda9392000-7ffda93b4000 rw-p 00000000 00:00 0                          [stack]
7ffda93e9000-7ffda93eb000 r--p 00000000 00:00 0                          [vvar]
7ffda93eb000-7ffda93ed000 r-xp 00000000 00:00 0                          [vdso]
ffffffffff600000-ffffffffff601000 r-xp 00000000 00:00 0                  [vsyscall]

VM Arguments:
jvm_args: -Djava.awt.headless=true -Xmx1024M -Dfile.encoding=UTF-8 -Duser.country=US -Duser.language=en -Duser.variant 
java_command: com.android.dx.command.Main --dex --force-jumbo --num-threads=4 --multi-dex --output /home/foremost/StudioProjects/RestaurantMate/app/build/intermediates/transforms/dex/debug/folders/1000/5/slice_4 /home/foremost/StudioProjects/RestaurantMate/app/build/intermediates/transforms/instantRunSlicer/debug/folders/1/5/slice_4
java_class_path (initial): /home/foremost/Android/Sdk/build-tools/24.0.1/lib/dx.jar
Launcher Type: SUN_STANDARD

Environment Variables:
JAVA_HOME=/usr/lib/jvm/java-8-oracle
PATH=/home/foremost/bin:/home/foremost/.local/bin:/usr/local/sbin:/usr/local/bin:/usr/sbin:/usr/bin:/sbin:/bin:/usr/games:/usr/local/games:/snap/bin:/usr/lib/jvm/java-8-oracle/bin:/usr/lib/jvm/java-8-oracle/db/bin:/usr/lib/jvm/java-8-oracle/jre/bin
LD_LIBRARY_PATH=.:
SHELL=/bin/bash
DISPLAY=:0

Signal Handlers:
SIGSEGV: [libjvm.so+0x9daac0], sa_mask[0]=11111111011111111101111111111110, sa_flags=SA_RESTART|SA_SIGINFO
SIGBUS: [libjvm.so+0x9daac0], sa_mask[0]=11111111011111111101111111111110, sa_flags=SA_RESTART|SA_SIGINFO
SIGFPE: [libjvm.so+0x840d90], sa_mask[0]=11111111011111111101111111111110, sa_flags=SA_RESTART|SA_SIGINFO
SIGPIPE: [libjvm.so+0x840d90], sa_mask[0]=11111111011111111101111111111110, sa_flags=SA_RESTART|SA_SIGINFO
SIGXFSZ: [libjvm.so+0x840d90], sa_mask[0]=11111111011111111101111111111110, sa_flags=SA_RESTART|SA_SIGINFO
SIGILL: [libjvm.so+0x840d90], sa_mask[0]=11111111011111111101111111111110, sa_flags=SA_RESTART|SA_SIGINFO
SIGUSR1: SIG_DFL, sa_mask[0]=00000000000000000000000000000000, sa_flags=none
SIGUSR2: [libjvm.so+0x840c60], sa_mask[0]=00100000000000000000000000000000, sa_flags=SA_RESTART|SA_SIGINFO
SIGHUP: [libjvm.so+0x840e50], sa_mask[0]=11111111011111111101111111111110, sa_flags=SA_RESTART|SA_SIGINFO
SIGINT: [libjvm.so+0x840e50], sa_mask[0]=11111111011111111101111111111110, sa_flags=SA_RESTART|SA_SIGINFO
SIGTERM: [libjvm.so+0x840e50], sa_mask[0]=11111111011111111101111111111110, sa_flags=SA_RESTART|SA_SIGINFO
SIGQUIT: [libjvm.so+0x840e50], sa_mask[0]=11111111011111111101111111111110, sa_flags=SA_RESTART|SA_SIGINFO


---------------  S Y S T E M  ---------------

OS:DISTRIB_ID=Ubuntu
DISTRIB_RELEASE=16.04
DISTRIB_CODENAME=xenial
DISTRIB_DESCRIPTION="Ubuntu 16.04.1 LTS"

uname:Linux 4.4.0-31-generic #50-Ubuntu SMP Wed Jul 13 00:07:12 UTC 2016 x86_64
libc:glibc 2.23 NPTL 2.23 
rlimit: STACK 8192k, CORE 0k, NPROC 15307, NOFILE 65536, AS infinity
load average:21.31 5.80 2.39

/proc/meminfo:
MemTotal:        3957252 kB
MemFree:          272904 kB
MemAvailable:     207720 kB
Buffers:            1012 kB
Cached:           253104 kB
SwapCached:         3948 kB
Active:          2689148 kB
Inactive:         769744 kB
Active(anon):    2673876 kB
Inactive(anon):   737944 kB
Active(file):      15272 kB
Inactive(file):    31800 kB
Unevictable:          64 kB
Mlocked:              64 kB
SwapTotal:       4105212 kB
SwapFree:          72136 kB
Dirty:                 0 kB
Writeback:          1244 kB
AnonPages:       3201740 kB
Mapped:            42540 kB
Shmem:            206372 kB
Slab:             107516 kB
SReclaimable:      64916 kB
SUnreclaim:        42600 kB
KernelStack:       12768 kB
PageTables:        54800 kB
NFS_Unstable:          0 kB
Bounce:                0 kB
WritebackTmp:          0 kB
CommitLimit:     6083836 kB
Committed_AS:   12964732 kB
VmallocTotal:   34359738367 kB
VmallocUsed:           0 kB
VmallocChunk:          0 kB
HardwareCorrupted:     0 kB
AnonHugePages:    735232 kB
CmaTotal:              0 kB
CmaFree:               0 kB
HugePages_Total:       0
HugePages_Free:        0
HugePages_Rsvd:        0
HugePages_Surp:        0
Hugepagesize:       2048 kB
DirectMap4k:      184256 kB
DirectMap2M:     3921920 kB


CPU:total 4 (2 cores per cpu, 2 threads per core) family 6 model 42 stepping 7, cmov, cx8, fxsr, mmx, sse, sse2, sse3, ssse3, sse4.1, sse4.2, popcnt, avx, aes, clmul, ht, tsc, tscinvbit

/proc/cpuinfo:
processor	: 0
vendor_id	: GenuineIntel
cpu family	: 6
model		: 42
model name	: Intel(R) Core(TM) i5-2467M CPU @ 1.60GHz
stepping	: 7
microcode	: 0x17
cpu MHz		: 2000.000
cache size	: 3072 KB
physical id	: 0
siblings	: 4
core id		: 0
cpu cores	: 2
apicid		: 0
initial apicid	: 0
fpu		: yes
fpu_exception	: yes
cpuid level	: 13
wp		: yes
flags		: fpu vme de pse tsc msr pae mce cx8 apic sep mtrr pge mca cmov pat pse36 clflush dts acpi mmx fxsr sse sse2 ss ht tm pbe syscall nx rdtscp lm constant_tsc arch_perfmon pebs bts nopl xtopology nonstop_tsc aperfmperf eagerfpu pni pclmulqdq dtes64 monitor ds_cpl vmx est tm2 ssse3 cx16 xtpr pdcm pcid sse4_1 sse4_2 x2apic popcnt tsc_deadline_timer aes xsave avx lahf_lm epb tpr_shadow vnmi flexpriority ept vpid xsaveopt dtherm ida arat pln pts
bugs		:
bogomips	: 3192.47
clflush size	: 64
cache_alignment	: 64
address sizes	: 36 bits physical, 48 bits virtual
power management:

processor	: 1
vendor_id	: GenuineIntel
cpu family	: 6
model		: 42
model name	: Intel(R) Core(TM) i5-2467M CPU @ 1.60GHz
stepping	: 7
microcode	: 0x17
cpu MHz		: 2000.000
cache size	: 3072 KB
physical id	: 0
siblings	: 4
core id		: 0
cpu cores	: 2
apicid		: 1
initial apicid	: 1
fpu		: yes
fpu_exception	: yes
cpuid level	: 13
wp		: yes
flags		: fpu vme de pse tsc msr pae mce cx8 apic sep mtrr pge mca cmov pat pse36 clflush dts acpi mmx fxsr sse sse2 ss ht tm pbe syscall nx rdtscp lm constant_tsc arch_perfmon pebs bts nopl xtopology nonstop_tsc aperfmperf eagerfpu pni pclmulqdq dtes64 monitor ds_cpl vmx est tm2 ssse3 cx16 xtpr pdcm pcid sse4_1 sse4_2 x2apic popcnt tsc_deadline_timer aes xsave avx lahf_lm epb tpr_shadow vnmi flexpriority ept vpid xsaveopt dtherm ida arat pln pts
bugs		:
bogomips	: 3192.47
clflush size	: 64
cache_alignment	: 64
address sizes	: 36 bits physical, 48 bits virtual
power management:

processor	: 2
vendor_id	: GenuineIntel
cpu family	: 6
model		: 42
model name	: Intel(R) Core(TM) i5-2467M CPU @ 1.60GHz
stepping	: 7
microcode	: 0x17
cpu MHz		: 1999.937
cache size	: 3072 KB
physical id	: 0
siblings	: 4
core id		: 1
cpu cores	: 2
apicid		: 2
initial apicid	: 2
fpu		: yes
fpu_exception	: yes
cpuid level	: 13
wp		: yes
flags		: fpu vme de pse tsc msr pae mce cx8 apic sep mtrr pge mca cmov pat pse36 clflush dts acpi mmx fxsr sse sse2 ss ht tm pbe syscall nx rdtscp lm constant_tsc arch_perfmon pebs bts nopl xtopology nonstop_tsc aperfmperf eagerfpu pni pclmulqdq dtes64 monitor ds_cpl vmx est tm2 ssse3 cx16 xtpr pdcm pcid sse4_1 sse4_2 x2apic popcnt tsc_deadline_timer aes xsave avx lahf_lm epb tpr_shadow vnmi flexpriority ept vpid xsaveopt dtherm ida arat pln pts
bugs		:
bogomips	: 3192.47
clflush size	: 64
cache_alignment	: 64
address sizes	: 36 bits physical, 48 bits virtual
power management:

processor	: 3
vendor_id	: GenuineIntel
cpu family	: 6
model		: 42
model name	: Intel(R) Core(TM) i5-2467M CPU @ 1.60GHz
stepping	: 7
microcode	: 0x17
cpu MHz		: 1999.937
cache size	: 3072 KB
physical id	: 0
siblings	: 4
core id		: 1
cpu cores	: 2
apicid		: 3
initial apicid	: 3
fpu		: yes
fpu_exception	: yes
cpuid level	: 13
wp		: yes
flags		: fpu vme de pse tsc msr pae mce cx8 apic sep mtrr pge mca cmov pat pse36 clflush dts acpi mmx fxsr sse sse2 ss ht tm pbe syscall nx rdtscp lm constant_tsc arch_perfmon pebs bts nopl xtopology nonstop_tsc aperfmperf eagerfpu pni pclmulqdq dtes64 monitor ds_cpl vmx est tm2 ssse3 cx16 xtpr pdcm pcid sse4_1 sse4_2 x2apic popcnt tsc_deadline_timer aes xsave avx lahf_lm epb tpr_shadow vnmi flexpriority ept vpid xsaveopt dtherm ida arat pln pts
bugs		:
bogomips	: 3192.47
clflush size	: 64
cache_alignment	: 64
address sizes	: 36 bits physical, 48 bits virtual
power management:



Memory: 4k page, physical 3957252k(272656k free), swap 4105212k(72136k free)

vm_info: OpenJDK 64-Bit Server VM (25.76-b03) for linux-amd64 JRE (1.8.0_76-release-b03), built on Jun 29 2016 09:39:19 by "builder" with gcc 4.8.4

time: Thu Sep 22 17:21:55 2016
elapsed time: 40 seconds (0d 0h 0m 40s)

