#
# There is insufficient memory for the Java Runtime Environment to continue.
# Native memory allocation (mmap) failed to map 145752064 bytes for committing reserved memory.
# Possible reasons:
#   The system is out of physical RAM or swap space
#   In 32 bit mode, the process size limit was hit
# Possible solutions:
#   Reduce memory load on the system
#   Increase physical memory or swap space
#   Check if swap backing store is full
#   Use 64 bit Java on a 64 bit OS
#   Decrease Java heap size (-Xmx/-Xms)
#   Decrease number of Java threads
#   Decrease Java thread stack sizes (-Xss)
#   Set larger code cache with -XX:ReservedCodeCacheSize=
# This output file may be truncated or incomplete.
#
#  Out of Memory Error (os_linux.cpp:2627), pid=10116, tid=0x00007fc78cf17700
#
# JRE version: Java(TM) SE Runtime Environment (8.0_101-b13) (build 1.8.0_101-b13)
# Java VM: Java HotSpot(TM) 64-Bit Server VM (25.101-b13 mixed mode linux-amd64 compressed oops)
# Failed to write core dump. Core dumps have been disabled. To enable core dumping, try "ulimit -c unlimited" before starting Java again
#

---------------  T H R E A D  ---------------

Current thread (0x00007fc7ac078000):  VMThread [stack: 0x00007fc78ce17000,0x00007fc78cf18000] [id=10125]

Stack: [0x00007fc78ce17000,0x00007fc78cf18000],  sp=0x00007fc78cf16320,  free space=1020k
Native frames: (J=compiled Java code, j=interpreted, Vv=VM code, C=native code)
V  [libjvm.so+0xac3f0a]  VMError::report_and_die()+0x2ba
V  [libjvm.so+0x4fbf9b]  report_vm_out_of_memory(char const*, int, unsigned long, VMErrorType, char const*)+0x8b
V  [libjvm.so+0x9222d3]  os::Linux::commit_memory_impl(char*, unsigned long, bool)+0x103
V  [libjvm.so+0x922829]  os::pd_commit_memory(char*, unsigned long, unsigned long, bool)+0x29
V  [libjvm.so+0x91cb2a]  os::commit_memory(char*, unsigned long, unsigned long, bool)+0x2a
V  [libjvm.so+0x991053]  PSVirtualSpace::expand_by(unsigned long)+0x53
V  [libjvm.so+0x992458]  PSYoungGen::resize_generation(unsigned long, unsigned long)+0xf8
V  [libjvm.so+0x9915b2]  PSYoungGen::resize(unsigned long, unsigned long)+0x22
V  [libjvm.so+0x98e88b]  PSScavenge::invoke_no_policy()+0xf3b
V  [libjvm.so+0x98f011]  PSScavenge::invoke()+0x41
V  [libjvm.so+0x945fc0]  ParallelScavengeHeap::failed_mem_allocate(unsigned long)+0x70
V  [libjvm.so+0xac5927]  VM_ParallelGCFailedAllocation::doit()+0x97
V  [libjvm.so+0xacd405]  VM_Operation::evaluate()+0x55
V  [libjvm.so+0xacb7da]  VMThread::evaluate_operation(VM_Operation*)+0xba
V  [libjvm.so+0xacbb5e]  VMThread::loop()+0x1ce
V  [libjvm.so+0xacbfd0]  VMThread::run()+0x70
V  [libjvm.so+0x924698]  java_start(Thread*)+0x108

VM_Operation (0x00007fc777bf9e00): ParallelGCFailedAllocation, mode: safepoint, requested by thread 0x00007fc7ac153800


---------------  P R O C E S S  ---------------

Java Threads: ( => current thread )
  0x00007fc7ac159800 JavaThread "pool-1-thread-4" [_thread_blocked, id=10143, stack(0x00007fc7776f7000,0x00007fc7777f8000)]
  0x00007fc7ac158000 JavaThread "pool-1-thread-3" [_thread_blocked, id=10142, stack(0x00007fc7777f8000,0x00007fc7778f9000)]
  0x00007fc7ac156800 JavaThread "pool-1-thread-2" [_thread_blocked, id=10141, stack(0x00007fc7778f9000,0x00007fc7779fa000)]
  0x00007fc7ac155800 JavaThread "pool-2-thread-1" [_thread_blocked, id=10140, stack(0x00007fc7779fa000,0x00007fc777afb000)]
  0x00007fc7ac153800 JavaThread "pool-1-thread-1" [_thread_blocked, id=10139, stack(0x00007fc777afb000,0x00007fc777bfc000)]
  0x00007fc7ac0c0000 JavaThread "Service Thread" daemon [_thread_blocked, id=10137, stack(0x00007fc777cfd000,0x00007fc777dfe000)]
  0x00007fc7ac0bd000 JavaThread "C1 CompilerThread2" daemon [_thread_blocked, id=10136, stack(0x00007fc777dfe000,0x00007fc777eff000)]
  0x00007fc7ac0bb800 JavaThread "C2 CompilerThread1" daemon [_thread_blocked, id=10135, stack(0x00007fc777eff000,0x00007fc778000000)]
  0x00007fc7ac0b8800 JavaThread "C2 CompilerThread0" daemon [_thread_blocked, id=10132, stack(0x00007fc78c054000,0x00007fc78c155000)]
  0x00007fc7ac0b7000 JavaThread "Signal Dispatcher" daemon [_thread_blocked, id=10130, stack(0x00007fc78c155000,0x00007fc78c256000)]
  0x00007fc7ac084000 JavaThread "Finalizer" daemon [_thread_blocked, id=10127, stack(0x00007fc78cc15000,0x00007fc78cd16000)]
  0x00007fc7ac07f800 JavaThread "Reference Handler" daemon [_thread_blocked, id=10126, stack(0x00007fc78cd16000,0x00007fc78ce17000)]
  0x00007fc7ac00a000 JavaThread "main" [_thread_blocked, id=10120, stack(0x00007fc7b353c000,0x00007fc7b363d000)]

Other Threads:
=>0x00007fc7ac078000 VMThread [stack: 0x00007fc78ce17000,0x00007fc78cf18000] [id=10125]
  0x00007fc7ac0c3000 WatcherThread [stack: 0x00007fc777bfc000,0x00007fc777cfd000] [id=10138]

VM state:at safepoint (normal execution)

VM Mutex/Monitor currently owned by a thread:  ([mutex/lock_event])
[0x00007fc7ac006550] Threads_lock - owner thread: 0x00007fc7ac078000
[0x00007fc7ac006a50] Heap_lock - owner thread: 0x00007fc7ac153800

Heap:
 PSYoungGen      total 141312K, used 18414K [0x00000000eab00000, 0x00000000f4b00000, 0x0000000100000000)
  eden space 122880K, 0% used [0x00000000eab00000,0x00000000eab00000,0x00000000f2300000)
  from space 18432K, 99% used [0x00000000f2300000,0x00000000f34fb830,0x00000000f3500000)
  to   space 14336K, 0% used [0x00000000f3500000,0x00000000f3500000,0x00000000f4300000)
 ParOldGen       total 42496K, used 42186K [0x00000000c0000000, 0x00000000c2980000, 0x00000000eab00000)
  object space 42496K, 99% used [0x00000000c0000000,0x00000000c2932838,0x00000000c2980000)
 Metaspace       used 6306K, capacity 7128K, committed 7424K, reserved 1056768K
  class space    used 612K, capacity 656K, committed 768K, reserved 1048576K

Card table byte_map: [0x00007fc7b00df000,0x00007fc7b02e0000] byte_map_base: 0x00007fc7afadf000

Marking Bits: (ParMarkBitMap*) 0x00007fc7b2a08120
 Begin Bits: [0x00007fc78e000000, 0x00007fc78f000000)
 End Bits:   [0x00007fc78f000000, 0x00007fc790000000)

Polling page: 0x00007fc7b3657000

CodeCache: size=245760Kb used=6224Kb max_used=6224Kb free=239535Kb
 bounds [0x00007fc79d000000, 0x00007fc79d620000, 0x00007fc7ac000000]
 total_blobs=2010 nmethods=1742 adapters=181
 compilation: enabled

Compilation events (10 events):
Event: 9.784 Thread 0x00007fc7ac0bd000 nmethod 2021 0x00007fc79d616dd0 code [0x00007fc79d616f40, 0x00007fc79d617110]
Event: 9.784 Thread 0x00007fc7ac0bd000 2023       2       java.lang.Boolean::valueOf (14 bytes)
Event: 9.788 Thread 0x00007fc7ac0bd000 nmethod 2023 0x00007fc79d6171d0 code [0x00007fc79d617320, 0x00007fc79d617470]
Event: 9.788 Thread 0x00007fc7ac0bd000 2032       2       com.android.dx.rop.type.StdTypeList::set (7 bytes)
Event: 9.804 Thread 0x00007fc7ac0bd000 nmethod 2032 0x00007fc79d6174d0 code [0x00007fc79d617680, 0x00007fc79d617ac8]
Event: 9.804 Thread 0x00007fc7ac0bd000 2025       2       com.android.dx.command.dexer.Main::access$1300 (4 bytes)
Event: 9.804 Thread 0x00007fc7ac0bd000 nmethod 2025 0x00007fc79d617f50 code [0x00007fc79d6180a0, 0x00007fc79d6181d0]
Event: 9.805 Thread 0x00007fc7ac0bd000 2024       2       java.util.concurrent.ThreadPoolExecutor::runStateOf (5 bytes)
Event: 9.805 Thread 0x00007fc7ac0bd000 nmethod 2024 0x00007fc79d618250 code [0x00007fc79d6183a0, 0x00007fc79d6184d0]
Event: 9.805 Thread 0x00007fc7ac0bd000 2030   !   2       java.util.concurrent.FutureTask::run (126 bytes)

GC Heap History (10 events):
Event: 3.940 GC heap after
Heap after GC invocations=2 (full 0):
 PSYoungGen      total 34304K, used 2538K [0x00000000eab00000, 0x00000000ecf00000, 0x0000000100000000)
  eden space 31744K, 0% used [0x00000000eab00000,0x00000000eab00000,0x00000000eca00000)
  from space 2560K, 99% used [0x00000000ecc80000,0x00000000ecefaaa8,0x00000000ecf00000)
  to   space 2560K, 0% used [0x00000000eca00000,0x00000000eca00000,0x00000000ecc80000)
 ParOldGen       total 42496K, used 1974K [0x00000000c0000000, 0x00000000c2980000, 0x00000000eab00000)
  object space 42496K, 4% used [0x00000000c0000000,0x00000000c01edb80,0x00000000c2980000)
 Metaspace       used 5777K, capacity 6768K, committed 7040K, reserved 1056768K
  class space    used 589K, capacity 616K, committed 640K, reserved 1048576K
}
Event: 4.655 GC heap before
{Heap before GC invocations=3 (full 0):
 PSYoungGen      total 34304K, used 34282K [0x00000000eab00000, 0x00000000ecf00000, 0x0000000100000000)
  eden space 31744K, 100% used [0x00000000eab00000,0x00000000eca00000,0x00000000eca00000)
  from space 2560K, 99% used [0x00000000ecc80000,0x00000000ecefaaa8,0x00000000ecf00000)
  to   space 2560K, 0% used [0x00000000eca00000,0x00000000eca00000,0x00000000ecc80000)
 ParOldGen       total 42496K, used 1974K [0x00000000c0000000, 0x00000000c2980000, 0x00000000eab00000)
  object space 42496K, 4% used [0x00000000c0000000,0x00000000c01edb80,0x00000000c2980000)
 Metaspace       used 5897K, capacity 6896K, committed 7040K, reserved 1056768K
  class space    used 589K, capacity 616K, committed 640K, reserved 1048576K
Event: 4.708 GC heap after
Heap after GC invocations=3 (full 0):
 PSYoungGen      total 34304K, used 2528K [0x00000000eab00000, 0x00000000eee00000, 0x0000000100000000)
  eden space 31744K, 0% used [0x00000000eab00000,0x00000000eab00000,0x00000000eca00000)
  from space 2560K, 98% used [0x00000000eca00000,0x00000000ecc78028,0x00000000ecc80000)
  to   space 2560K, 0% used [0x00000000eeb80000,0x00000000eeb80000,0x00000000eee00000)
 ParOldGen       total 42496K, used 7163K [0x00000000c0000000, 0x00000000c2980000, 0x00000000eab00000)
  object space 42496K, 16% used [0x00000000c0000000,0x00000000c06feee0,0x00000000c2980000)
 Metaspace       used 5897K, capacity 6896K, committed 7040K, reserved 1056768K
  class space    used 589K, capacity 616K, committed 640K, reserved 1048576K
}
Event: 5.351 GC heap before
{Heap before GC invocations=4 (full 0):
 PSYoungGen      total 34304K, used 34272K [0x00000000eab00000, 0x00000000eee00000, 0x0000000100000000)
  eden space 31744K, 100% used [0x00000000eab00000,0x00000000eca00000,0x00000000eca00000)
  from space 2560K, 98% used [0x00000000eca00000,0x00000000ecc78028,0x00000000ecc80000)
  to   space 2560K, 0% used [0x00000000eeb80000,0x00000000eeb80000,0x00000000eee00000)
 ParOldGen       total 42496K, used 7163K [0x00000000c0000000, 0x00000000c2980000, 0x00000000eab00000)
  object space 42496K, 16% used [0x00000000c0000000,0x00000000c06feee0,0x00000000c2980000)
 Metaspace       used 5922K, capacity 6896K, committed 7040K, reserved 1056768K
  class space    used 591K, capacity 616K, committed 640K, reserved 1048576K
Event: 5.466 GC heap after
Heap after GC invocations=4 (full 0):
 PSYoungGen      total 66048K, used 2528K [0x00000000eab00000, 0x00000000eee00000, 0x0000000100000000)
  eden space 63488K, 0% used [0x00000000eab00000,0x00000000eab00000,0x00000000ee900000)
  from space 2560K, 98% used [0x00000000eeb80000,0x00000000eedf8028,0x00000000eee00000)
  to   space 2560K, 0% used [0x00000000ee900000,0x00000000ee900000,0x00000000eeb80000)
 ParOldGen       total 42496K, used 12481K [0x00000000c0000000, 0x00000000c2980000, 0x00000000eab00000)
  object space 42496K, 29% used [0x00000000c0000000,0x00000000c0c30700,0x00000000c2980000)
 Metaspace       used 5922K, capacity 6896K, committed 7040K, reserved 1056768K
  class space    used 591K, capacity 616K, committed 640K, reserved 1048576K
}
Event: 6.962 GC heap before
{Heap before GC invocations=5 (full 0):
 PSYoungGen      total 66048K, used 66016K [0x00000000eab00000, 0x00000000eee00000, 0x0000000100000000)
  eden space 63488K, 100% used [0x00000000eab00000,0x00000000ee900000,0x00000000ee900000)
  from space 2560K, 98% used [0x00000000eeb80000,0x00000000eedf8028,0x00000000eee00000)
  to   space 2560K, 0% used [0x00000000ee900000,0x00000000ee900000,0x00000000eeb80000)
 ParOldGen       total 42496K, used 12481K [0x00000000c0000000, 0x00000000c2980000, 0x00000000eab00000)
  object space 42496K, 29% used [0x00000000c0000000,0x00000000c0c30700,0x00000000c2980000)
 Metaspace       used 5961K, capacity 6960K, committed 7040K, reserved 1056768K
  class space    used 591K, capacity 616K, committed 640K, reserved 1048576K
Event: 7.140 GC heap after
Heap after GC invocations=5 (full 0):
 PSYoungGen      total 66048K, used 2550K [0x00000000eab00000, 0x00000000f4300000, 0x0000000100000000)
  eden space 63488K, 0% used [0x00000000eab00000,0x00000000eab00000,0x00000000ee900000)
  from space 2560K, 99% used [0x00000000ee900000,0x00000000eeb7d868,0x00000000eeb80000)
  to   space 14336K, 0% used [0x00000000f3500000,0x00000000f3500000,0x00000000f4300000)
 ParOldGen       total 42496K, used 23302K [0x00000000c0000000, 0x00000000c2980000, 0x00000000eab00000)
  object space 42496K, 54% used [0x00000000c0000000,0x00000000c16c1ab0,0x00000000c2980000)
 Metaspace       used 5961K, capacity 6960K, committed 7040K, reserved 1056768K
  class space    used 591K, capacity 616K, committed 640K, reserved 1048576K
}
Event: 7.923 GC heap before
{Heap before GC invocations=6 (full 0):
 PSYoungGen      total 66048K, used 66038K [0x00000000eab00000, 0x00000000f4300000, 0x0000000100000000)
  eden space 63488K, 100% used [0x00000000eab00000,0x00000000ee900000,0x00000000ee900000)
  from space 2560K, 99% used [0x00000000ee900000,0x00000000eeb7d868,0x00000000eeb80000)
  to   space 14336K, 0% used [0x00000000f3500000,0x00000000f3500000,0x00000000f4300000)
 ParOldGen       total 42496K, used 23302K [0x00000000c0000000, 0x00000000c2980000, 0x00000000eab00000)
  object space 42496K, 54% used [0x00000000c0000000,0x00000000c16c1ab0,0x00000000c2980000)
 Metaspace       used 6117K, capacity 7000K, committed 7168K, reserved 1056768K
  class space    used 612K, capacity 656K, committed 768K, reserved 1048576K
Event: 8.032 GC heap after
Heap after GC invocations=6 (full 0):
 PSYoungGen      total 137216K, used 14308K [0x00000000eab00000, 0x00000000f4b00000, 0x0000000100000000)
  eden space 122880K, 0% used [0x00000000eab00000,0x00000000eab00000,0x00000000f2300000)
  from space 14336K, 99% used [0x00000000f3500000,0x00000000f42f91c0,0x00000000f4300000)
  to   space 18432K, 0% used [0x00000000f2300000,0x00000000f2300000,0x00000000f3500000)
 ParOldGen       total 42496K, used 25742K [0x00000000c0000000, 0x00000000c2980000, 0x00000000eab00000)
  object space 42496K, 60% used [0x00000000c0000000,0x00000000c1923878,0x00000000c2980000)
 Metaspace       used 6117K, capacity 7000K, committed 7168K, reserved 1056768K
  class space    used 612K, capacity 656K, committed 768K, reserved 1048576K
}
Event: 9.898 GC heap before
{Heap before GC invocations=7 (full 0):
 PSYoungGen      total 137216K, used 137188K [0x00000000eab00000, 0x00000000f4b00000, 0x0000000100000000)
  eden space 122880K, 100% used [0x00000000eab00000,0x00000000f2300000,0x00000000f2300000)
  from space 14336K, 99% used [0x00000000f3500000,0x00000000f42f91c0,0x00000000f4300000)
  to   space 18432K, 0% used [0x00000000f2300000,0x00000000f2300000,0x00000000f3500000)
 ParOldGen       total 42496K, used 25742K [0x00000000c0000000, 0x00000000c2980000, 0x00000000eab00000)
  object space 42496K, 60% used [0x00000000c0000000,0x00000000c1923878,0x00000000c2980000)
 Metaspace       used 6306K, capacity 7128K, committed 7424K, reserved 1056768K
  class space    used 612K, capacity 656K, committed 768K, reserved 1048576K

Deoptimization events (10 events):
Event: 4.254 Thread 0x00007fc7ac153800 Uncommon trap: reason=unstable_if action=reinterpret pc=0x00007fc79d1faa5c method=java.util.HashMap.getNode(ILjava/lang/Object;)Ljava/util/HashMap$Node; @ 84
Event: 4.254 Thread 0x00007fc7ac153800 Uncommon trap: reason=unstable_if action=reinterpret pc=0x00007fc79d1e6b48 method=java.util.HashMap.getNode(ILjava/lang/Object;)Ljava/util/HashMap$Node; @ 84
Event: 4.398 Thread 0x00007fc7ac00a000 Uncommon trap: reason=unstable_if action=reinterpret pc=0x00007fc79d34287c method=com.android.dx.ssa.SsaMethod.updateOneDefinition(Lcom/android/dx/ssa/SsaInsn;Lcom/android/dx/rop/code/RegisterSpec;)V @ 4
Event: 4.948 Thread 0x00007fc7ac00a000 Uncommon trap: reason=unstable_if action=reinterpret pc=0x00007fc79d263f94 method=java.lang.String.<init>([CII)V @ 18
Event: 5.081 Thread 0x00007fc7ac00a000 Uncommon trap: reason=unstable_if action=reinterpret pc=0x00007fc79d2030dc method=java.lang.String.<init>([CII)V @ 18
Event: 5.577 Thread 0x00007fc7ac158000 Uncommon trap: reason=unstable_if action=reinterpret pc=0x00007fc79d2abe88 method=com.android.dx.ssa.SsaMethod.deleteInsns(Ljava/util/Set;)V @ 130
Event: 7.370 Thread 0x00007fc7ac153800 Uncommon trap: reason=uninitialized action=reinterpret pc=0x00007fc79d4b1de4 method=com.android.dx.cf.code.BytecodeArray.parseInstruction(ILcom/android/dx/cf/code/BytecodeArray$Visitor;)I @ 1031
Event: 7.870 Thread 0x00007fc7ac153800 Uncommon trap: reason=unstable_if action=reinterpret pc=0x00007fc79d238e0c method=java.util.HashMap.putVal(ILjava/lang/Object;Ljava/lang/Object;ZZ)Ljava/lang/Object; @ 162
Event: 7.892 Thread 0x00007fc7ac153800 Uncommon trap: reason=unstable_if action=reinterpret pc=0x00007fc79d27d2f8 method=java.util.HashMap.getNode(ILjava/lang/Object;)Ljava/util/HashMap$Node; @ 84
Event: 8.866 Thread 0x00007fc7ac00a000 Uncommon trap: reason=unstable_if action=reinterpret pc=0x00007fc79d467498 method=com.android.dx.ssa.SCCP.simulateStmt(Lcom/android/dx/ssa/SsaInsn;)V @ 53

Internal exceptions (6 events):
Event: 0.286 Thread 0x00007fc7ac00a000 Exception <a 'java/lang/NoSuchMethodError': Method sun.misc.Unsafe.defineClass(Ljava/lang/String;[BII)Ljava/lang/Class; name or signature does not match> (0x00000000eab07cc0) thrown at [/HUDSON3/workspace/8-2-build-linux-amd64/jdk8u101/7261/hotspot/src/sh
Event: 0.286 Thread 0x00007fc7ac00a000 Exception <a 'java/lang/NoSuchMethodError': Method sun.misc.Unsafe.prefetchRead(Ljava/lang/Object;J)V name or signature does not match> (0x00000000eab07fa8) thrown at [/HUDSON3/workspace/8-2-build-linux-amd64/jdk8u101/7261/hotspot/src/share/vm/prims/jni.c
Event: 3.822 Thread 0x00007fc7ac00a000 Implicit null exception at 0x00007fc79d283522 to 0x00007fc79d283613
Event: 7.886 Thread 0x00007fc7ac153800 Exception <a 'java/lang/ArrayIndexOutOfBoundsException': 18> (0x00000000ee5e3e18) thrown at [/HUDSON3/workspace/8-2-build-linux-amd64/jdk8u101/7261/hotspot/src/share/vm/interpreter/interpreterRuntime.cpp, line 366]
Event: 7.887 Thread 0x00007fc7ac153800 Exception <a 'java/lang/ArrayIndexOutOfBoundsException': 145> (0x00000000ee5e5998) thrown at [/HUDSON3/workspace/8-2-build-linux-amd64/jdk8u101/7261/hotspot/src/share/vm/interpreter/interpreterRuntime.cpp, line 366]
Event: 7.890 Thread 0x00007fc7ac153800 Exception <a 'java/lang/ArrayIndexOutOfBoundsException': 40> (0x00000000ee5e6c80) thrown at [/HUDSON3/workspace/8-2-build-linux-amd64/jdk8u101/7261/hotspot/src/share/vm/interpreter/interpreterRuntime.cpp, line 366]

Events (10 events):
Event: 8.957 Thread 0x00007fc7ac00a000 DEOPT UNPACKING pc=0x00007fc79d047633 sp=0x00007fc7b363a630 mode 0
Event: 9.234 Thread 0x00007fc7ac156800 DEOPT PACKING pc=0x00007fc79d3a752c sp=0x00007fc7779f7fb0
Event: 9.234 Thread 0x00007fc7ac156800 DEOPT UNPACKING pc=0x00007fc79d047633 sp=0x00007fc7779f7cb0 mode 0
Event: 9.496 Thread 0x00007fc7ac158000 DEOPT PACKING pc=0x00007fc79d3a752c sp=0x00007fc7778f6fb0
Event: 9.497 Thread 0x00007fc7ac158000 DEOPT UNPACKING pc=0x00007fc79d047633 sp=0x00007fc7778f6cb0 mode 0
Event: 9.647 Thread 0x00007fc7ac156800 DEOPT PACKING pc=0x00007fc79d48cfcd sp=0x00007fc7779f7d00
Event: 9.647 Thread 0x00007fc7ac156800 DEOPT UNPACKING pc=0x00007fc79d047633 sp=0x00007fc7779f7a88 mode 0
Event: 9.752 Thread 0x00007fc7ac153800 DEOPT PACKING pc=0x00007fc79d3a752c sp=0x00007fc777bfa060
Event: 9.752 Thread 0x00007fc7ac153800 DEOPT UNPACKING pc=0x00007fc79d047633 sp=0x00007fc777bf9d60 mode 0
Event: 9.876 Executing VM operation: ParallelGCFailedAllocation


Dynamic libraries:
00400000-00401000 r-xp 00000000 08:01 4989074                            /usr/lib/jvm/java-8-oracle/bin/java
00600000-00601000 rw-p 00000000 08:01 4989074                            /usr/lib/jvm/java-8-oracle/bin/java
01a20000-01a41000 rw-p 00000000 00:00 0                                  [heap]
c0000000-c2980000 rw-p 00000000 00:00 0 
c2980000-eab00000 ---p 00000000 00:00 0 
eab00000-f4b00000 rw-p 00000000 00:00 0 
fd600000-100000000 ---p 00000000 00:00 0 
100000000-1000c0000 rw-p 00000000 00:00 0 
1000c0000-140000000 ---p 00000000 00:00 0 
7fc748000000-7fc748021000 rw-p 00000000 00:00 0 
7fc748021000-7fc74c000000 ---p 00000000 00:00 0 
7fc750000000-7fc750021000 rw-p 00000000 00:00 0 
7fc750021000-7fc754000000 ---p 00000000 00:00 0 
7fc754000000-7fc75402b000 rw-p 00000000 00:00 0 
7fc75402b000-7fc758000000 ---p 00000000 00:00 0 
7fc758000000-7fc75802b000 rw-p 00000000 00:00 0 
7fc75802b000-7fc75c000000 ---p 00000000 00:00 0 
7fc75c000000-7fc75c021000 rw-p 00000000 00:00 0 
7fc75c021000-7fc760000000 ---p 00000000 00:00 0 
7fc760000000-7fc760021000 rw-p 00000000 00:00 0 
7fc760021000-7fc764000000 ---p 00000000 00:00 0 
7fc764000000-7fc764021000 rw-p 00000000 00:00 0 
7fc764021000-7fc768000000 ---p 00000000 00:00 0 
7fc768000000-7fc768b4f000 rw-p 00000000 00:00 0 
7fc768b4f000-7fc76c000000 ---p 00000000 00:00 0 
7fc76c000000-7fc76c8c4000 rw-p 00000000 00:00 0 
7fc76c8c4000-7fc770000000 ---p 00000000 00:00 0 
7fc770000000-7fc770724000 rw-p 00000000 00:00 0 
7fc770724000-7fc774000000 ---p 00000000 00:00 0 
7fc7776f7000-7fc7776fa000 ---p 00000000 00:00 0 
7fc7776fa000-7fc7777f8000 rw-p 00000000 00:00 0 
7fc7777f8000-7fc7777fb000 ---p 00000000 00:00 0 
7fc7777fb000-7fc7778f9000 rw-p 00000000 00:00 0 
7fc7778f9000-7fc7778fc000 ---p 00000000 00:00 0 
7fc7778fc000-7fc7779fa000 rw-p 00000000 00:00 0 
7fc7779fa000-7fc7779fd000 ---p 00000000 00:00 0 
7fc7779fd000-7fc777afb000 rw-p 00000000 00:00 0 
7fc777afb000-7fc777afe000 ---p 00000000 00:00 0 
7fc777afe000-7fc777bfc000 rw-p 00000000 00:00 0 
7fc777bfc000-7fc777bfd000 ---p 00000000 00:00 0 
7fc777bfd000-7fc777cfd000 rw-p 00000000 00:00 0 
7fc777cfd000-7fc777d00000 ---p 00000000 00:00 0 
7fc777d00000-7fc777dfe000 rw-p 00000000 00:00 0 
7fc777dfe000-7fc777e01000 ---p 00000000 00:00 0 
7fc777e01000-7fc777eff000 rw-p 00000000 00:00 0 
7fc777eff000-7fc777f02000 ---p 00000000 00:00 0 
7fc777f02000-7fc778000000 rw-p 00000000 00:00 0 
7fc778000000-7fc778021000 rw-p 00000000 00:00 0 
7fc778021000-7fc77c000000 ---p 00000000 00:00 0 
7fc77c000000-7fc77c021000 rw-p 00000000 00:00 0 
7fc77c021000-7fc780000000 ---p 00000000 00:00 0 
7fc780000000-7fc78028e000 rw-p 00000000 00:00 0 
7fc78028e000-7fc784000000 ---p 00000000 00:00 0 
7fc784000000-7fc784021000 rw-p 00000000 00:00 0 
7fc784021000-7fc788000000 ---p 00000000 00:00 0 
7fc788000000-7fc788021000 rw-p 00000000 00:00 0 
7fc788021000-7fc78c000000 ---p 00000000 00:00 0 
7fc78c054000-7fc78c057000 ---p 00000000 00:00 0 
7fc78c057000-7fc78c155000 rw-p 00000000 00:00 0 
7fc78c155000-7fc78c158000 ---p 00000000 00:00 0 
7fc78c158000-7fc78c256000 rw-p 00000000 00:00 0 
7fc78c256000-7fc78cc15000 r--p 00000000 08:01 4856948                    /usr/lib/locale/locale-archive
7fc78cc15000-7fc78cc18000 ---p 00000000 00:00 0 
7fc78cc18000-7fc78cd16000 rw-p 00000000 00:00 0 
7fc78cd16000-7fc78cd19000 ---p 00000000 00:00 0 
7fc78cd19000-7fc78ce17000 rw-p 00000000 00:00 0 
7fc78ce17000-7fc78ce18000 ---p 00000000 00:00 0 
7fc78ce18000-7fc78de27000 rw-p 00000000 00:00 0 
7fc78de27000-7fc78e000000 r--s 03d29000 08:01 4989141                    /usr/lib/jvm/java-8-oracle/jre/lib/rt.jar
7fc78e000000-7fc790000000 rw-p 00000000 00:00 0 
7fc790000000-7fc790021000 rw-p 00000000 00:00 0 
7fc790021000-7fc794000000 ---p 00000000 00:00 0 
7fc794000000-7fc794021000 rw-p 00000000 00:00 0 
7fc794021000-7fc798000000 ---p 00000000 00:00 0 
7fc798000000-7fc798021000 rw-p 00000000 00:00 0 
7fc798021000-7fc79c000000 ---p 00000000 00:00 0 
7fc79c035000-7fc79c043000 r--s 0007c000 08:01 1179927                    /home/foremost/Android Projects/RestaurantMate/app/build/intermediates/exploded-aar/com.google.android.gms/play-services-basement/9.4.0/jars/classes.jar
7fc79c043000-7fc79c726000 rw-p 00000000 00:00 0 
7fc79c726000-7fc79c8a6000 ---p 00000000 00:00 0 
7fc79c8a6000-7fc79caa6000 rw-p 00000000 00:00 0 
7fc79caa6000-7fc79caa7000 ---p 00000000 00:00 0 
7fc79caa7000-7fc79cba7000 rw-p 00000000 00:00 0 
7fc79cba7000-7fc79cba8000 ---p 00000000 00:00 0 
7fc79cba8000-7fc79cca8000 rw-p 00000000 00:00 0 
7fc79cca8000-7fc79cca9000 ---p 00000000 00:00 0 
7fc79cca9000-7fc79cda9000 rw-p 00000000 00:00 0 
7fc79cda9000-7fc79cdaa000 ---p 00000000 00:00 0 
7fc79cdaa000-7fc79cebf000 rw-p 00000000 00:00 0 
7fc79cebf000-7fc79d000000 ---p 00000000 00:00 0 
7fc79d000000-7fc79d620000 rwxp 00000000 00:00 0 
7fc79d620000-7fc7ac000000 ---p 00000000 00:00 0 
7fc7ac000000-7fc7ac39e000 rw-p 00000000 00:00 0 
7fc7ac39e000-7fc7b0000000 ---p 00000000 00:00 0 
7fc7b000c000-7fc7b001a000 r--s 000e0000 08:01 393397                     /home/foremost/Android/Sdk/build-tools/24.0.1/lib/dx.jar
7fc7b001a000-7fc7b00f4000 rw-p 00000000 00:00 0 
7fc7b00f4000-7fc7b0234000 ---p 00000000 00:00 0 
7fc7b0234000-7fc7b0285000 rw-p 00000000 00:00 0 
7fc7b0285000-7fc7b02df000 ---p 00000000 00:00 0 
7fc7b02df000-7fc7b02f9000 rw-p 00000000 00:00 0 
7fc7b02f9000-7fc7b06a0000 ---p 00000000 00:00 0 
7fc7b06a0000-7fc7b06ba000 r-xp 00000000 08:01 5114038                    /usr/lib/jvm/java-8-oracle/jre/lib/amd64/libzip.so
7fc7b06ba000-7fc7b08ba000 ---p 0001a000 08:01 5114038                    /usr/lib/jvm/java-8-oracle/jre/lib/amd64/libzip.so
7fc7b08ba000-7fc7b08bb000 rw-p 0001a000 08:01 5114038                    /usr/lib/jvm/java-8-oracle/jre/lib/amd64/libzip.so
7fc7b08bb000-7fc7b08c6000 r-xp 00000000 08:01 4592218                    /lib/x86_64-linux-gnu/libnss_files-2.23.so
7fc7b08c6000-7fc7b0ac5000 ---p 0000b000 08:01 4592218                    /lib/x86_64-linux-gnu/libnss_files-2.23.so
7fc7b0ac5000-7fc7b0ac6000 r--p 0000a000 08:01 4592218                    /lib/x86_64-linux-gnu/libnss_files-2.23.so
7fc7b0ac6000-7fc7b0ac7000 rw-p 0000b000 08:01 4592218                    /lib/x86_64-linux-gnu/libnss_files-2.23.so
7fc7b0ac7000-7fc7b0acd000 rw-p 00000000 00:00 0 
7fc7b0acd000-7fc7b0ad8000 r-xp 00000000 08:01 4592228                    /lib/x86_64-linux-gnu/libnss_nis-2.23.so
7fc7b0ad8000-7fc7b0cd7000 ---p 0000b000 08:01 4592228                    /lib/x86_64-linux-gnu/libnss_nis-2.23.so
7fc7b0cd7000-7fc7b0cd8000 r--p 0000a000 08:01 4592228                    /lib/x86_64-linux-gnu/libnss_nis-2.23.so
7fc7b0cd8000-7fc7b0cd9000 rw-p 0000b000 08:01 4592228                    /lib/x86_64-linux-gnu/libnss_nis-2.23.so
7fc7b0cd9000-7fc7b0cef000 r-xp 00000000 08:01 4592212                    /lib/x86_64-linux-gnu/libnsl-2.23.so
7fc7b0cef000-7fc7b0eee000 ---p 00016000 08:01 4592212                    /lib/x86_64-linux-gnu/libnsl-2.23.so
7fc7b0eee000-7fc7b0eef000 r--p 00015000 08:01 4592212                    /lib/x86_64-linux-gnu/libnsl-2.23.so
7fc7b0eef000-7fc7b0ef0000 rw-p 00016000 08:01 4592212                    /lib/x86_64-linux-gnu/libnsl-2.23.so
7fc7b0ef0000-7fc7b0ef2000 rw-p 00000000 00:00 0 
7fc7b0ef2000-7fc7b0efa000 r-xp 00000000 08:01 4592214                    /lib/x86_64-linux-gnu/libnss_compat-2.23.so
7fc7b0efa000-7fc7b10f9000 ---p 00008000 08:01 4592214                    /lib/x86_64-linux-gnu/libnss_compat-2.23.so
7fc7b10f9000-7fc7b10fa000 r--p 00007000 08:01 4592214                    /lib/x86_64-linux-gnu/libnss_compat-2.23.so
7fc7b10fa000-7fc7b10fb000 rw-p 00008000 08:01 4592214                    /lib/x86_64-linux-gnu/libnss_compat-2.23.so
7fc7b10fb000-7fc7b1125000 r-xp 00000000 08:01 5114067                    /usr/lib/jvm/java-8-oracle/jre/lib/amd64/libjava.so
7fc7b1125000-7fc7b1325000 ---p 0002a000 08:01 5114067                    /usr/lib/jvm/java-8-oracle/jre/lib/amd64/libjava.so
7fc7b1325000-7fc7b1327000 rw-p 0002a000 08:01 5114067                    /usr/lib/jvm/java-8-oracle/jre/lib/amd64/libjava.so
7fc7b1327000-7fc7b1334000 r-xp 00000000 08:01 5114018                    /usr/lib/jvm/java-8-oracle/jre/lib/amd64/libverify.so
7fc7b1334000-7fc7b1534000 ---p 0000d000 08:01 5114018                    /usr/lib/jvm/java-8-oracle/jre/lib/amd64/libverify.so
7fc7b1534000-7fc7b1536000 rw-p 0000d000 08:01 5114018                    /usr/lib/jvm/java-8-oracle/jre/lib/amd64/libverify.so
7fc7b1536000-7fc7b153d000 r-xp 00000000 08:01 4592273                    /lib/x86_64-linux-gnu/librt-2.23.so
7fc7b153d000-7fc7b173c000 ---p 00007000 08:01 4592273                    /lib/x86_64-linux-gnu/librt-2.23.so
7fc7b173c000-7fc7b173d000 r--p 00006000 08:01 4592273                    /lib/x86_64-linux-gnu/librt-2.23.so
7fc7b173d000-7fc7b173e000 rw-p 00007000 08:01 4592273                    /lib/x86_64-linux-gnu/librt-2.23.so
7fc7b173e000-7fc7b1846000 r-xp 00000000 08:01 4592189                    /lib/x86_64-linux-gnu/libm-2.23.so
7fc7b1846000-7fc7b1a45000 ---p 00108000 08:01 4592189                    /lib/x86_64-linux-gnu/libm-2.23.so
7fc7b1a45000-7fc7b1a46000 r--p 00107000 08:01 4592189                    /lib/x86_64-linux-gnu/libm-2.23.so
7fc7b1a46000-7fc7b1a47000 rw-p 00108000 08:01 4592189                    /lib/x86_64-linux-gnu/libm-2.23.so
7fc7b1a47000-7fc7b2712000 r-xp 00000000 08:01 5114071                    /usr/lib/jvm/java-8-oracle/jre/lib/amd64/server/libjvm.so
7fc7b2712000-7fc7b2911000 ---p 00ccb000 08:01 5114071                    /usr/lib/jvm/java-8-oracle/jre/lib/amd64/server/libjvm.so
7fc7b2911000-7fc7b29ea000 rw-p 00cca000 08:01 5114071                    /usr/lib/jvm/java-8-oracle/jre/lib/amd64/server/libjvm.so
7fc7b29ea000-7fc7b2a35000 rw-p 00000000 00:00 0 
7fc7b2a35000-7fc7b2bf5000 r-xp 00000000 08:01 4592119                    /lib/x86_64-linux-gnu/libc-2.23.so
7fc7b2bf5000-7fc7b2df4000 ---p 001c0000 08:01 4592119                    /lib/x86_64-linux-gnu/libc-2.23.so
7fc7b2df4000-7fc7b2df8000 r--p 001bf000 08:01 4592119                    /lib/x86_64-linux-gnu/libc-2.23.so
7fc7b2df8000-7fc7b2dfa000 rw-p 001c3000 08:01 4592119                    /lib/x86_64-linux-gnu/libc-2.23.so
7fc7b2dfa000-7fc7b2dfe000 rw-p 00000000 00:00 0 
7fc7b2dfe000-7fc7b2e01000 r-xp 00000000 08:01 4592143                    /lib/x86_64-linux-gnu/libdl-2.23.so
7fc7b2e01000-7fc7b3000000 ---p 00003000 08:01 4592143                    /lib/x86_64-linux-gnu/libdl-2.23.so
7fc7b3000000-7fc7b3001000 r--p 00002000 08:01 4592143                    /lib/x86_64-linux-gnu/libdl-2.23.so
7fc7b3001000-7fc7b3002000 rw-p 00003000 08:01 4592143                    /lib/x86_64-linux-gnu/libdl-2.23.so
7fc7b3002000-7fc7b3017000 r-xp 00000000 08:01 4988293                    /usr/lib/jvm/java-8-oracle/lib/amd64/jli/libjli.so
7fc7b3017000-7fc7b3217000 ---p 00015000 08:01 4988293                    /usr/lib/jvm/java-8-oracle/lib/amd64/jli/libjli.so
7fc7b3217000-7fc7b3218000 rw-p 00015000 08:01 4988293                    /usr/lib/jvm/java-8-oracle/lib/amd64/jli/libjli.so
7fc7b3218000-7fc7b3230000 r-xp 00000000 08:01 4592265                    /lib/x86_64-linux-gnu/libpthread-2.23.so
7fc7b3230000-7fc7b342f000 ---p 00018000 08:01 4592265                    /lib/x86_64-linux-gnu/libpthread-2.23.so
7fc7b342f000-7fc7b3430000 r--p 00017000 08:01 4592265                    /lib/x86_64-linux-gnu/libpthread-2.23.so
7fc7b3430000-7fc7b3431000 rw-p 00018000 08:01 4592265                    /lib/x86_64-linux-gnu/libpthread-2.23.so
7fc7b3431000-7fc7b3435000 rw-p 00000000 00:00 0 
7fc7b3435000-7fc7b345b000 r-xp 00000000 08:01 4592091                    /lib/x86_64-linux-gnu/ld-2.23.so
7fc7b3463000-7fc7b353c000 rw-p 00000000 00:00 0 
7fc7b353c000-7fc7b353f000 ---p 00000000 00:00 0 
7fc7b353f000-7fc7b3641000 rw-p 00000000 00:00 0 
7fc7b364e000-7fc7b3656000 rw-s 00000000 08:01 6692080                    /tmp/hsperfdata_foremost/10116
7fc7b3656000-7fc7b3657000 rw-p 00000000 00:00 0 
7fc7b3657000-7fc7b3658000 ---p 00000000 00:00 0 
7fc7b3658000-7fc7b365a000 rw-p 00000000 00:00 0 
7fc7b365a000-7fc7b365b000 r--p 00025000 08:01 4592091                    /lib/x86_64-linux-gnu/ld-2.23.so
7fc7b365b000-7fc7b365c000 rw-p 00026000 08:01 4592091                    /lib/x86_64-linux-gnu/ld-2.23.so
7fc7b365c000-7fc7b365d000 rw-p 00000000 00:00 0 
7ffc1e99f000-7ffc1e9c0000 rw-p 00000000 00:00 0                          [stack]
7ffc1e9f6000-7ffc1e9f8000 r--p 00000000 00:00 0                          [vvar]
7ffc1e9f8000-7ffc1e9fa000 r-xp 00000000 00:00 0                          [vdso]
ffffffffff600000-ffffffffff601000 r-xp 00000000 00:00 0                  [vsyscall]

VM Arguments:
jvm_args: -Djava.awt.headless=true -Xmx1024M -Dfile.encoding=UTF-8 -Duser.country=US -Duser.language=en -Duser.variant 
java_command: com.android.dx.command.Main --dex --force-jumbo --num-threads=4 --output /home/foremost/Android Projects/RestaurantMate/app/build/intermediates/pre-dexed/debug/com.google.android.gms-play-services-basement-9.4.0_ac14420eb3cfdcce25506c83d64fd8ec6e6cf8ab.jar /home/foremost/Android Projects/RestaurantMate/app/build/intermediates/exploded-aar/com.google.android.gms/play-services-basement/9.4.0/jars/classes.jar
java_class_path (initial): /home/foremost/Android/Sdk/build-tools/24.0.1/lib/dx.jar
Launcher Type: SUN_STANDARD

Environment Variables:
JAVA_HOME=/usr/lib/jvm/java-8-oracle
PATH=/home/foremost/bin:/home/foremost/.local/bin:/usr/local/sbin:/usr/local/bin:/usr/sbin:/usr/bin:/sbin:/bin:/usr/games:/usr/local/games:/snap/bin:/usr/lib/jvm/java-8-oracle/bin:/usr/lib/jvm/java-8-oracle/db/bin:/usr/lib/jvm/java-8-oracle/jre/bin
SHELL=/bin/bash
DISPLAY=:0

Signal Handlers:
SIGSEGV: [libjvm.so+0xac4790], sa_mask[0]=11111111011111111101111111111110, sa_flags=SA_RESTART|SA_SIGINFO
SIGBUS: [libjvm.so+0xac4790], sa_mask[0]=11111111011111111101111111111110, sa_flags=SA_RESTART|SA_SIGINFO
SIGFPE: [libjvm.so+0x91f140], sa_mask[0]=11111111011111111101111111111110, sa_flags=SA_RESTART|SA_SIGINFO
SIGPIPE: [libjvm.so+0x91f140], sa_mask[0]=11111111011111111101111111111110, sa_flags=SA_RESTART|SA_SIGINFO
SIGXFSZ: [libjvm.so+0x91f140], sa_mask[0]=11111111011111111101111111111110, sa_flags=SA_RESTART|SA_SIGINFO
SIGILL: [libjvm.so+0x91f140], sa_mask[0]=11111111011111111101111111111110, sa_flags=SA_RESTART|SA_SIGINFO
SIGUSR1: SIG_DFL, sa_mask[0]=00000000000000000000000000000000, sa_flags=none
SIGUSR2: [libjvm.so+0x920770], sa_mask[0]=00100000000000000000000000000000, sa_flags=SA_RESTART|SA_SIGINFO
SIGHUP: [libjvm.so+0x921b70], sa_mask[0]=11111111011111111101111111111110, sa_flags=SA_RESTART|SA_SIGINFO
SIGINT: [libjvm.so+0x921b70], sa_mask[0]=11111111011111111101111111111110, sa_flags=SA_RESTART|SA_SIGINFO
SIGTERM: [libjvm.so+0x921b70], sa_mask[0]=11111111011111111101111111111110, sa_flags=SA_RESTART|SA_SIGINFO
SIGQUIT: [libjvm.so+0x921b70], sa_mask[0]=11111111011111111101111111111110, sa_flags=SA_RESTART|SA_SIGINFO


---------------  S Y S T E M  ---------------

OS:DISTRIB_ID=Ubuntu
DISTRIB_RELEASE=16.04
DISTRIB_CODENAME=xenial
DISTRIB_DESCRIPTION="Ubuntu 16.04.1 LTS"

uname:Linux 4.4.0-36-generic #55-Ubuntu SMP Thu Aug 11 18:01:55 UTC 2016 x86_64
libc:glibc 2.23 NPTL 2.23 
rlimit: STACK 8192k, CORE 0k, NPROC 15307, NOFILE 65536, AS infinity
load average:16.45 5.16 2.29

/proc/meminfo:
MemTotal:        3957244 kB
MemFree:           89676 kB
MemAvailable:       1288 kB
Buffers:             524 kB
Cached:           443552 kB
SwapCached:          532 kB
Active:          2873180 kB
Inactive:         797484 kB
Active(anon):    2859908 kB
Inactive(anon):   786272 kB
Active(file):      13272 kB
Inactive(file):    11212 kB
Unevictable:          32 kB
Mlocked:              32 kB
SwapTotal:       4105212 kB
SwapFree:              0 kB
Dirty:                20 kB
Writeback:            36 kB
AnonPages:       3227204 kB
Mapped:            24560 kB
Shmem:            418916 kB
Slab:              82112 kB
SReclaimable:      41096 kB
SUnreclaim:        41016 kB
KernelStack:       12688 kB
PageTables:        53220 kB
NFS_Unstable:          0 kB
Bounce:                0 kB
WritebackTmp:          0 kB
CommitLimit:     6083832 kB
Committed_AS:   13494300 kB
VmallocTotal:   34359738367 kB
VmallocUsed:           0 kB
VmallocChunk:          0 kB
HardwareCorrupted:     0 kB
AnonHugePages:   1144832 kB
CmaTotal:              0 kB
CmaFree:               0 kB
HugePages_Total:       0
HugePages_Free:        0
HugePages_Rsvd:        0
HugePages_Surp:        0
Hugepagesize:       2048 kB
DirectMap4k:      163776 kB
DirectMap2M:     3942400 kB


CPU:total 4 (2 cores per cpu, 2 threads per core) family 6 model 42 stepping 7, cmov, cx8, fxsr, mmx, sse, sse2, sse3, ssse3, sse4.1, sse4.2, popcnt, avx, aes, clmul, ht, tsc, tscinvbit

/proc/cpuinfo:
processor	: 0
vendor_id	: GenuineIntel
cpu family	: 6
model		: 42
model name	: Intel(R) Core(TM) i5-2467M CPU @ 1.60GHz
stepping	: 7
microcode	: 0x17
cpu MHz		: 1999.937
cache size	: 3072 KB
physical id	: 0
siblings	: 4
core id		: 0
cpu cores	: 2
apicid		: 0
initial apicid	: 0
fpu		: yes
fpu_exception	: yes
cpuid level	: 13
wp		: yes
flags		: fpu vme de pse tsc msr pae mce cx8 apic sep mtrr pge mca cmov pat pse36 clflush dts acpi mmx fxsr sse sse2 ss ht tm pbe syscall nx rdtscp lm constant_tsc arch_perfmon pebs bts nopl xtopology nonstop_tsc aperfmperf eagerfpu pni pclmulqdq dtes64 monitor ds_cpl vmx est tm2 ssse3 cx16 xtpr pdcm pcid sse4_1 sse4_2 x2apic popcnt tsc_deadline_timer aes xsave avx lahf_lm epb tpr_shadow vnmi flexpriority ept vpid xsaveopt dtherm ida arat pln pts
bugs		:
bogomips	: 3192.49
clflush size	: 64
cache_alignment	: 64
address sizes	: 36 bits physical, 48 bits virtual
power management:

processor	: 1
vendor_id	: GenuineIntel
cpu family	: 6
model		: 42
model name	: Intel(R) Core(TM) i5-2467M CPU @ 1.60GHz
stepping	: 7
microcode	: 0x17
cpu MHz		: 2000.000
cache size	: 3072 KB
physical id	: 0
siblings	: 4
core id		: 0
cpu cores	: 2
apicid		: 1
initial apicid	: 1
fpu		: yes
fpu_exception	: yes
cpuid level	: 13
wp		: yes
flags		: fpu vme de pse tsc msr pae mce cx8 apic sep mtrr pge mca cmov pat pse36 clflush dts acpi mmx fxsr sse sse2 ss ht tm pbe syscall nx rdtscp lm constant_tsc arch_perfmon pebs bts nopl xtopology nonstop_tsc aperfmperf eagerfpu pni pclmulqdq dtes64 monitor ds_cpl vmx est tm2 ssse3 cx16 xtpr pdcm pcid sse4_1 sse4_2 x2apic popcnt tsc_deadline_timer aes xsave avx lahf_lm epb tpr_shadow vnmi flexpriority ept vpid xsaveopt dtherm ida arat pln pts
bugs		:
bogomips	: 3192.49
clflush size	: 64
cache_alignment	: 64
address sizes	: 36 bits physical, 48 bits virtual
power management:

processor	: 2
vendor_id	: GenuineIntel
cpu family	: 6
model		: 42
model name	: Intel(R) Core(TM) i5-2467M CPU @ 1.60GHz
stepping	: 7
microcode	: 0x17
cpu MHz		: 1999.937
cache size	: 3072 KB
physical id	: 0
siblings	: 4
core id		: 1
cpu cores	: 2
apicid		: 2
initial apicid	: 2
fpu		: yes
fpu_exception	: yes
cpuid level	: 13
wp		: yes
flags		: fpu vme de pse tsc msr pae mce cx8 apic sep mtrr pge mca cmov pat pse36 clflush dts acpi mmx fxsr sse sse2 ss ht tm pbe syscall nx rdtscp lm constant_tsc arch_perfmon pebs bts nopl xtopology nonstop_tsc aperfmperf eagerfpu pni pclmulqdq dtes64 monitor ds_cpl vmx est tm2 ssse3 cx16 xtpr pdcm pcid sse4_1 sse4_2 x2apic popcnt tsc_deadline_timer aes xsave avx lahf_lm epb tpr_shadow vnmi flexpriority ept vpid xsaveopt dtherm ida arat pln pts
bugs		:
bogomips	: 3192.49
clflush size	: 64
cache_alignment	: 64
address sizes	: 36 bits physical, 48 bits virtual
power management:

processor	: 3
vendor_id	: GenuineIntel
cpu family	: 6
model		: 42
model name	: Intel(R) Core(TM) i5-2467M CPU @ 1.60GHz
stepping	: 7
microcode	: 0x17
cpu MHz		: 2000.000
cache size	: 3072 KB
physical id	: 0
siblings	: 4
core id		: 1
cpu cores	: 2
apicid		: 3
initial apicid	: 3
fpu		: yes
fpu_exception	: yes
cpuid level	: 13
wp		: yes
flags		: fpu vme de pse tsc msr pae mce cx8 apic sep mtrr pge mca cmov pat pse36 clflush dts acpi mmx fxsr sse sse2 ss ht tm pbe syscall nx rdtscp lm constant_tsc arch_perfmon pebs bts nopl xtopology nonstop_tsc aperfmperf eagerfpu pni pclmulqdq dtes64 monitor ds_cpl vmx est tm2 ssse3 cx16 xtpr pdcm pcid sse4_1 sse4_2 x2apic popcnt tsc_deadline_timer aes xsave avx lahf_lm epb tpr_shadow vnmi flexpriority ept vpid xsaveopt dtherm ida arat pln pts
bugs		:
bogomips	: 3192.49
clflush size	: 64
cache_alignment	: 64
address sizes	: 36 bits physical, 48 bits virtual
power management:



Memory: 4k page, physical 3957244k(92452k free), swap 4105212k(0k free)

vm_info: Java HotSpot(TM) 64-Bit Server VM (25.101-b13) for linux-amd64 JRE (1.8.0_101-b13), built on Jun 22 2016 02:59:44 by "java_re" with gcc 4.3.0 20080428 (Red Hat 4.3.0-8)

time: Sun Sep 18 02:23:34 2016
elapsed time: 26 seconds (0d 0h 0m 26s)

