#
# There is insufficient memory for the Java Runtime Environment to continue.
# Native memory allocation (mmap) failed to map 144703488 bytes for committing reserved memory.
# Possible reasons:
#   The system is out of physical RAM or swap space
#   In 32 bit mode, the process size limit was hit
# Possible solutions:
#   Reduce memory load on the system
#   Increase physical memory or swap space
#   Check if swap backing store is full
#   Use 64 bit Java on a 64 bit OS
#   Decrease Java heap size (-Xmx/-Xms)
#   Decrease number of Java threads
#   Decrease Java thread stack sizes (-Xss)
#   Set larger code cache with -XX:ReservedCodeCacheSize=
# This output file may be truncated or incomplete.
#
#  Out of Memory Error (os_linux.cpp:2627), pid=11152, tid=0x00007efe6c233700
#
# JRE version: Java(TM) SE Runtime Environment (8.0_101-b13) (build 1.8.0_101-b13)
# Java VM: Java HotSpot(TM) 64-Bit Server VM (25.101-b13 mixed mode linux-amd64 compressed oops)
# Failed to write core dump. Core dumps have been disabled. To enable core dumping, try "ulimit -c unlimited" before starting Java again
#

---------------  T H R E A D  ---------------

Current thread (0x00007efe68078000):  VMThread [stack: 0x00007efe6c133000,0x00007efe6c234000] [id=11161]

Stack: [0x00007efe6c133000,0x00007efe6c234000],  sp=0x00007efe6c232120,  free space=1020k
Native frames: (J=compiled Java code, j=interpreted, Vv=VM code, C=native code)
V  [libjvm.so+0xac3f0a]  VMError::report_and_die()+0x2ba
V  [libjvm.so+0x4fbf9b]  report_vm_out_of_memory(char const*, int, unsigned long, VMErrorType, char const*)+0x8b
V  [libjvm.so+0x9222d3]  os::Linux::commit_memory_impl(char*, unsigned long, bool)+0x103
V  [libjvm.so+0x922829]  os::pd_commit_memory(char*, unsigned long, unsigned long, bool)+0x29
V  [libjvm.so+0x91cb2a]  os::commit_memory(char*, unsigned long, unsigned long, bool)+0x2a
V  [libjvm.so+0x991053]  PSVirtualSpace::expand_by(unsigned long)+0x53
V  [libjvm.so+0x992458]  PSYoungGen::resize_generation(unsigned long, unsigned long)+0xf8
V  [libjvm.so+0x9915b2]  PSYoungGen::resize(unsigned long, unsigned long)+0x22
V  [libjvm.so+0x98e88b]  PSScavenge::invoke_no_policy()+0xf3b
V  [libjvm.so+0x98f011]  PSScavenge::invoke()+0x41
V  [libjvm.so+0x945fc0]  ParallelScavengeHeap::failed_mem_allocate(unsigned long)+0x70
V  [libjvm.so+0xac5927]  VM_ParallelGCFailedAllocation::doit()+0x97
V  [libjvm.so+0xacd405]  VM_Operation::evaluate()+0x55
V  [libjvm.so+0xacb7da]  VMThread::evaluate_operation(VM_Operation*)+0xba
V  [libjvm.so+0xacbb5e]  VMThread::loop()+0x1ce
V  [libjvm.so+0xacbfd0]  VMThread::run()+0x70
V  [libjvm.so+0x924698]  java_start(Thread*)+0x108

VM_Operation (0x00007efe718f9620): ParallelGCFailedAllocation, mode: safepoint, requested by thread 0x00007efe6800a000


---------------  P R O C E S S  ---------------

Java Threads: ( => current thread )
  0x00007efe6815d800 JavaThread "pool-1-thread-4" [_thread_blocked, id=11193, stack(0x00007efe519fa000,0x00007efe51afb000)]
  0x00007efe6815c000 JavaThread "pool-1-thread-3" [_thread_blocked, id=11192, stack(0x00007efe51afb000,0x00007efe51bfc000)]
  0x00007efe6815a800 JavaThread "pool-1-thread-2" [_thread_blocked, id=11191, stack(0x00007efe51bfc000,0x00007efe51cfd000)]
  0x00007efe6814f000 JavaThread "pool-2-thread-1" [_thread_blocked, id=11190, stack(0x00007efe51cfd000,0x00007efe51dfe000)]
  0x00007efe6814d000 JavaThread "pool-1-thread-1" [_thread_blocked, id=11189, stack(0x00007efe51dfe000,0x00007efe51eff000)]
  0x00007efe680c0000 JavaThread "Service Thread" daemon [_thread_blocked, id=11168, stack(0x00007efe5803b000,0x00007efe5813c000)]
  0x00007efe680bd000 JavaThread "C1 CompilerThread2" daemon [_thread_blocked, id=11167, stack(0x00007efe5813c000,0x00007efe5823d000)]
  0x00007efe680bb800 JavaThread "C2 CompilerThread1" daemon [_thread_blocked, id=11166, stack(0x00007efe5823d000,0x00007efe5833e000)]
  0x00007efe680b8800 JavaThread "C2 CompilerThread0" daemon [_thread_in_native, id=11165, stack(0x00007efe5833e000,0x00007efe5843f000)]
  0x00007efe680b7000 JavaThread "Signal Dispatcher" daemon [_thread_blocked, id=11164, stack(0x00007efe5843f000,0x00007efe58540000)]
  0x00007efe68084000 JavaThread "Finalizer" daemon [_thread_blocked, id=11163, stack(0x00007efe58eff000,0x00007efe59000000)]
  0x00007efe6807f800 JavaThread "Reference Handler" daemon [_thread_blocked, id=11162, stack(0x00007efe6c032000,0x00007efe6c133000)]
  0x00007efe6800a000 JavaThread "main" [_thread_blocked, id=11154, stack(0x00007efe717fb000,0x00007efe718fc000)]

Other Threads:
=>0x00007efe68078000 VMThread [stack: 0x00007efe6c133000,0x00007efe6c234000] [id=11161]
  0x00007efe680c3000 WatcherThread [stack: 0x00007efe51eff000,0x00007efe52000000] [id=11169]

VM state:at safepoint (normal execution)

VM Mutex/Monitor currently owned by a thread:  ([mutex/lock_event])
[0x00007efe68006510] Threads_lock - owner thread: 0x00007efe68078000
[0x00007efe68006a10] Heap_lock - owner thread: 0x00007efe6800a000

Heap:
 PSYoungGen      total 139776K, used 14332K [0x00000000eab00000, 0x00000000f4300000, 0x0000000100000000)
  eden space 125440K, 0% used [0x00000000eab00000,0x00000000eab00000,0x00000000f2580000)
  from space 14336K, 99% used [0x00000000f2580000,0x00000000f337f158,0x00000000f3380000)
  to   space 12800K, 0% used [0x00000000f3380000,0x00000000f3380000,0x00000000f4000000)
 ParOldGen       total 42496K, used 34179K [0x00000000c0000000, 0x00000000c2980000, 0x00000000eab00000)
  object space 42496K, 80% used [0x00000000c0000000,0x00000000c2160c70,0x00000000c2980000)
 Metaspace       used 6156K, capacity 7152K, committed 7296K, reserved 1056768K
  class space    used 600K, capacity 616K, committed 640K, reserved 1048576K

Card table byte_map: [0x00007efe6e39e000,0x00007efe6e59f000] byte_map_base: 0x00007efe6dd9e000

Marking Bits: (ParMarkBitMap*) 0x00007efe70cc7120
 Begin Bits: [0x00007efe52000000, 0x00007efe53000000)
 End Bits:   [0x00007efe53000000, 0x00007efe54000000)

Polling page: 0x00007efe71916000

CodeCache: size=245760Kb used=6931Kb max_used=6931Kb free=238828Kb
 bounds [0x00007efe59000000, 0x00007efe596d0000, 0x00007efe68000000]
 total_blobs=1986 nmethods=1723 adapters=176
 compilation: enabled

Compilation events (10 events):
Event: 13.211 Thread 0x00007efe680bd000 2218       2       com.android.dx.ssa.back.FirstFitLocalCombiningAllocator::ssaSetToSpecs (57 bytes)
Event: 13.214 Thread 0x00007efe680bd000 nmethod 2218 0x00007efe596c5610 code [0x00007efe596c5820, 0x00007efe596c6038]
Event: 13.381 Thread 0x00007efe680bd000 2219   !   2       com.android.dx.cf.code.ExecutionStack::change (116 bytes)
Event: 13.389 Thread 0x00007efe680bd000 nmethod 2219 0x00007efe596c6a10 code [0x00007efe596c6ca0, 0x00007efe596c7718]
Event: 13.649 Thread 0x00007efe680bd000 2220       2       com.android.dx.rop.code.SwitchInsn::<init> (49 bytes)
Event: 13.649 Thread 0x00007efe680bd000 nmethod 2220 0x00007efe596c8050 code [0x00007efe596c81e0, 0x00007efe596c84e8]
Event: 13.759 Thread 0x00007efe680bd000 2222       2       com.android.dx.ssa.PhiInsn::updateSourcesToDefinitions (68 bytes)
Event: 13.761 Thread 0x00007efe680bd000 nmethod 2222 0x00007efe596c8690 code [0x00007efe596c8840, 0x00007efe596c8c18]
Event: 13.815 Thread 0x00007efe680bd000 2223       3       com.android.dx.rop.code.LocalVariableExtractor::doit (49 bytes)
Event: 13.816 Thread 0x00007efe680bd000 nmethod 2223 0x00007efe596c8fd0 code [0x00007efe596c9180, 0x00007efe596c9638]

GC Heap History (10 events):
Event: 3.646 GC heap after
Heap after GC invocations=2 (full 0):
 PSYoungGen      total 34304K, used 2551K [0x00000000eab00000, 0x00000000ecf00000, 0x0000000100000000)
  eden space 31744K, 0% used [0x00000000eab00000,0x00000000eab00000,0x00000000eca00000)
  from space 2560K, 99% used [0x00000000ecc80000,0x00000000ecefdc60,0x00000000ecf00000)
  to   space 2560K, 0% used [0x00000000eca00000,0x00000000eca00000,0x00000000ecc80000)
 ParOldGen       total 42496K, used 2552K [0x00000000c0000000, 0x00000000c2980000, 0x00000000eab00000)
  object space 42496K, 6% used [0x00000000c0000000,0x00000000c027e190,0x00000000c2980000)
 Metaspace       used 5655K, capacity 6768K, committed 7040K, reserved 1056768K
  class space    used 580K, capacity 616K, committed 640K, reserved 1048576K
}
Event: 5.965 GC heap before
{Heap before GC invocations=3 (full 0):
 PSYoungGen      total 34304K, used 34295K [0x00000000eab00000, 0x00000000ecf00000, 0x0000000100000000)
  eden space 31744K, 100% used [0x00000000eab00000,0x00000000eca00000,0x00000000eca00000)
  from space 2560K, 99% used [0x00000000ecc80000,0x00000000ecefdc60,0x00000000ecf00000)
  to   space 2560K, 0% used [0x00000000eca00000,0x00000000eca00000,0x00000000ecc80000)
 ParOldGen       total 42496K, used 2552K [0x00000000c0000000, 0x00000000c2980000, 0x00000000eab00000)
  object space 42496K, 6% used [0x00000000c0000000,0x00000000c027e190,0x00000000c2980000)
 Metaspace       used 5803K, capacity 6896K, committed 7040K, reserved 1056768K
  class space    used 580K, capacity 616K, committed 640K, reserved 1048576K
Event: 6.033 GC heap after
Heap after GC invocations=3 (full 0):
 PSYoungGen      total 34304K, used 2528K [0x00000000eab00000, 0x00000000eee00000, 0x0000000100000000)
  eden space 31744K, 0% used [0x00000000eab00000,0x00000000eab00000,0x00000000eca00000)
  from space 2560K, 98% used [0x00000000eca00000,0x00000000ecc781e8,0x00000000ecc80000)
  to   space 2560K, 0% used [0x00000000eeb80000,0x00000000eeb80000,0x00000000eee00000)
 ParOldGen       total 42496K, used 7195K [0x00000000c0000000, 0x00000000c2980000, 0x00000000eab00000)
  object space 42496K, 16% used [0x00000000c0000000,0x00000000c0706e48,0x00000000c2980000)
 Metaspace       used 5803K, capacity 6896K, committed 7040K, reserved 1056768K
  class space    used 580K, capacity 616K, committed 640K, reserved 1048576K
}
Event: 6.655 GC heap before
{Heap before GC invocations=4 (full 0):
 PSYoungGen      total 34304K, used 34272K [0x00000000eab00000, 0x00000000eee00000, 0x0000000100000000)
  eden space 31744K, 100% used [0x00000000eab00000,0x00000000eca00000,0x00000000eca00000)
  from space 2560K, 98% used [0x00000000eca00000,0x00000000ecc781e8,0x00000000ecc80000)
  to   space 2560K, 0% used [0x00000000eeb80000,0x00000000eeb80000,0x00000000eee00000)
 ParOldGen       total 42496K, used 7195K [0x00000000c0000000, 0x00000000c2980000, 0x00000000eab00000)
  object space 42496K, 16% used [0x00000000c0000000,0x00000000c0706e48,0x00000000c2980000)
 Metaspace       used 5809K, capacity 6896K, committed 7040K, reserved 1056768K
  class space    used 580K, capacity 616K, committed 640K, reserved 1048576K
Event: 6.729 GC heap after
Heap after GC invocations=4 (full 0):
 PSYoungGen      total 66048K, used 2548K [0x00000000eab00000, 0x00000000eee00000, 0x0000000100000000)
  eden space 63488K, 0% used [0x00000000eab00000,0x00000000eab00000,0x00000000ee900000)
  from space 2560K, 99% used [0x00000000eeb80000,0x00000000eedfd038,0x00000000eee00000)
  to   space 2560K, 0% used [0x00000000ee900000,0x00000000ee900000,0x00000000eeb80000)
 ParOldGen       total 42496K, used 11899K [0x00000000c0000000, 0x00000000c2980000, 0x00000000eab00000)
  object space 42496K, 28% used [0x00000000c0000000,0x00000000c0b9ee40,0x00000000c2980000)
 Metaspace       used 5809K, capacity 6896K, committed 7040K, reserved 1056768K
  class space    used 580K, capacity 616K, committed 640K, reserved 1048576K
}
Event: 8.045 GC heap before
{Heap before GC invocations=5 (full 0):
 PSYoungGen      total 66048K, used 66036K [0x00000000eab00000, 0x00000000eee00000, 0x0000000100000000)
  eden space 63488K, 100% used [0x00000000eab00000,0x00000000ee900000,0x00000000ee900000)
  from space 2560K, 99% used [0x00000000eeb80000,0x00000000eedfd038,0x00000000eee00000)
  to   space 2560K, 0% used [0x00000000ee900000,0x00000000ee900000,0x00000000eeb80000)
 ParOldGen       total 42496K, used 11899K [0x00000000c0000000, 0x00000000c2980000, 0x00000000eab00000)
  object space 42496K, 28% used [0x00000000c0000000,0x00000000c0b9ee40,0x00000000c2980000)
 Metaspace       used 5844K, capacity 6960K, committed 7040K, reserved 1056768K
  class space    used 581K, capacity 616K, committed 640K, reserved 1048576K
Event: 8.157 GC heap after
Heap after GC invocations=5 (full 0):
 PSYoungGen      total 66048K, used 2545K [0x00000000eab00000, 0x00000000f4000000, 0x0000000100000000)
  eden space 63488K, 0% used [0x00000000eab00000,0x00000000eab00000,0x00000000ee900000)
  from space 2560K, 99% used [0x00000000ee900000,0x00000000eeb7c798,0x00000000eeb80000)
  to   space 12800K, 0% used [0x00000000f3380000,0x00000000f3380000,0x00000000f4000000)
 ParOldGen       total 42496K, used 21589K [0x00000000c0000000, 0x00000000c2980000, 0x00000000eab00000)
  object space 42496K, 50% used [0x00000000c0000000,0x00000000c1515530,0x00000000c2980000)
 Metaspace       used 5844K, capacity 6960K, committed 7040K, reserved 1056768K
  class space    used 581K, capacity 616K, committed 640K, reserved 1048576K
}
Event: 9.395 GC heap before
{Heap before GC invocations=6 (full 0):
 PSYoungGen      total 66048K, used 66033K [0x00000000eab00000, 0x00000000f4000000, 0x0000000100000000)
  eden space 63488K, 100% used [0x00000000eab00000,0x00000000ee900000,0x00000000ee900000)
  from space 2560K, 99% used [0x00000000ee900000,0x00000000eeb7c798,0x00000000eeb80000)
  to   space 12800K, 0% used [0x00000000f3380000,0x00000000f3380000,0x00000000f4000000)
 ParOldGen       total 42496K, used 21589K [0x00000000c0000000, 0x00000000c2980000, 0x00000000eab00000)
  object space 42496K, 50% used [0x00000000c0000000,0x00000000c1515530,0x00000000c2980000)
 Metaspace       used 5963K, capacity 6960K, committed 7040K, reserved 1056768K
  class space    used 600K, capacity 616K, committed 640K, reserved 1048576K
Event: 9.584 GC heap after
Heap after GC invocations=6 (full 0):
 PSYoungGen      total 138240K, used 11023K [0x00000000eab00000, 0x00000000f4300000, 0x0000000100000000)
  eden space 125440K, 0% used [0x00000000eab00000,0x00000000eab00000,0x00000000f2580000)
  from space 12800K, 86% used [0x00000000f3380000,0x00000000f3e43e68,0x00000000f4000000)
  to   space 14336K, 0% used [0x00000000f2580000,0x00000000f2580000,0x00000000f3380000)
 ParOldGen       total 42496K, used 21589K [0x00000000c0000000, 0x00000000c2980000, 0x00000000eab00000)
  object space 42496K, 50% used [0x00000000c0000000,0x00000000c1515530,0x00000000c2980000)
 Metaspace       used 5963K, capacity 6960K, committed 7040K, reserved 1056768K
  class space    used 600K, capacity 616K, committed 640K, reserved 1048576K
}
Event: 13.971 GC heap before
{Heap before GC invocations=7 (full 0):
 PSYoungGen      total 138240K, used 136463K [0x00000000eab00000, 0x00000000f4300000, 0x0000000100000000)
  eden space 125440K, 100% used [0x00000000eab00000,0x00000000f2580000,0x00000000f2580000)
  from space 12800K, 86% used [0x00000000f3380000,0x00000000f3e43e68,0x00000000f4000000)
  to   space 14336K, 0% used [0x00000000f2580000,0x00000000f2580000,0x00000000f3380000)
 ParOldGen       total 42496K, used 21589K [0x00000000c0000000, 0x00000000c2980000, 0x00000000eab00000)
  object space 42496K, 50% used [0x00000000c0000000,0x00000000c1515530,0x00000000c2980000)
 Metaspace       used 6156K, capacity 7152K, committed 7296K, reserved 1056768K
  class space    used 600K, capacity 616K, committed 640K, reserved 1048576K

Deoptimization events (10 events):
Event: 7.092 Thread 0x00007efe6815c000 Uncommon trap: reason=unstable_if action=reinterpret pc=0x00007efe59367b3c method=com.android.dx.ssa.SsaMethod.updateOneDefinition(Lcom/android/dx/ssa/SsaInsn;Lcom/android/dx/rop/code/RegisterSpec;)V @ 4
Event: 7.097 Thread 0x00007efe6815a800 Uncommon trap: reason=unstable_if action=reinterpret pc=0x00007efe5949e200 method=com.android.dx.ssa.SCCP.simulateStmt(Lcom/android/dx/ssa/SsaInsn;)V @ 53
Event: 8.579 Thread 0x00007efe6815a800 Uncommon trap: reason=bimorphic action=maybe_recompile pc=0x00007efe5922206c method=java.util.HashMap.getNode(ILjava/lang/Object;)Ljava/util/HashMap$Node; @ 126
Event: 8.579 Thread 0x00007efe6815a800 Uncommon trap: reason=bimorphic action=maybe_recompile pc=0x00007efe593bb5cc method=java.util.HashMap.putVal(ILjava/lang/Object;Ljava/lang/Object;ZZ)Ljava/lang/Object; @ 203
Event: 8.579 Thread 0x00007efe6815a800 Uncommon trap: reason=bimorphic action=maybe_recompile pc=0x00007efe593bb5cc method=java.util.HashMap.putVal(ILjava/lang/Object;Ljava/lang/Object;ZZ)Ljava/lang/Object; @ 203
Event: 8.596 Thread 0x00007efe6815a800 Uncommon trap: reason=unstable_if action=reinterpret pc=0x00007efe592c4e7c method=java.util.HashMap.putVal(ILjava/lang/Object;Ljava/lang/Object;ZZ)Ljava/lang/Object; @ 162
Event: 8.852 Thread 0x00007efe6815c000 Uncommon trap: reason=unstable_if action=reinterpret pc=0x00007efe593bb064 method=java.util.HashMap.putVal(ILjava/lang/Object;Ljava/lang/Object;ZZ)Ljava/lang/Object; @ 162
Event: 9.678 Thread 0x00007efe6815d800 Uncommon trap: reason=unstable_if action=reinterpret pc=0x00007efe59533a40 method=com.android.dx.ssa.MoveParamCombiner$1.visitNonMoveInsn(Lcom/android/dx/ssa/NormalSsaInsn;)V @ 27
Event: 10.555 Thread 0x00007efe6815a800 Uncommon trap: reason=unstable_if action=reinterpret pc=0x00007efe5936c848 method=com.android.dx.dex.code.OutputFinisher.hasLocalInfo(Lcom/android/dx/dex/code/DalvInsn;)Z @ 24
Event: 11.822 Thread 0x00007efe6815a800 Uncommon trap: reason=unstable_if action=reinterpret pc=0x00007efe59606568 method=com.android.dx.ssa.LiteralOpUpgrader$1.visitNonMoveInsn(Lcom/android/dx/ssa/NormalSsaInsn;)V @ 176

Internal exceptions (6 events):
Event: 0.089 Thread 0x00007efe6800a000 Exception <a 'java/lang/NoSuchMethodError': Method sun.misc.Unsafe.defineClass(Ljava/lang/String;[BII)Ljava/lang/Class; name or signature does not match> (0x00000000eab07cc0) thrown at [/HUDSON3/workspace/8-2-build-linux-amd64/jdk8u101/7261/hotspot/src/sh
Event: 0.089 Thread 0x00007efe6800a000 Exception <a 'java/lang/NoSuchMethodError': Method sun.misc.Unsafe.prefetchRead(Ljava/lang/Object;J)V name or signature does not match> (0x00000000eab07fa8) thrown at [/HUDSON3/workspace/8-2-build-linux-amd64/jdk8u101/7261/hotspot/src/share/vm/prims/jni.c
Event: 5.835 Thread 0x00007efe6815a800 Implicit null exception at 0x00007efe592b7b58 to 0x00007efe592baac1
Event: 8.662 Thread 0x00007efe6815a800 Exception <a 'java/lang/ArrayIndexOutOfBoundsException': 18> (0x00000000ec9c2e68) thrown at [/HUDSON3/workspace/8-2-build-linux-amd64/jdk8u101/7261/hotspot/src/share/vm/interpreter/interpreterRuntime.cpp, line 366]
Event: 8.662 Thread 0x00007efe6815a800 Exception <a 'java/lang/ArrayIndexOutOfBoundsException': 145> (0x00000000ec9c49e8) thrown at [/HUDSON3/workspace/8-2-build-linux-amd64/jdk8u101/7261/hotspot/src/share/vm/interpreter/interpreterRuntime.cpp, line 366]
Event: 8.681 Thread 0x00007efe6815a800 Exception <a 'java/lang/ArrayIndexOutOfBoundsException': 40> (0x00000000ec9c5cd0) thrown at [/HUDSON3/workspace/8-2-build-linux-amd64/jdk8u101/7261/hotspot/src/share/vm/interpreter/interpreterRuntime.cpp, line 366]

Events (10 events):
Event: 13.675 Thread 0x00007efe6800a000 DEOPT UNPACKING pc=0x00007efe59047633 sp=0x00007efe718f9448 mode 0
Event: 13.676 Thread 0x00007efe6800a000 DEOPT PACKING pc=0x00007efe5927080b sp=0x00007efe718f96d0
Event: 13.676 Thread 0x00007efe6800a000 DEOPT UNPACKING pc=0x00007efe59047633 sp=0x00007efe718f9448 mode 0
Event: 13.787 Thread 0x00007efe6800a000 DEOPT PACKING pc=0x00007efe5927080b sp=0x00007efe718f99a0
Event: 13.787 Thread 0x00007efe6800a000 DEOPT UNPACKING pc=0x00007efe59047633 sp=0x00007efe718f9718 mode 0
Event: 13.815 Thread 0x00007efe6800a000 DEOPT PACKING pc=0x00007efe5927080b sp=0x00007efe718f99a0
Event: 13.815 Thread 0x00007efe6800a000 DEOPT UNPACKING pc=0x00007efe59047633 sp=0x00007efe718f9718 mode 0
Event: 13.816 Thread 0x00007efe6800a000 DEOPT PACKING pc=0x00007efe59518643 sp=0x00007efe718f9b70
Event: 13.816 Thread 0x00007efe6800a000 DEOPT UNPACKING pc=0x00007efe59047633 sp=0x00007efe718f98e0 mode 0
Event: 13.971 Executing VM operation: ParallelGCFailedAllocation


Dynamic libraries:
00400000-00401000 r-xp 00000000 08:01 4989074                            /usr/lib/jvm/java-8-oracle/bin/java
00600000-00601000 rw-p 00000000 08:01 4989074                            /usr/lib/jvm/java-8-oracle/bin/java
0126d000-0128e000 rw-p 00000000 00:00 0                                  [heap]
c0000000-c2980000 rw-p 00000000 00:00 0 
c2980000-eab00000 ---p 00000000 00:00 0 
eab00000-f4300000 rw-p 00000000 00:00 0 
fcd00000-100000000 ---p 00000000 00:00 0 
100000000-1000a0000 rw-p 00000000 00:00 0 
1000a0000-140000000 ---p 00000000 00:00 0 
7efe0c000000-7efe0c024000 rw-p 00000000 00:00 0 
7efe0c024000-7efe10000000 ---p 00000000 00:00 0 
7efe10000000-7efe10021000 rw-p 00000000 00:00 0 
7efe10021000-7efe14000000 ---p 00000000 00:00 0 
7efe14000000-7efe14021000 rw-p 00000000 00:00 0 
7efe14021000-7efe18000000 ---p 00000000 00:00 0 
7efe18000000-7efe1802c000 rw-p 00000000 00:00 0 
7efe1802c000-7efe1c000000 ---p 00000000 00:00 0 
7efe1c000000-7efe1c021000 rw-p 00000000 00:00 0 
7efe1c021000-7efe20000000 ---p 00000000 00:00 0 
7efe20000000-7efe2002f000 rw-p 00000000 00:00 0 
7efe2002f000-7efe24000000 ---p 00000000 00:00 0 
7efe24000000-7efe2485b000 rw-p 00000000 00:00 0 
7efe2485b000-7efe28000000 ---p 00000000 00:00 0 
7efe28000000-7efe28021000 rw-p 00000000 00:00 0 
7efe28021000-7efe2c000000 ---p 00000000 00:00 0 
7efe2c000000-7efe2c98f000 rw-p 00000000 00:00 0 
7efe2c98f000-7efe30000000 ---p 00000000 00:00 0 
7efe30000000-7efe30876000 rw-p 00000000 00:00 0 
7efe30876000-7efe34000000 ---p 00000000 00:00 0 
7efe34000000-7efe34021000 rw-p 00000000 00:00 0 
7efe34021000-7efe38000000 ---p 00000000 00:00 0 
7efe38000000-7efe38021000 rw-p 00000000 00:00 0 
7efe38021000-7efe3c000000 ---p 00000000 00:00 0 
7efe3c000000-7efe3c28e000 rw-p 00000000 00:00 0 
7efe3c28e000-7efe40000000 ---p 00000000 00:00 0 
7efe40000000-7efe40021000 rw-p 00000000 00:00 0 
7efe40021000-7efe44000000 ---p 00000000 00:00 0 
7efe44000000-7efe44021000 rw-p 00000000 00:00 0 
7efe44021000-7efe48000000 ---p 00000000 00:00 0 
7efe48000000-7efe48021000 rw-p 00000000 00:00 0 
7efe48021000-7efe4c000000 ---p 00000000 00:00 0 
7efe4c000000-7efe4c021000 rw-p 00000000 00:00 0 
7efe4c021000-7efe50000000 ---p 00000000 00:00 0 
7efe519fa000-7efe519fd000 ---p 00000000 00:00 0 
7efe519fd000-7efe51afb000 rw-p 00000000 00:00 0 
7efe51afb000-7efe51afe000 ---p 00000000 00:00 0 
7efe51afe000-7efe51bfc000 rw-p 00000000 00:00 0 
7efe51bfc000-7efe51bff000 ---p 00000000 00:00 0 
7efe51bff000-7efe51cfd000 rw-p 00000000 00:00 0 
7efe51cfd000-7efe51d00000 ---p 00000000 00:00 0 
7efe51d00000-7efe51dfe000 rw-p 00000000 00:00 0 
7efe51dfe000-7efe51e01000 ---p 00000000 00:00 0 
7efe51e01000-7efe51eff000 rw-p 00000000 00:00 0 
7efe51eff000-7efe51f00000 ---p 00000000 00:00 0 
7efe51f00000-7efe54000000 rw-p 00000000 00:00 0 
7efe54000000-7efe54021000 rw-p 00000000 00:00 0 
7efe54021000-7efe58000000 ---p 00000000 00:00 0 
7efe5803b000-7efe5803e000 ---p 00000000 00:00 0 
7efe5803e000-7efe5813c000 rw-p 00000000 00:00 0 
7efe5813c000-7efe5813f000 ---p 00000000 00:00 0 
7efe5813f000-7efe5823d000 rw-p 00000000 00:00 0 
7efe5823d000-7efe58240000 ---p 00000000 00:00 0 
7efe58240000-7efe5833e000 rw-p 00000000 00:00 0 
7efe5833e000-7efe58341000 ---p 00000000 00:00 0 
7efe58341000-7efe5843f000 rw-p 00000000 00:00 0 
7efe5843f000-7efe58442000 ---p 00000000 00:00 0 
7efe58442000-7efe58540000 rw-p 00000000 00:00 0 
7efe58540000-7efe58eff000 r--p 00000000 08:01 4856948                    /usr/lib/locale/locale-archive
7efe58eff000-7efe58f02000 ---p 00000000 00:00 0 
7efe58f02000-7efe59000000 rw-p 00000000 00:00 0 
7efe59000000-7efe596d0000 rwxp 00000000 00:00 0 
7efe596d0000-7efe68000000 ---p 00000000 00:00 0 
7efe68000000-7efe6838d000 rw-p 00000000 00:00 0 
7efe6838d000-7efe6c000000 ---p 00000000 00:00 0 
7efe6c024000-7efe6c032000 r--s 000e0000 08:01 393397                     /home/foremost/Android/Sdk/build-tools/24.0.1/lib/dx.jar
7efe6c032000-7efe6c035000 ---p 00000000 00:00 0 
7efe6c035000-7efe6c133000 rw-p 00000000 00:00 0 
7efe6c133000-7efe6c134000 ---p 00000000 00:00 0 
7efe6c134000-7efe6d1f5000 rw-p 00000000 00:00 0 
7efe6d1f5000-7efe6d3ce000 r--s 03d29000 08:01 4989141                    /usr/lib/jvm/java-8-oracle/jre/lib/rt.jar
7efe6d3ce000-7efe6dac4000 rw-p 00000000 00:00 0 
7efe6dac4000-7efe6dc44000 ---p 00000000 00:00 0 
7efe6dc44000-7efe6de44000 rw-p 00000000 00:00 0 
7efe6de44000-7efe6de45000 ---p 00000000 00:00 0 
7efe6de45000-7efe6df45000 rw-p 00000000 00:00 0 
7efe6df45000-7efe6df46000 ---p 00000000 00:00 0 
7efe6df46000-7efe6e046000 rw-p 00000000 00:00 0 
7efe6e046000-7efe6e047000 ---p 00000000 00:00 0 
7efe6e047000-7efe6e147000 rw-p 00000000 00:00 0 
7efe6e147000-7efe6e148000 ---p 00000000 00:00 0 
7efe6e148000-7efe6e25d000 rw-p 00000000 00:00 0 
7efe6e25d000-7efe6e39e000 ---p 00000000 00:00 0 
7efe6e39e000-7efe6e3b3000 rw-p 00000000 00:00 0 
7efe6e3b3000-7efe6e4f3000 ---p 00000000 00:00 0 
7efe6e4f3000-7efe6e540000 rw-p 00000000 00:00 0 
7efe6e540000-7efe6e59e000 ---p 00000000 00:00 0 
7efe6e59e000-7efe6e5bb000 rw-p 00000000 00:00 0 
7efe6e5bb000-7efe6e95f000 ---p 00000000 00:00 0 
7efe6e95f000-7efe6e979000 r-xp 00000000 08:01 5114038                    /usr/lib/jvm/java-8-oracle/jre/lib/amd64/libzip.so
7efe6e979000-7efe6eb79000 ---p 0001a000 08:01 5114038                    /usr/lib/jvm/java-8-oracle/jre/lib/amd64/libzip.so
7efe6eb79000-7efe6eb7a000 rw-p 0001a000 08:01 5114038                    /usr/lib/jvm/java-8-oracle/jre/lib/amd64/libzip.so
7efe6eb7a000-7efe6eb85000 r-xp 00000000 08:01 4592218                    /lib/x86_64-linux-gnu/libnss_files-2.23.so
7efe6eb85000-7efe6ed84000 ---p 0000b000 08:01 4592218                    /lib/x86_64-linux-gnu/libnss_files-2.23.so
7efe6ed84000-7efe6ed85000 r--p 0000a000 08:01 4592218                    /lib/x86_64-linux-gnu/libnss_files-2.23.so
7efe6ed85000-7efe6ed86000 rw-p 0000b000 08:01 4592218                    /lib/x86_64-linux-gnu/libnss_files-2.23.so
7efe6ed86000-7efe6ed8c000 rw-p 00000000 00:00 0 
7efe6ed8c000-7efe6ed97000 r-xp 00000000 08:01 4592228                    /lib/x86_64-linux-gnu/libnss_nis-2.23.so
7efe6ed97000-7efe6ef96000 ---p 0000b000 08:01 4592228                    /lib/x86_64-linux-gnu/libnss_nis-2.23.so
7efe6ef96000-7efe6ef97000 r--p 0000a000 08:01 4592228                    /lib/x86_64-linux-gnu/libnss_nis-2.23.so
7efe6ef97000-7efe6ef98000 rw-p 0000b000 08:01 4592228                    /lib/x86_64-linux-gnu/libnss_nis-2.23.so
7efe6ef98000-7efe6efae000 r-xp 00000000 08:01 4592212                    /lib/x86_64-linux-gnu/libnsl-2.23.so
7efe6efae000-7efe6f1ad000 ---p 00016000 08:01 4592212                    /lib/x86_64-linux-gnu/libnsl-2.23.so
7efe6f1ad000-7efe6f1ae000 r--p 00015000 08:01 4592212                    /lib/x86_64-linux-gnu/libnsl-2.23.so
7efe6f1ae000-7efe6f1af000 rw-p 00016000 08:01 4592212                    /lib/x86_64-linux-gnu/libnsl-2.23.so
7efe6f1af000-7efe6f1b1000 rw-p 00000000 00:00 0 
7efe6f1b1000-7efe6f1b9000 r-xp 00000000 08:01 4592214                    /lib/x86_64-linux-gnu/libnss_compat-2.23.so
7efe6f1b9000-7efe6f3b8000 ---p 00008000 08:01 4592214                    /lib/x86_64-linux-gnu/libnss_compat-2.23.so
7efe6f3b8000-7efe6f3b9000 r--p 00007000 08:01 4592214                    /lib/x86_64-linux-gnu/libnss_compat-2.23.so
7efe6f3b9000-7efe6f3ba000 rw-p 00008000 08:01 4592214                    /lib/x86_64-linux-gnu/libnss_compat-2.23.so
7efe6f3ba000-7efe6f3e4000 r-xp 00000000 08:01 5114067                    /usr/lib/jvm/java-8-oracle/jre/lib/amd64/libjava.so
7efe6f3e4000-7efe6f5e4000 ---p 0002a000 08:01 5114067                    /usr/lib/jvm/java-8-oracle/jre/lib/amd64/libjava.so
7efe6f5e4000-7efe6f5e6000 rw-p 0002a000 08:01 5114067                    /usr/lib/jvm/java-8-oracle/jre/lib/amd64/libjava.so
7efe6f5e6000-7efe6f5f3000 r-xp 00000000 08:01 5114018                    /usr/lib/jvm/java-8-oracle/jre/lib/amd64/libverify.so
7efe6f5f3000-7efe6f7f3000 ---p 0000d000 08:01 5114018                    /usr/lib/jvm/java-8-oracle/jre/lib/amd64/libverify.so
7efe6f7f3000-7efe6f7f5000 rw-p 0000d000 08:01 5114018                    /usr/lib/jvm/java-8-oracle/jre/lib/amd64/libverify.so
7efe6f7f5000-7efe6f7fc000 r-xp 00000000 08:01 4592273                    /lib/x86_64-linux-gnu/librt-2.23.so
7efe6f7fc000-7efe6f9fb000 ---p 00007000 08:01 4592273                    /lib/x86_64-linux-gnu/librt-2.23.so
7efe6f9fb000-7efe6f9fc000 r--p 00006000 08:01 4592273                    /lib/x86_64-linux-gnu/librt-2.23.so
7efe6f9fc000-7efe6f9fd000 rw-p 00007000 08:01 4592273                    /lib/x86_64-linux-gnu/librt-2.23.so
7efe6f9fd000-7efe6fb05000 r-xp 00000000 08:01 4592189                    /lib/x86_64-linux-gnu/libm-2.23.so
7efe6fb05000-7efe6fd04000 ---p 00108000 08:01 4592189                    /lib/x86_64-linux-gnu/libm-2.23.so
7efe6fd04000-7efe6fd05000 r--p 00107000 08:01 4592189                    /lib/x86_64-linux-gnu/libm-2.23.so
7efe6fd05000-7efe6fd06000 rw-p 00108000 08:01 4592189                    /lib/x86_64-linux-gnu/libm-2.23.so
7efe6fd06000-7efe709d1000 r-xp 00000000 08:01 5114071                    /usr/lib/jvm/java-8-oracle/jre/lib/amd64/server/libjvm.so
7efe709d1000-7efe70bd0000 ---p 00ccb000 08:01 5114071                    /usr/lib/jvm/java-8-oracle/jre/lib/amd64/server/libjvm.so
7efe70bd0000-7efe70ca9000 rw-p 00cca000 08:01 5114071                    /usr/lib/jvm/java-8-oracle/jre/lib/amd64/server/libjvm.so
7efe70ca9000-7efe70cf4000 rw-p 00000000 00:00 0 
7efe70cf4000-7efe70eb4000 r-xp 00000000 08:01 4592119                    /lib/x86_64-linux-gnu/libc-2.23.so
7efe70eb4000-7efe710b3000 ---p 001c0000 08:01 4592119                    /lib/x86_64-linux-gnu/libc-2.23.so
7efe710b3000-7efe710b7000 r--p 001bf000 08:01 4592119                    /lib/x86_64-linux-gnu/libc-2.23.so
7efe710b7000-7efe710b9000 rw-p 001c3000 08:01 4592119                    /lib/x86_64-linux-gnu/libc-2.23.so
7efe710b9000-7efe710bd000 rw-p 00000000 00:00 0 
7efe710bd000-7efe710c0000 r-xp 00000000 08:01 4592143                    /lib/x86_64-linux-gnu/libdl-2.23.so
7efe710c0000-7efe712bf000 ---p 00003000 08:01 4592143                    /lib/x86_64-linux-gnu/libdl-2.23.so
7efe712bf000-7efe712c0000 r--p 00002000 08:01 4592143                    /lib/x86_64-linux-gnu/libdl-2.23.so
7efe712c0000-7efe712c1000 rw-p 00003000 08:01 4592143                    /lib/x86_64-linux-gnu/libdl-2.23.so
7efe712c1000-7efe712d6000 r-xp 00000000 08:01 4988293                    /usr/lib/jvm/java-8-oracle/lib/amd64/jli/libjli.so
7efe712d6000-7efe714d6000 ---p 00015000 08:01 4988293                    /usr/lib/jvm/java-8-oracle/lib/amd64/jli/libjli.so
7efe714d6000-7efe714d7000 rw-p 00015000 08:01 4988293                    /usr/lib/jvm/java-8-oracle/lib/amd64/jli/libjli.so
7efe714d7000-7efe714ef000 r-xp 00000000 08:01 4592265                    /lib/x86_64-linux-gnu/libpthread-2.23.so
7efe714ef000-7efe716ee000 ---p 00018000 08:01 4592265                    /lib/x86_64-linux-gnu/libpthread-2.23.so
7efe716ee000-7efe716ef000 r--p 00017000 08:01 4592265                    /lib/x86_64-linux-gnu/libpthread-2.23.so
7efe716ef000-7efe716f0000 rw-p 00018000 08:01 4592265                    /lib/x86_64-linux-gnu/libpthread-2.23.so
7efe716f0000-7efe716f4000 rw-p 00000000 00:00 0 
7efe716f4000-7efe7171a000 r-xp 00000000 08:01 4592091                    /lib/x86_64-linux-gnu/ld-2.23.so
7efe71722000-7efe717fb000 rw-p 00000000 00:00 0 
7efe717fb000-7efe717fe000 ---p 00000000 00:00 0 
7efe717fe000-7efe71900000 rw-p 00000000 00:00 0 
7efe71902000-7efe7190d000 r--s 00097000 08:01 393711                     /home/foremost/Android Projects/RestaurantMate/app/build/intermediates/exploded-aar/com.android.support/appcompat-v7/24.2.1/jars/classes.jar
7efe7190d000-7efe71915000 rw-s 00000000 08:01 6692081                    /tmp/hsperfdata_foremost/11152
7efe71915000-7efe71916000 rw-p 00000000 00:00 0 
7efe71916000-7efe71917000 ---p 00000000 00:00 0 
7efe71917000-7efe71919000 rw-p 00000000 00:00 0 
7efe71919000-7efe7191a000 r--p 00025000 08:01 4592091                    /lib/x86_64-linux-gnu/ld-2.23.so
7efe7191a000-7efe7191b000 rw-p 00026000 08:01 4592091                    /lib/x86_64-linux-gnu/ld-2.23.so
7efe7191b000-7efe7191c000 rw-p 00000000 00:00 0 
7ffe7b0bd000-7ffe7b0de000 rw-p 00000000 00:00 0                          [stack]
7ffe7b18b000-7ffe7b18d000 r--p 00000000 00:00 0                          [vvar]
7ffe7b18d000-7ffe7b18f000 r-xp 00000000 00:00 0                          [vdso]
ffffffffff600000-ffffffffff601000 r-xp 00000000 00:00 0                  [vsyscall]

VM Arguments:
jvm_args: -Djava.awt.headless=true -Xmx1024M -Dfile.encoding=UTF-8 -Duser.country=US -Duser.language=en -Duser.variant 
java_command: com.android.dx.command.Main --dex --force-jumbo --num-threads=4 --output /home/foremost/Android Projects/RestaurantMate/app/build/intermediates/pre-dexed/debug/com.android.support-appcompat-v7-24.2.1_6beafd6bec11503b9bc511a3ae97a461edf0b42d.jar /home/foremost/Android Projects/RestaurantMate/app/build/intermediates/exploded-aar/com.android.support/appcompat-v7/24.2.1/jars/classes.jar
java_class_path (initial): /home/foremost/Android/Sdk/build-tools/24.0.1/lib/dx.jar
Launcher Type: SUN_STANDARD

Environment Variables:
JAVA_HOME=/usr/lib/jvm/java-8-oracle
PATH=/home/foremost/bin:/home/foremost/.local/bin:/usr/local/sbin:/usr/local/bin:/usr/sbin:/usr/bin:/sbin:/bin:/usr/games:/usr/local/games:/snap/bin:/usr/lib/jvm/java-8-oracle/bin:/usr/lib/jvm/java-8-oracle/db/bin:/usr/lib/jvm/java-8-oracle/jre/bin
SHELL=/bin/bash
DISPLAY=:0

Signal Handlers:
SIGSEGV: [libjvm.so+0xac4790], sa_mask[0]=11111111011111111101111111111110, sa_flags=SA_RESTART|SA_SIGINFO
SIGBUS: [libjvm.so+0xac4790], sa_mask[0]=11111111011111111101111111111110, sa_flags=SA_RESTART|SA_SIGINFO
SIGFPE: [libjvm.so+0x91f140], sa_mask[0]=11111111011111111101111111111110, sa_flags=SA_RESTART|SA_SIGINFO
SIGPIPE: [libjvm.so+0x91f140], sa_mask[0]=11111111011111111101111111111110, sa_flags=SA_RESTART|SA_SIGINFO
SIGXFSZ: [libjvm.so+0x91f140], sa_mask[0]=11111111011111111101111111111110, sa_flags=SA_RESTART|SA_SIGINFO
SIGILL: [libjvm.so+0x91f140], sa_mask[0]=11111111011111111101111111111110, sa_flags=SA_RESTART|SA_SIGINFO
SIGUSR1: SIG_DFL, sa_mask[0]=00000000000000000000000000000000, sa_flags=none
SIGUSR2: [libjvm.so+0x920770], sa_mask[0]=00100000000000000000000000000000, sa_flags=SA_RESTART|SA_SIGINFO
SIGHUP: [libjvm.so+0x921b70], sa_mask[0]=11111111011111111101111111111110, sa_flags=SA_RESTART|SA_SIGINFO
SIGINT: [libjvm.so+0x921b70], sa_mask[0]=11111111011111111101111111111110, sa_flags=SA_RESTART|SA_SIGINFO
SIGTERM: [libjvm.so+0x921b70], sa_mask[0]=11111111011111111101111111111110, sa_flags=SA_RESTART|SA_SIGINFO
SIGQUIT: [libjvm.so+0x921b70], sa_mask[0]=11111111011111111101111111111110, sa_flags=SA_RESTART|SA_SIGINFO


---------------  S Y S T E M  ---------------

OS:DISTRIB_ID=Ubuntu
DISTRIB_RELEASE=16.04
DISTRIB_CODENAME=xenial
DISTRIB_DESCRIPTION="Ubuntu 16.04.1 LTS"

uname:Linux 4.4.0-36-generic #55-Ubuntu SMP Thu Aug 11 18:01:55 UTC 2016 x86_64
libc:glibc 2.23 NPTL 2.23 
rlimit: STACK 8192k, CORE 0k, NPROC 15307, NOFILE 65536, AS infinity
load average:12.00 7.40 3.71

/proc/meminfo:
MemTotal:        3957244 kB
MemFree:          121260 kB
MemAvailable:      33784 kB
Buffers:            2060 kB
Cached:           301048 kB
SwapCached:         2016 kB
Active:          2856388 kB
Inactive:         788092 kB
Active(anon):    2841312 kB
Inactive(anon):   773464 kB
Active(file):      15076 kB
Inactive(file):    14628 kB
Unevictable:          32 kB
Mlocked:              32 kB
SwapTotal:       4105212 kB
SwapFree:              8 kB
Dirty:               352 kB
Writeback:             4 kB
AnonPages:       3341000 kB
Mapped:            31628 kB
Shmem:            272800 kB
Slab:              78524 kB
SReclaimable:      37700 kB
SUnreclaim:        40824 kB
KernelStack:       12544 kB
PageTables:        52208 kB
NFS_Unstable:          0 kB
Bounce:                0 kB
WritebackTmp:          0 kB
CommitLimit:     6083832 kB
Committed_AS:   13361768 kB
VmallocTotal:   34359738367 kB
VmallocUsed:           0 kB
VmallocChunk:          0 kB
HardwareCorrupted:     0 kB
AnonHugePages:   1099776 kB
CmaTotal:              0 kB
CmaFree:               0 kB
HugePages_Total:       0
HugePages_Free:        0
HugePages_Rsvd:        0
HugePages_Surp:        0
Hugepagesize:       2048 kB
DirectMap4k:      163776 kB
DirectMap2M:     3942400 kB


CPU:total 4 (2 cores per cpu, 2 threads per core) family 6 model 42 stepping 7, cmov, cx8, fxsr, mmx, sse, sse2, sse3, ssse3, sse4.1, sse4.2, popcnt, avx, aes, clmul, ht, tsc, tscinvbit

/proc/cpuinfo:
processor	: 0
vendor_id	: GenuineIntel
cpu family	: 6
model		: 42
model name	: Intel(R) Core(TM) i5-2467M CPU @ 1.60GHz
stepping	: 7
microcode	: 0x17
cpu MHz		: 1599.937
cache size	: 3072 KB
physical id	: 0
siblings	: 4
core id		: 0
cpu cores	: 2
apicid		: 0
initial apicid	: 0
fpu		: yes
fpu_exception	: yes
cpuid level	: 13
wp		: yes
flags		: fpu vme de pse tsc msr pae mce cx8 apic sep mtrr pge mca cmov pat pse36 clflush dts acpi mmx fxsr sse sse2 ss ht tm pbe syscall nx rdtscp lm constant_tsc arch_perfmon pebs bts nopl xtopology nonstop_tsc aperfmperf eagerfpu pni pclmulqdq dtes64 monitor ds_cpl vmx est tm2 ssse3 cx16 xtpr pdcm pcid sse4_1 sse4_2 x2apic popcnt tsc_deadline_timer aes xsave avx lahf_lm epb tpr_shadow vnmi flexpriority ept vpid xsaveopt dtherm ida arat pln pts
bugs		:
bogomips	: 3192.49
clflush size	: 64
cache_alignment	: 64
address sizes	: 36 bits physical, 48 bits virtual
power management:

processor	: 1
vendor_id	: GenuineIntel
cpu family	: 6
model		: 42
model name	: Intel(R) Core(TM) i5-2467M CPU @ 1.60GHz
stepping	: 7
microcode	: 0x17
cpu MHz		: 1600.000
cache size	: 3072 KB
physical id	: 0
siblings	: 4
core id		: 0
cpu cores	: 2
apicid		: 1
initial apicid	: 1
fpu		: yes
fpu_exception	: yes
cpuid level	: 13
wp		: yes
flags		: fpu vme de pse tsc msr pae mce cx8 apic sep mtrr pge mca cmov pat pse36 clflush dts acpi mmx fxsr sse sse2 ss ht tm pbe syscall nx rdtscp lm constant_tsc arch_perfmon pebs bts nopl xtopology nonstop_tsc aperfmperf eagerfpu pni pclmulqdq dtes64 monitor ds_cpl vmx est tm2 ssse3 cx16 xtpr pdcm pcid sse4_1 sse4_2 x2apic popcnt tsc_deadline_timer aes xsave avx lahf_lm epb tpr_shadow vnmi flexpriority ept vpid xsaveopt dtherm ida arat pln pts
bugs		:
bogomips	: 3192.49
clflush size	: 64
cache_alignment	: 64
address sizes	: 36 bits physical, 48 bits virtual
power management:

processor	: 2
vendor_id	: GenuineIntel
cpu family	: 6
model		: 42
model name	: Intel(R) Core(TM) i5-2467M CPU @ 1.60GHz
stepping	: 7
microcode	: 0x17
cpu MHz		: 1600.000
cache size	: 3072 KB
physical id	: 0
siblings	: 4
core id		: 1
cpu cores	: 2
apicid		: 2
initial apicid	: 2
fpu		: yes
fpu_exception	: yes
cpuid level	: 13
wp		: yes
flags		: fpu vme de pse tsc msr pae mce cx8 apic sep mtrr pge mca cmov pat pse36 clflush dts acpi mmx fxsr sse sse2 ss ht tm pbe syscall nx rdtscp lm constant_tsc arch_perfmon pebs bts nopl xtopology nonstop_tsc aperfmperf eagerfpu pni pclmulqdq dtes64 monitor ds_cpl vmx est tm2 ssse3 cx16 xtpr pdcm pcid sse4_1 sse4_2 x2apic popcnt tsc_deadline_timer aes xsave avx lahf_lm epb tpr_shadow vnmi flexpriority ept vpid xsaveopt dtherm ida arat pln pts
bugs		:
bogomips	: 3192.49
clflush size	: 64
cache_alignment	: 64
address sizes	: 36 bits physical, 48 bits virtual
power management:

processor	: 3
vendor_id	: GenuineIntel
cpu family	: 6
model		: 42
model name	: Intel(R) Core(TM) i5-2467M CPU @ 1.60GHz
stepping	: 7
microcode	: 0x17
cpu MHz		: 1599.937
cache size	: 3072 KB
physical id	: 0
siblings	: 4
core id		: 1
cpu cores	: 2
apicid		: 3
initial apicid	: 3
fpu		: yes
fpu_exception	: yes
cpuid level	: 13
wp		: yes
flags		: fpu vme de pse tsc msr pae mce cx8 apic sep mtrr pge mca cmov pat pse36 clflush dts acpi mmx fxsr sse sse2 ss ht tm pbe syscall nx rdtscp lm constant_tsc arch_perfmon pebs bts nopl xtopology nonstop_tsc aperfmperf eagerfpu pni pclmulqdq dtes64 monitor ds_cpl vmx est tm2 ssse3 cx16 xtpr pdcm pcid sse4_1 sse4_2 x2apic popcnt tsc_deadline_timer aes xsave avx lahf_lm epb tpr_shadow vnmi flexpriority ept vpid xsaveopt dtherm ida arat pln pts
bugs		:
bogomips	: 3192.49
clflush size	: 64
cache_alignment	: 64
address sizes	: 36 bits physical, 48 bits virtual
power management:



Memory: 4k page, physical 3957244k(121260k free), swap 4105212k(8k free)

vm_info: Java HotSpot(TM) 64-Bit Server VM (25.101-b13) for linux-amd64 JRE (1.8.0_101-b13), built on Jun 22 2016 02:59:44 by "java_re" with gcc 4.3.0 20080428 (Red Hat 4.3.0-8)

time: Sun Sep 18 02:26:44 2016
elapsed time: 14 seconds (0d 0h 0m 14s)

